2023-10-05T01:57:44.306Z [unhandledRejection] error: Error: Evaluation failed: TypeError: Cannot read properties of undefined (reading 'WidFactory')
    at __puppeteer_evaluation_script__:2:42
    at ExecutionContext._evaluateInternal (F:\IT\Web Development\MERN\portal\node_modules\puppeteer\lib\cjs\puppeteer\common\ExecutionContext.js:221:19)
    at runMicrotasks (<anonymous>)
    at processTicksAndRejections (node:internal/process/task_queues:96:5)
    at async ExecutionContext.evaluate (F:\IT\Web Development\MERN\portal\node_modules\puppeteer\lib\cjs\puppeteer\common\ExecutionContext.js:110:16)
    at async Client.sendMessage (F:\IT\Web Development\MERN\portal\node_modules\whatsapp-web.js\src\Client.js:870:28)
2023-10-05T01:57:44.310Z [unhandledRejection] error: Error: Evaluation failed: TypeError: Cannot read properties of undefined (reading 'WidFactory')
    at __puppeteer_evaluation_script__:2:42
    at ExecutionContext._evaluateInternal (F:\IT\Web Development\MERN\portal\node_modules\puppeteer\lib\cjs\puppeteer\common\ExecutionContext.js:221:19)
    at runMicrotasks (<anonymous>)
    at processTicksAndRejections (node:internal/process/task_queues:96:5)
    at async ExecutionContext.evaluate (F:\IT\Web Development\MERN\portal\node_modules\puppeteer\lib\cjs\puppeteer\common\ExecutionContext.js:110:16)
    at async Client.sendMessage (F:\IT\Web Development\MERN\portal\node_modules\whatsapp-web.js\src\Client.js:870:28)
2023-10-05T02:02:25.095Z [unhandledRejection] error: Error: Evaluation failed: TypeError: Cannot read properties of undefined (reading 'WidFactory')
    at __puppeteer_evaluation_script__:2:42
    at ExecutionContext._evaluateInternal (F:\IT\Web Development\MERN\portal\node_modules\puppeteer\lib\cjs\puppeteer\common\ExecutionContext.js:221:19)
    at processTicksAndRejections (node:internal/process/task_queues:96:5)
    at async ExecutionContext.evaluate (F:\IT\Web Development\MERN\portal\node_modules\puppeteer\lib\cjs\puppeteer\common\ExecutionContext.js:110:16)
    at async Client.sendMessage (F:\IT\Web Development\MERN\portal\node_modules\whatsapp-web.js\src\Client.js:870:28)
2023-10-05T02:02:25.104Z [unhandledRejection] error: Error: Evaluation failed: TypeError: Cannot read properties of undefined (reading 'WidFactory')
    at __puppeteer_evaluation_script__:2:42
    at ExecutionContext._evaluateInternal (F:\IT\Web Development\MERN\portal\node_modules\puppeteer\lib\cjs\puppeteer\common\ExecutionContext.js:221:19)
    at processTicksAndRejections (node:internal/process/task_queues:96:5)
    at async ExecutionContext.evaluate (F:\IT\Web Development\MERN\portal\node_modules\puppeteer\lib\cjs\puppeteer\common\ExecutionContext.js:110:16)
    at async Client.sendMessage (F:\IT\Web Development\MERN\portal\node_modules\whatsapp-web.js\src\Client.js:870:28)
2023-10-05T02:16:12.530Z [unhandledRejection] error: Error: Evaluation failed: TypeError: Cannot read properties of undefined (reading 'WidFactory')
    at __puppeteer_evaluation_script__:2:42
    at ExecutionContext._evaluateInternal (F:\IT\Web Development\MERN\portal\node_modules\puppeteer\lib\cjs\puppeteer\common\ExecutionContext.js:221:19)
    at processTicksAndRejections (node:internal/process/task_queues:96:5)
    at async ExecutionContext.evaluate (F:\IT\Web Development\MERN\portal\node_modules\puppeteer\lib\cjs\puppeteer\common\ExecutionContext.js:110:16)
    at async Client.sendMessage (F:\IT\Web Development\MERN\portal\node_modules\whatsapp-web.js\src\Client.js:870:28)
2023-10-05T02:16:12.562Z [unhandledRejection] error: Error: Evaluation failed: TypeError: Cannot read properties of undefined (reading 'WidFactory')
    at __puppeteer_evaluation_script__:2:42
    at ExecutionContext._evaluateInternal (F:\IT\Web Development\MERN\portal\node_modules\puppeteer\lib\cjs\puppeteer\common\ExecutionContext.js:221:19)
    at processTicksAndRejections (node:internal/process/task_queues:96:5)
    at async ExecutionContext.evaluate (F:\IT\Web Development\MERN\portal\node_modules\puppeteer\lib\cjs\puppeteer\common\ExecutionContext.js:110:16)
    at async Client.sendMessage (F:\IT\Web Development\MERN\portal\node_modules\whatsapp-web.js\src\Client.js:870:28)
2023-10-05T02:18:29.626Z [unhandledRejection] error: Error: Evaluation failed: TypeError: Cannot read properties of undefined (reading 'WidFactory')
    at __puppeteer_evaluation_script__:2:42
    at ExecutionContext._evaluateInternal (F:\IT\Web Development\MERN\portal\node_modules\puppeteer\lib\cjs\puppeteer\common\ExecutionContext.js:221:19)
    at processTicksAndRejections (node:internal/process/task_queues:96:5)
    at async ExecutionContext.evaluate (F:\IT\Web Development\MERN\portal\node_modules\puppeteer\lib\cjs\puppeteer\common\ExecutionContext.js:110:16)
    at async Client.sendMessage (F:\IT\Web Development\MERN\portal\node_modules\whatsapp-web.js\src\Client.js:870:28)
2023-10-05T02:18:29.628Z [unhandledRejection] error: Error: Evaluation failed: TypeError: Cannot read properties of undefined (reading 'WidFactory')
    at __puppeteer_evaluation_script__:2:42
    at ExecutionContext._evaluateInternal (F:\IT\Web Development\MERN\portal\node_modules\puppeteer\lib\cjs\puppeteer\common\ExecutionContext.js:221:19)
    at processTicksAndRejections (node:internal/process/task_queues:96:5)
    at async ExecutionContext.evaluate (F:\IT\Web Development\MERN\portal\node_modules\puppeteer\lib\cjs\puppeteer\common\ExecutionContext.js:110:16)
    at async Client.sendMessage (F:\IT\Web Development\MERN\portal\node_modules\whatsapp-web.js\src\Client.js:870:28)
2023-10-05T02:26:55.771Z [uncaughtException] info: TypeError: Cannot read properties of undefined (reading 'assigned_by')
    at Query.<anonymous> (F:\IT\Web Development\MERN\portal\Routes\Employee\employee.js:2359:40)
    at Query.<anonymous> (F:\IT\Web Development\MERN\portal\node_modules\mysql\lib\Connection.js:526:10)
    at Query._callback (F:\IT\Web Development\MERN\portal\node_modules\mysql\lib\Connection.js:488:16)
    at Query.Sequence.end (F:\IT\Web Development\MERN\portal\node_modules\mysql\lib\protocol\sequences\Sequence.js:83:24)
    at Query._handleFinalResultPacket (F:\IT\Web Development\MERN\portal\node_modules\mysql\lib\protocol\sequences\Query.js:149:8)
    at Query.EofPacket (F:\IT\Web Development\MERN\portal\node_modules\mysql\lib\protocol\sequences\Query.js:133:8)
    at Protocol._parsePacket (F:\IT\Web Development\MERN\portal\node_modules\mysql\lib\protocol\Protocol.js:291:23)
    at Parser._parsePacket (F:\IT\Web Development\MERN\portal\node_modules\mysql\lib\protocol\Parser.js:433:10)
    at Parser.write (F:\IT\Web Development\MERN\portal\node_modules\mysql\lib\protocol\Parser.js:43:10)
    at Protocol.write (F:\IT\Web Development\MERN\portal\node_modules\mysql\lib\protocol\Protocol.js:38:16)
    at Socket.<anonymous> (F:\IT\Web Development\MERN\portal\node_modules\mysql\lib\Connection.js:88:28)
    at Socket.<anonymous> (F:\IT\Web Development\MERN\portal\node_modules\mysql\lib\Connection.js:526:10)
    at Socket.emit (node:events:527:28)
    at addChunk (node:internal/streams/readable:324:12)
    at readableAddChunk (node:internal/streams/readable:297:9)
    at Socket.Readable.push (node:internal/streams/readable:234:10)
2023-10-05T02:27:09.889Z [uncaughtException] info: TypeError: Cannot read properties of undefined (reading 'assigned_by')
    at Query.<anonymous> (F:\IT\Web Development\MERN\portal\Routes\Employee\employee.js:2359:40)
    at Query.<anonymous> (F:\IT\Web Development\MERN\portal\node_modules\mysql\lib\Connection.js:526:10)
    at Query._callback (F:\IT\Web Development\MERN\portal\node_modules\mysql\lib\Connection.js:488:16)
    at Query.Sequence.end (F:\IT\Web Development\MERN\portal\node_modules\mysql\lib\protocol\sequences\Sequence.js:83:24)
    at Query._handleFinalResultPacket (F:\IT\Web Development\MERN\portal\node_modules\mysql\lib\protocol\sequences\Query.js:149:8)
    at Query.EofPacket (F:\IT\Web Development\MERN\portal\node_modules\mysql\lib\protocol\sequences\Query.js:133:8)
    at Protocol._parsePacket (F:\IT\Web Development\MERN\portal\node_modules\mysql\lib\protocol\Protocol.js:291:23)
    at Parser._parsePacket (F:\IT\Web Development\MERN\portal\node_modules\mysql\lib\protocol\Parser.js:433:10)
    at Parser.write (F:\IT\Web Development\MERN\portal\node_modules\mysql\lib\protocol\Parser.js:43:10)
    at Protocol.write (F:\IT\Web Development\MERN\portal\node_modules\mysql\lib\protocol\Protocol.js:38:16)
    at Socket.<anonymous> (F:\IT\Web Development\MERN\portal\node_modules\mysql\lib\Connection.js:88:28)
    at Socket.<anonymous> (F:\IT\Web Development\MERN\portal\node_modules\mysql\lib\Connection.js:526:10)
    at Socket.emit (node:events:527:28)
    at addChunk (node:internal/streams/readable:324:12)
    at readableAddChunk (node:internal/streams/readable:297:9)
    at Socket.Readable.push (node:internal/streams/readable:234:10)
2023-10-05T03:06:07.929Z [uncaughtException] info: TypeError: Cannot read properties of undefined (reading 'assigned_by')
    at Query.<anonymous> (F:\IT\Web Development\MERN\portal\Routes\Employee\employee.js:2359:40)
    at Query.<anonymous> (F:\IT\Web Development\MERN\portal\node_modules\mysql\lib\Connection.js:526:10)
    at Query._callback (F:\IT\Web Development\MERN\portal\node_modules\mysql\lib\Connection.js:488:16)
    at Query.Sequence.end (F:\IT\Web Development\MERN\portal\node_modules\mysql\lib\protocol\sequences\Sequence.js:83:24)
    at Query._handleFinalResultPacket (F:\IT\Web Development\MERN\portal\node_modules\mysql\lib\protocol\sequences\Query.js:149:8)
    at Query.EofPacket (F:\IT\Web Development\MERN\portal\node_modules\mysql\lib\protocol\sequences\Query.js:133:8)
    at Protocol._parsePacket (F:\IT\Web Development\MERN\portal\node_modules\mysql\lib\protocol\Protocol.js:291:23)
    at Parser._parsePacket (F:\IT\Web Development\MERN\portal\node_modules\mysql\lib\protocol\Parser.js:433:10)
    at Parser.write (F:\IT\Web Development\MERN\portal\node_modules\mysql\lib\protocol\Parser.js:43:10)
    at Protocol.write (F:\IT\Web Development\MERN\portal\node_modules\mysql\lib\protocol\Protocol.js:38:16)
    at Socket.<anonymous> (F:\IT\Web Development\MERN\portal\node_modules\mysql\lib\Connection.js:88:28)
    at Socket.<anonymous> (F:\IT\Web Development\MERN\portal\node_modules\mysql\lib\Connection.js:526:10)
    at Socket.emit (node:events:527:28)
    at addChunk (node:internal/streams/readable:324:12)
    at readableAddChunk (node:internal/streams/readable:297:9)
    at Socket.Readable.push (node:internal/streams/readable:234:10)
2023-10-05T03:07:35.910Z [unhandledRejection] error: Error: net::ERR_FAILED at https://web.whatsapp.com/
    at navigate (F:\IT\Web Development\MERN\portal\node_modules\puppeteer\lib\cjs\puppeteer\common\FrameManager.js:156:23)
    at processTicksAndRejections (node:internal/process/task_queues:96:5)
    at async FrameManager.navigateFrame (F:\IT\Web Development\MERN\portal\node_modules\puppeteer\lib\cjs\puppeteer\common\FrameManager.js:131:21)
    at async Frame.goto (F:\IT\Web Development\MERN\portal\node_modules\puppeteer\lib\cjs\puppeteer\common\FrameManager.js:512:16)
    at async Page.goto (F:\IT\Web Development\MERN\portal\node_modules\puppeteer\lib\cjs\puppeteer\common\Page.js:1167:16)
    at async Client.initialize (F:\IT\Web Development\MERN\portal\node_modules\whatsapp-web.js\src\Client.js:123:9)
2023-10-05T03:07:40.054Z [uncaughtException] info: TypeError: Cannot read properties of undefined (reading 'assigned_by')
    at Query.<anonymous> (F:\IT\Web Development\MERN\portal\Routes\Employee\employee.js:2359:40)
    at Query.<anonymous> (F:\IT\Web Development\MERN\portal\node_modules\mysql\lib\Connection.js:526:10)
    at Query._callback (F:\IT\Web Development\MERN\portal\node_modules\mysql\lib\Connection.js:488:16)
    at Query.Sequence.end (F:\IT\Web Development\MERN\portal\node_modules\mysql\lib\protocol\sequences\Sequence.js:83:24)
    at Query._handleFinalResultPacket (F:\IT\Web Development\MERN\portal\node_modules\mysql\lib\protocol\sequences\Query.js:149:8)
    at Query.EofPacket (F:\IT\Web Development\MERN\portal\node_modules\mysql\lib\protocol\sequences\Query.js:133:8)
    at Protocol._parsePacket (F:\IT\Web Development\MERN\portal\node_modules\mysql\lib\protocol\Protocol.js:291:23)
    at Parser._parsePacket (F:\IT\Web Development\MERN\portal\node_modules\mysql\lib\protocol\Parser.js:433:10)
    at Parser.write (F:\IT\Web Development\MERN\portal\node_modules\mysql\lib\protocol\Parser.js:43:10)
    at Protocol.write (F:\IT\Web Development\MERN\portal\node_modules\mysql\lib\protocol\Protocol.js:38:16)
    at Socket.<anonymous> (F:\IT\Web Development\MERN\portal\node_modules\mysql\lib\Connection.js:88:28)
    at Socket.<anonymous> (F:\IT\Web Development\MERN\portal\node_modules\mysql\lib\Connection.js:526:10)
    at Socket.emit (node:events:527:28)
    at addChunk (node:internal/streams/readable:324:12)
    at readableAddChunk (node:internal/streams/readable:297:9)
    at Socket.Readable.push (node:internal/streams/readable:234:10)
2023-10-05T03:08:21.704Z [uncaughtException] info: TypeError: Cannot read properties of undefined (reading 'assigned_by')
    at Query.<anonymous> (F:\IT\Web Development\MERN\portal\Routes\Employee\employee.js:2361:40)
    at Query.<anonymous> (F:\IT\Web Development\MERN\portal\node_modules\mysql\lib\Connection.js:526:10)
    at Query._callback (F:\IT\Web Development\MERN\portal\node_modules\mysql\lib\Connection.js:488:16)
    at Query.Sequence.end (F:\IT\Web Development\MERN\portal\node_modules\mysql\lib\protocol\sequences\Sequence.js:83:24)
    at Query._handleFinalResultPacket (F:\IT\Web Development\MERN\portal\node_modules\mysql\lib\protocol\sequences\Query.js:149:8)
    at Query.EofPacket (F:\IT\Web Development\MERN\portal\node_modules\mysql\lib\protocol\sequences\Query.js:133:8)
    at Protocol._parsePacket (F:\IT\Web Development\MERN\portal\node_modules\mysql\lib\protocol\Protocol.js:291:23)
    at Parser._parsePacket (F:\IT\Web Development\MERN\portal\node_modules\mysql\lib\protocol\Parser.js:433:10)
    at Parser.write (F:\IT\Web Development\MERN\portal\node_modules\mysql\lib\protocol\Parser.js:43:10)
    at Protocol.write (F:\IT\Web Development\MERN\portal\node_modules\mysql\lib\protocol\Protocol.js:38:16)
    at Socket.<anonymous> (F:\IT\Web Development\MERN\portal\node_modules\mysql\lib\Connection.js:88:28)
    at Socket.<anonymous> (F:\IT\Web Development\MERN\portal\node_modules\mysql\lib\Connection.js:526:10)
    at Socket.emit (node:events:527:28)
    at addChunk (node:internal/streams/readable:324:12)
    at readableAddChunk (node:internal/streams/readable:297:9)
    at Socket.Readable.push (node:internal/streams/readable:234:10)
2023-10-05T03:09:57.664Z [unhandledRejection] error: Error: Evaluation failed: TypeError: Cannot read properties of undefined (reading 'WidFactory')
    at __puppeteer_evaluation_script__:2:42
    at ExecutionContext._evaluateInternal (F:\IT\Web Development\MERN\portal\node_modules\puppeteer\lib\cjs\puppeteer\common\ExecutionContext.js:221:19)
    at processTicksAndRejections (node:internal/process/task_queues:96:5)
    at async ExecutionContext.evaluate (F:\IT\Web Development\MERN\portal\node_modules\puppeteer\lib\cjs\puppeteer\common\ExecutionContext.js:110:16)
    at async Client.sendMessage (F:\IT\Web Development\MERN\portal\node_modules\whatsapp-web.js\src\Client.js:870:28)
2023-10-05T03:09:57.670Z [unhandledRejection] error: Error: Evaluation failed: TypeError: Cannot read properties of undefined (reading 'WidFactory')
    at __puppeteer_evaluation_script__:2:42
    at ExecutionContext._evaluateInternal (F:\IT\Web Development\MERN\portal\node_modules\puppeteer\lib\cjs\puppeteer\common\ExecutionContext.js:221:19)
    at processTicksAndRejections (node:internal/process/task_queues:96:5)
    at async ExecutionContext.evaluate (F:\IT\Web Development\MERN\portal\node_modules\puppeteer\lib\cjs\puppeteer\common\ExecutionContext.js:110:16)
    at async Client.sendMessage (F:\IT\Web Development\MERN\portal\node_modules\whatsapp-web.js\src\Client.js:870:28)
2023-10-05T03:16:42.232Z [unhandledRejection] error: TypeError: Cannot read properties of null (reading 'evaluate')
    at Client.sendMessage (F:\IT\Web Development\MERN\portal\node_modules\whatsapp-web.js\src\Client.js:870:47)
    at Query.<anonymous> (F:\IT\Web Development\MERN\portal\Routes\Whatsapp\whatsapp.js:655:20)
    at Query.<anonymous> (F:\IT\Web Development\MERN\portal\node_modules\mysql\lib\Connection.js:526:10)
    at Query._callback (F:\IT\Web Development\MERN\portal\node_modules\mysql\lib\Connection.js:488:16)
    at Query.Sequence.end (F:\IT\Web Development\MERN\portal\node_modules\mysql\lib\protocol\sequences\Sequence.js:83:24)
    at Query._handleFinalResultPacket (F:\IT\Web Development\MERN\portal\node_modules\mysql\lib\protocol\sequences\Query.js:149:8)
    at Query.OkPacket (F:\IT\Web Development\MERN\portal\node_modules\mysql\lib\protocol\sequences\Query.js:74:10)
    at Protocol._parsePacket (F:\IT\Web Development\MERN\portal\node_modules\mysql\lib\protocol\Protocol.js:291:23)
    at Parser._parsePacket (F:\IT\Web Development\MERN\portal\node_modules\mysql\lib\protocol\Parser.js:433:10)
    at Parser.write (F:\IT\Web Development\MERN\portal\node_modules\mysql\lib\protocol\Parser.js:43:10)
    at Protocol.write (F:\IT\Web Development\MERN\portal\node_modules\mysql\lib\protocol\Protocol.js:38:16)
    at Socket.<anonymous> (F:\IT\Web Development\MERN\portal\node_modules\mysql\lib\Connection.js:88:28)
    at Socket.<anonymous> (F:\IT\Web Development\MERN\portal\node_modules\mysql\lib\Connection.js:526:10)
    at Socket.emit (node:events:527:28)
    at addChunk (node:internal/streams/readable:324:12)
    at readableAddChunk (node:internal/streams/readable:297:9)
2023-10-05T03:16:42.324Z [unhandledRejection] error: TypeError: Cannot read properties of null (reading 'evaluate')
    at Client.sendMessage (F:\IT\Web Development\MERN\portal\node_modules\whatsapp-web.js\src\Client.js:870:47)
    at Query.<anonymous> (F:\IT\Web Development\MERN\portal\Routes\Whatsapp\whatsapp.js:655:20)
    at Query.<anonymous> (F:\IT\Web Development\MERN\portal\node_modules\mysql\lib\Connection.js:526:10)
    at Query._callback (F:\IT\Web Development\MERN\portal\node_modules\mysql\lib\Connection.js:488:16)
    at Query.Sequence.end (F:\IT\Web Development\MERN\portal\node_modules\mysql\lib\protocol\sequences\Sequence.js:83:24)
    at Query._handleFinalResultPacket (F:\IT\Web Development\MERN\portal\node_modules\mysql\lib\protocol\sequences\Query.js:149:8)
    at Query.OkPacket (F:\IT\Web Development\MERN\portal\node_modules\mysql\lib\protocol\sequences\Query.js:74:10)
    at Protocol._parsePacket (F:\IT\Web Development\MERN\portal\node_modules\mysql\lib\protocol\Protocol.js:291:23)
    at Parser._parsePacket (F:\IT\Web Development\MERN\portal\node_modules\mysql\lib\protocol\Parser.js:433:10)
    at Parser.write (F:\IT\Web Development\MERN\portal\node_modules\mysql\lib\protocol\Parser.js:43:10)
    at Protocol.write (F:\IT\Web Development\MERN\portal\node_modules\mysql\lib\protocol\Protocol.js:38:16)
    at Socket.<anonymous> (F:\IT\Web Development\MERN\portal\node_modules\mysql\lib\Connection.js:88:28)
    at Socket.<anonymous> (F:\IT\Web Development\MERN\portal\node_modules\mysql\lib\Connection.js:526:10)
    at Socket.emit (node:events:527:28)
    at addChunk (node:internal/streams/readable:324:12)
    at readableAddChunk (node:internal/streams/readable:297:9)
2023-10-05T03:19:21.096Z [unhandledRejection] error: Error: Evaluation failed: TypeError: Cannot read properties of undefined (reading 'WidFactory')
    at __puppeteer_evaluation_script__:2:42
    at ExecutionContext._evaluateInternal (F:\IT\Web Development\MERN\portal\node_modules\puppeteer\lib\cjs\puppeteer\common\ExecutionContext.js:221:19)
    at processTicksAndRejections (node:internal/process/task_queues:96:5)
    at async ExecutionContext.evaluate (F:\IT\Web Development\MERN\portal\node_modules\puppeteer\lib\cjs\puppeteer\common\ExecutionContext.js:110:16)
    at async Client.sendMessage (F:\IT\Web Development\MERN\portal\node_modules\whatsapp-web.js\src\Client.js:870:28)
2023-10-05T03:19:21.101Z [unhandledRejection] error: Error: Evaluation failed: TypeError: Cannot read properties of undefined (reading 'WidFactory')
    at __puppeteer_evaluation_script__:2:42
    at ExecutionContext._evaluateInternal (F:\IT\Web Development\MERN\portal\node_modules\puppeteer\lib\cjs\puppeteer\common\ExecutionContext.js:221:19)
    at processTicksAndRejections (node:internal/process/task_queues:96:5)
    at async ExecutionContext.evaluate (F:\IT\Web Development\MERN\portal\node_modules\puppeteer\lib\cjs\puppeteer\common\ExecutionContext.js:110:16)
    at async Client.sendMessage (F:\IT\Web Development\MERN\portal\node_modules\whatsapp-web.js\src\Client.js:870:28)
2023-10-05T03:25:38.526Z [unhandledRejection] error: Error: Evaluation failed: TypeError: Cannot read properties of undefined (reading 'WidFactory')
    at __puppeteer_evaluation_script__:2:42
    at ExecutionContext._evaluateInternal (F:\IT\Web Development\MERN\portal\node_modules\puppeteer\lib\cjs\puppeteer\common\ExecutionContext.js:221:19)
    at runMicrotasks (<anonymous>)
    at processTicksAndRejections (node:internal/process/task_queues:96:5)
    at async ExecutionContext.evaluate (F:\IT\Web Development\MERN\portal\node_modules\puppeteer\lib\cjs\puppeteer\common\ExecutionContext.js:110:16)
    at async Client.sendMessage (F:\IT\Web Development\MERN\portal\node_modules\whatsapp-web.js\src\Client.js:870:28)
2023-10-05T03:25:38.528Z [unhandledRejection] error: Error: Evaluation failed: TypeError: Cannot read properties of undefined (reading 'WidFactory')
    at __puppeteer_evaluation_script__:2:42
    at ExecutionContext._evaluateInternal (F:\IT\Web Development\MERN\portal\node_modules\puppeteer\lib\cjs\puppeteer\common\ExecutionContext.js:221:19)
    at runMicrotasks (<anonymous>)
    at processTicksAndRejections (node:internal/process/task_queues:96:5)
    at async ExecutionContext.evaluate (F:\IT\Web Development\MERN\portal\node_modules\puppeteer\lib\cjs\puppeteer\common\ExecutionContext.js:110:16)
    at async Client.sendMessage (F:\IT\Web Development\MERN\portal\node_modules\whatsapp-web.js\src\Client.js:870:28)
2023-10-05T03:27:00.571Z [unhandledRejection] error: Error: Evaluation failed: TypeError: Cannot read properties of undefined (reading 'WidFactory')
    at __puppeteer_evaluation_script__:2:42
    at ExecutionContext._evaluateInternal (F:\IT\Web Development\MERN\portal\node_modules\puppeteer\lib\cjs\puppeteer\common\ExecutionContext.js:221:19)
    at runMicrotasks (<anonymous>)
    at processTicksAndRejections (node:internal/process/task_queues:96:5)
    at async ExecutionContext.evaluate (F:\IT\Web Development\MERN\portal\node_modules\puppeteer\lib\cjs\puppeteer\common\ExecutionContext.js:110:16)
    at async Client.sendMessage (F:\IT\Web Development\MERN\portal\node_modules\whatsapp-web.js\src\Client.js:870:28)
2023-10-05T03:27:00.573Z [unhandledRejection] error: Error: Evaluation failed: TypeError: Cannot read properties of undefined (reading 'WidFactory')
    at __puppeteer_evaluation_script__:2:42
    at ExecutionContext._evaluateInternal (F:\IT\Web Development\MERN\portal\node_modules\puppeteer\lib\cjs\puppeteer\common\ExecutionContext.js:221:19)
    at runMicrotasks (<anonymous>)
    at processTicksAndRejections (node:internal/process/task_queues:96:5)
    at async ExecutionContext.evaluate (F:\IT\Web Development\MERN\portal\node_modules\puppeteer\lib\cjs\puppeteer\common\ExecutionContext.js:110:16)
    at async Client.sendMessage (F:\IT\Web Development\MERN\portal\node_modules\whatsapp-web.js\src\Client.js:870:28)
2023-10-05T03:28:06.052Z [unhandledRejection] error: Error: Evaluation failed: TypeError: Cannot read properties of undefined (reading 'WidFactory')
    at __puppeteer_evaluation_script__:2:42
    at ExecutionContext._evaluateInternal (F:\IT\Web Development\MERN\portal\node_modules\puppeteer\lib\cjs\puppeteer\common\ExecutionContext.js:221:19)
    at processTicksAndRejections (node:internal/process/task_queues:96:5)
    at async ExecutionContext.evaluate (F:\IT\Web Development\MERN\portal\node_modules\puppeteer\lib\cjs\puppeteer\common\ExecutionContext.js:110:16)
    at async Client.sendMessage (F:\IT\Web Development\MERN\portal\node_modules\whatsapp-web.js\src\Client.js:870:28)
2023-10-05T03:28:06.056Z [unhandledRejection] error: Error: Evaluation failed: TypeError: Cannot read properties of undefined (reading 'WidFactory')
    at __puppeteer_evaluation_script__:2:42
    at ExecutionContext._evaluateInternal (F:\IT\Web Development\MERN\portal\node_modules\puppeteer\lib\cjs\puppeteer\common\ExecutionContext.js:221:19)
    at processTicksAndRejections (node:internal/process/task_queues:96:5)
    at async ExecutionContext.evaluate (F:\IT\Web Development\MERN\portal\node_modules\puppeteer\lib\cjs\puppeteer\common\ExecutionContext.js:110:16)
    at async Client.sendMessage (F:\IT\Web Development\MERN\portal\node_modules\whatsapp-web.js\src\Client.js:870:28)
2023-10-05T03:29:06.727Z [unhandledRejection] error: Error: Evaluation failed: TypeError: Cannot read properties of undefined (reading 'WidFactory')
    at __puppeteer_evaluation_script__:2:42
    at ExecutionContext._evaluateInternal (F:\IT\Web Development\MERN\portal\node_modules\puppeteer\lib\cjs\puppeteer\common\ExecutionContext.js:221:19)
    at processTicksAndRejections (node:internal/process/task_queues:96:5)
    at async ExecutionContext.evaluate (F:\IT\Web Development\MERN\portal\node_modules\puppeteer\lib\cjs\puppeteer\common\ExecutionContext.js:110:16)
    at async Client.sendMessage (F:\IT\Web Development\MERN\portal\node_modules\whatsapp-web.js\src\Client.js:870:28)
2023-10-05T03:29:06.734Z [unhandledRejection] error: Error: Evaluation failed: TypeError: Cannot read properties of undefined (reading 'WidFactory')
    at __puppeteer_evaluation_script__:2:42
    at ExecutionContext._evaluateInternal (F:\IT\Web Development\MERN\portal\node_modules\puppeteer\lib\cjs\puppeteer\common\ExecutionContext.js:221:19)
    at processTicksAndRejections (node:internal/process/task_queues:96:5)
    at async ExecutionContext.evaluate (F:\IT\Web Development\MERN\portal\node_modules\puppeteer\lib\cjs\puppeteer\common\ExecutionContext.js:110:16)
    at async Client.sendMessage (F:\IT\Web Development\MERN\portal\node_modules\whatsapp-web.js\src\Client.js:870:28)
2023-10-05T03:30:37.351Z [unhandledRejection] error: Error: Evaluation failed: TypeError: Cannot read properties of undefined (reading 'WidFactory')
    at __puppeteer_evaluation_script__:2:42
    at ExecutionContext._evaluateInternal (F:\IT\Web Development\MERN\portal\node_modules\puppeteer\lib\cjs\puppeteer\common\ExecutionContext.js:221:19)
    at processTicksAndRejections (node:internal/process/task_queues:96:5)
    at async ExecutionContext.evaluate (F:\IT\Web Development\MERN\portal\node_modules\puppeteer\lib\cjs\puppeteer\common\ExecutionContext.js:110:16)
    at async Client.sendMessage (F:\IT\Web Development\MERN\portal\node_modules\whatsapp-web.js\src\Client.js:870:28)
2023-10-05T03:30:37.353Z [unhandledRejection] error: Error: Evaluation failed: TypeError: Cannot read properties of undefined (reading 'WidFactory')
    at __puppeteer_evaluation_script__:2:42
    at ExecutionContext._evaluateInternal (F:\IT\Web Development\MERN\portal\node_modules\puppeteer\lib\cjs\puppeteer\common\ExecutionContext.js:221:19)
    at processTicksAndRejections (node:internal/process/task_queues:96:5)
    at async ExecutionContext.evaluate (F:\IT\Web Development\MERN\portal\node_modules\puppeteer\lib\cjs\puppeteer\common\ExecutionContext.js:110:16)
    at async Client.sendMessage (F:\IT\Web Development\MERN\portal\node_modules\whatsapp-web.js\src\Client.js:870:28)
2023-10-05T06:47:55.651Z [unhandledRejection] error: Error: Evaluation failed: TypeError: Cannot read properties of undefined (reading 'WidFactory')
    at __puppeteer_evaluation_script__:2:42
    at ExecutionContext._evaluateInternal (F:\IT\Web Development\MERN\portal\node_modules\puppeteer\lib\cjs\puppeteer\common\ExecutionContext.js:221:19)
    at runMicrotasks (<anonymous>)
    at processTicksAndRejections (node:internal/process/task_queues:96:5)
    at async ExecutionContext.evaluate (F:\IT\Web Development\MERN\portal\node_modules\puppeteer\lib\cjs\puppeteer\common\ExecutionContext.js:110:16)
    at async Client.sendMessage (F:\IT\Web Development\MERN\portal\node_modules\whatsapp-web.js\src\Client.js:870:28)
2023-10-05T06:47:55.659Z [unhandledRejection] error: Error: Evaluation failed: TypeError: Cannot read properties of undefined (reading 'WidFactory')
    at __puppeteer_evaluation_script__:2:42
    at ExecutionContext._evaluateInternal (F:\IT\Web Development\MERN\portal\node_modules\puppeteer\lib\cjs\puppeteer\common\ExecutionContext.js:221:19)
    at runMicrotasks (<anonymous>)
    at processTicksAndRejections (node:internal/process/task_queues:96:5)
    at async ExecutionContext.evaluate (F:\IT\Web Development\MERN\portal\node_modules\puppeteer\lib\cjs\puppeteer\common\ExecutionContext.js:110:16)
    at async Client.sendMessage (F:\IT\Web Development\MERN\portal\node_modules\whatsapp-web.js\src\Client.js:870:28)
2023-10-05T06:57:41.199Z [unhandledRejection] error: Error: Evaluation failed: TypeError: Cannot read properties of undefined (reading 'WidFactory')
    at __puppeteer_evaluation_script__:2:42
    at ExecutionContext._evaluateInternal (F:\IT\Web Development\MERN\portal\node_modules\puppeteer\lib\cjs\puppeteer\common\ExecutionContext.js:221:19)
    at processTicksAndRejections (node:internal/process/task_queues:96:5)
    at async ExecutionContext.evaluate (F:\IT\Web Development\MERN\portal\node_modules\puppeteer\lib\cjs\puppeteer\common\ExecutionContext.js:110:16)
    at async Client.sendMessage (F:\IT\Web Development\MERN\portal\node_modules\whatsapp-web.js\src\Client.js:870:28)
2023-10-05T06:57:41.200Z [unhandledRejection] error: Error: Evaluation failed: TypeError: Cannot read properties of undefined (reading 'WidFactory')
    at __puppeteer_evaluation_script__:2:42
    at ExecutionContext._evaluateInternal (F:\IT\Web Development\MERN\portal\node_modules\puppeteer\lib\cjs\puppeteer\common\ExecutionContext.js:221:19)
    at processTicksAndRejections (node:internal/process/task_queues:96:5)
    at async ExecutionContext.evaluate (F:\IT\Web Development\MERN\portal\node_modules\puppeteer\lib\cjs\puppeteer\common\ExecutionContext.js:110:16)
    at async Client.sendMessage (F:\IT\Web Development\MERN\portal\node_modules\whatsapp-web.js\src\Client.js:870:28)
2023-10-05T06:59:10.737Z [unhandledRejection] error: Error: Evaluation failed: TypeError: Cannot read properties of undefined (reading 'WidFactory')
    at __puppeteer_evaluation_script__:2:42
    at ExecutionContext._evaluateInternal (F:\IT\Web Development\MERN\portal\node_modules\puppeteer\lib\cjs\puppeteer\common\ExecutionContext.js:221:19)
    at runMicrotasks (<anonymous>)
    at processTicksAndRejections (node:internal/process/task_queues:96:5)
    at async ExecutionContext.evaluate (F:\IT\Web Development\MERN\portal\node_modules\puppeteer\lib\cjs\puppeteer\common\ExecutionContext.js:110:16)
    at async Client.sendMessage (F:\IT\Web Development\MERN\portal\node_modules\whatsapp-web.js\src\Client.js:870:28)
2023-10-05T06:59:10.741Z [unhandledRejection] error: Error: Evaluation failed: TypeError: Cannot read properties of undefined (reading 'WidFactory')
    at __puppeteer_evaluation_script__:2:42
    at ExecutionContext._evaluateInternal (F:\IT\Web Development\MERN\portal\node_modules\puppeteer\lib\cjs\puppeteer\common\ExecutionContext.js:221:19)
    at runMicrotasks (<anonymous>)
    at processTicksAndRejections (node:internal/process/task_queues:96:5)
    at async ExecutionContext.evaluate (F:\IT\Web Development\MERN\portal\node_modules\puppeteer\lib\cjs\puppeteer\common\ExecutionContext.js:110:16)
    at async Client.sendMessage (F:\IT\Web Development\MERN\portal\node_modules\whatsapp-web.js\src\Client.js:870:28)
2023-10-05T06:59:16.238Z [unhandledRejection] error: Error: Evaluation failed: TypeError: Cannot read properties of undefined (reading 'WidFactory')
    at __puppeteer_evaluation_script__:2:42
    at ExecutionContext._evaluateInternal (F:\IT\Web Development\MERN\portal\node_modules\puppeteer\lib\cjs\puppeteer\common\ExecutionContext.js:221:19)
    at runMicrotasks (<anonymous>)
    at processTicksAndRejections (node:internal/process/task_queues:96:5)
    at async ExecutionContext.evaluate (F:\IT\Web Development\MERN\portal\node_modules\puppeteer\lib\cjs\puppeteer\common\ExecutionContext.js:110:16)
    at async Client.sendMessage (F:\IT\Web Development\MERN\portal\node_modules\whatsapp-web.js\src\Client.js:870:28)
2023-10-05T06:59:16.242Z [unhandledRejection] error: Error: Evaluation failed: TypeError: Cannot read properties of undefined (reading 'WidFactory')
    at __puppeteer_evaluation_script__:2:42
    at ExecutionContext._evaluateInternal (F:\IT\Web Development\MERN\portal\node_modules\puppeteer\lib\cjs\puppeteer\common\ExecutionContext.js:221:19)
    at runMicrotasks (<anonymous>)
    at processTicksAndRejections (node:internal/process/task_queues:96:5)
    at async ExecutionContext.evaluate (F:\IT\Web Development\MERN\portal\node_modules\puppeteer\lib\cjs\puppeteer\common\ExecutionContext.js:110:16)
    at async Client.sendMessage (F:\IT\Web Development\MERN\portal\node_modules\whatsapp-web.js\src\Client.js:870:28)
2023-10-05T06:59:22.278Z [unhandledRejection] error: Error: Evaluation failed: TypeError: Cannot read properties of undefined (reading 'WidFactory')
    at __puppeteer_evaluation_script__:2:42
    at ExecutionContext._evaluateInternal (F:\IT\Web Development\MERN\portal\node_modules\puppeteer\lib\cjs\puppeteer\common\ExecutionContext.js:221:19)
    at runMicrotasks (<anonymous>)
    at processTicksAndRejections (node:internal/process/task_queues:96:5)
    at async ExecutionContext.evaluate (F:\IT\Web Development\MERN\portal\node_modules\puppeteer\lib\cjs\puppeteer\common\ExecutionContext.js:110:16)
    at async Client.sendMessage (F:\IT\Web Development\MERN\portal\node_modules\whatsapp-web.js\src\Client.js:870:28)
2023-10-05T06:59:22.280Z [unhandledRejection] error: Error: Evaluation failed: TypeError: Cannot read properties of undefined (reading 'WidFactory')
    at __puppeteer_evaluation_script__:2:42
    at ExecutionContext._evaluateInternal (F:\IT\Web Development\MERN\portal\node_modules\puppeteer\lib\cjs\puppeteer\common\ExecutionContext.js:221:19)
    at runMicrotasks (<anonymous>)
    at processTicksAndRejections (node:internal/process/task_queues:96:5)
    at async ExecutionContext.evaluate (F:\IT\Web Development\MERN\portal\node_modules\puppeteer\lib\cjs\puppeteer\common\ExecutionContext.js:110:16)
    at async Client.sendMessage (F:\IT\Web Development\MERN\portal\node_modules\whatsapp-web.js\src\Client.js:870:28)
2023-10-05T07:01:19.562Z [unhandledRejection] error: Error: Evaluation failed: TypeError: Cannot read properties of undefined (reading 'WidFactory')
    at __puppeteer_evaluation_script__:2:42
    at ExecutionContext._evaluateInternal (F:\IT\Web Development\MERN\portal\node_modules\puppeteer\lib\cjs\puppeteer\common\ExecutionContext.js:221:19)
    at runMicrotasks (<anonymous>)
    at processTicksAndRejections (node:internal/process/task_queues:96:5)
    at async ExecutionContext.evaluate (F:\IT\Web Development\MERN\portal\node_modules\puppeteer\lib\cjs\puppeteer\common\ExecutionContext.js:110:16)
    at async Client.sendMessage (F:\IT\Web Development\MERN\portal\node_modules\whatsapp-web.js\src\Client.js:870:28)
2023-10-05T07:01:19.566Z [unhandledRejection] error: Error: Evaluation failed: TypeError: Cannot read properties of undefined (reading 'WidFactory')
    at __puppeteer_evaluation_script__:2:42
    at ExecutionContext._evaluateInternal (F:\IT\Web Development\MERN\portal\node_modules\puppeteer\lib\cjs\puppeteer\common\ExecutionContext.js:221:19)
    at runMicrotasks (<anonymous>)
    at processTicksAndRejections (node:internal/process/task_queues:96:5)
    at async ExecutionContext.evaluate (F:\IT\Web Development\MERN\portal\node_modules\puppeteer\lib\cjs\puppeteer\common\ExecutionContext.js:110:16)
    at async Client.sendMessage (F:\IT\Web Development\MERN\portal\node_modules\whatsapp-web.js\src\Client.js:870:28)
2023-10-05T07:02:25.015Z [unhandledRejection] error: Error: Evaluation failed: TypeError: Cannot read properties of undefined (reading 'WidFactory')
    at __puppeteer_evaluation_script__:2:42
    at ExecutionContext._evaluateInternal (F:\IT\Web Development\MERN\portal\node_modules\puppeteer\lib\cjs\puppeteer\common\ExecutionContext.js:221:19)
    at runMicrotasks (<anonymous>)
    at processTicksAndRejections (node:internal/process/task_queues:96:5)
    at async ExecutionContext.evaluate (F:\IT\Web Development\MERN\portal\node_modules\puppeteer\lib\cjs\puppeteer\common\ExecutionContext.js:110:16)
    at async Client.sendMessage (F:\IT\Web Development\MERN\portal\node_modules\whatsapp-web.js\src\Client.js:870:28)
2023-10-05T07:02:25.019Z [unhandledRejection] error: Error: Evaluation failed: TypeError: Cannot read properties of undefined (reading 'WidFactory')
    at __puppeteer_evaluation_script__:2:42
    at ExecutionContext._evaluateInternal (F:\IT\Web Development\MERN\portal\node_modules\puppeteer\lib\cjs\puppeteer\common\ExecutionContext.js:221:19)
    at runMicrotasks (<anonymous>)
    at processTicksAndRejections (node:internal/process/task_queues:96:5)
    at async ExecutionContext.evaluate (F:\IT\Web Development\MERN\portal\node_modules\puppeteer\lib\cjs\puppeteer\common\ExecutionContext.js:110:16)
    at async Client.sendMessage (F:\IT\Web Development\MERN\portal\node_modules\whatsapp-web.js\src\Client.js:870:28)
2023-10-05T07:02:46.337Z [unhandledRejection] error: Error: Evaluation failed: TypeError: Cannot read properties of undefined (reading 'WidFactory')
    at __puppeteer_evaluation_script__:2:42
    at ExecutionContext._evaluateInternal (F:\IT\Web Development\MERN\portal\node_modules\puppeteer\lib\cjs\puppeteer\common\ExecutionContext.js:221:19)
    at runMicrotasks (<anonymous>)
    at processTicksAndRejections (node:internal/process/task_queues:96:5)
    at async ExecutionContext.evaluate (F:\IT\Web Development\MERN\portal\node_modules\puppeteer\lib\cjs\puppeteer\common\ExecutionContext.js:110:16)
    at async Client.sendMessage (F:\IT\Web Development\MERN\portal\node_modules\whatsapp-web.js\src\Client.js:870:28)
2023-10-05T07:02:46.339Z [unhandledRejection] error: Error: Evaluation failed: TypeError: Cannot read properties of undefined (reading 'WidFactory')
    at __puppeteer_evaluation_script__:2:42
    at ExecutionContext._evaluateInternal (F:\IT\Web Development\MERN\portal\node_modules\puppeteer\lib\cjs\puppeteer\common\ExecutionContext.js:221:19)
    at runMicrotasks (<anonymous>)
    at processTicksAndRejections (node:internal/process/task_queues:96:5)
    at async ExecutionContext.evaluate (F:\IT\Web Development\MERN\portal\node_modules\puppeteer\lib\cjs\puppeteer\common\ExecutionContext.js:110:16)
    at async Client.sendMessage (F:\IT\Web Development\MERN\portal\node_modules\whatsapp-web.js\src\Client.js:870:28)
2023-10-05T07:03:19.420Z [unhandledRejection] error: Error: Evaluation failed: TypeError: Cannot read properties of undefined (reading 'WidFactory')
    at __puppeteer_evaluation_script__:2:42
    at ExecutionContext._evaluateInternal (F:\IT\Web Development\MERN\portal\node_modules\puppeteer\lib\cjs\puppeteer\common\ExecutionContext.js:221:19)
    at runMicrotasks (<anonymous>)
    at processTicksAndRejections (node:internal/process/task_queues:96:5)
    at async ExecutionContext.evaluate (F:\IT\Web Development\MERN\portal\node_modules\puppeteer\lib\cjs\puppeteer\common\ExecutionContext.js:110:16)
    at async Client.sendMessage (F:\IT\Web Development\MERN\portal\node_modules\whatsapp-web.js\src\Client.js:870:28)
2023-10-05T07:03:19.421Z [unhandledRejection] error: Error: Evaluation failed: TypeError: Cannot read properties of undefined (reading 'WidFactory')
    at __puppeteer_evaluation_script__:2:42
    at ExecutionContext._evaluateInternal (F:\IT\Web Development\MERN\portal\node_modules\puppeteer\lib\cjs\puppeteer\common\ExecutionContext.js:221:19)
    at runMicrotasks (<anonymous>)
    at processTicksAndRejections (node:internal/process/task_queues:96:5)
    at async ExecutionContext.evaluate (F:\IT\Web Development\MERN\portal\node_modules\puppeteer\lib\cjs\puppeteer\common\ExecutionContext.js:110:16)
    at async Client.sendMessage (F:\IT\Web Development\MERN\portal\node_modules\whatsapp-web.js\src\Client.js:870:28)
2023-10-05T07:03:33.109Z [unhandledRejection] error: Error: Evaluation failed: TypeError: Cannot read properties of undefined (reading 'WidFactory')
    at __puppeteer_evaluation_script__:2:42
    at ExecutionContext._evaluateInternal (F:\IT\Web Development\MERN\portal\node_modules\puppeteer\lib\cjs\puppeteer\common\ExecutionContext.js:221:19)
    at runMicrotasks (<anonymous>)
    at processTicksAndRejections (node:internal/process/task_queues:96:5)
    at async ExecutionContext.evaluate (F:\IT\Web Development\MERN\portal\node_modules\puppeteer\lib\cjs\puppeteer\common\ExecutionContext.js:110:16)
    at async Client.sendMessage (F:\IT\Web Development\MERN\portal\node_modules\whatsapp-web.js\src\Client.js:870:28)
2023-10-05T07:03:33.111Z [unhandledRejection] error: Error: Evaluation failed: TypeError: Cannot read properties of undefined (reading 'WidFactory')
    at __puppeteer_evaluation_script__:2:42
    at ExecutionContext._evaluateInternal (F:\IT\Web Development\MERN\portal\node_modules\puppeteer\lib\cjs\puppeteer\common\ExecutionContext.js:221:19)
    at runMicrotasks (<anonymous>)
    at processTicksAndRejections (node:internal/process/task_queues:96:5)
    at async ExecutionContext.evaluate (F:\IT\Web Development\MERN\portal\node_modules\puppeteer\lib\cjs\puppeteer\common\ExecutionContext.js:110:16)
    at async Client.sendMessage (F:\IT\Web Development\MERN\portal\node_modules\whatsapp-web.js\src\Client.js:870:28)
2023-10-05T07:10:00.245Z [unhandledRejection] error: Error: Evaluation failed: TypeError: Cannot read properties of undefined (reading 'WidFactory')
    at __puppeteer_evaluation_script__:2:42
    at ExecutionContext._evaluateInternal (F:\IT\Web Development\MERN\portal\node_modules\puppeteer\lib\cjs\puppeteer\common\ExecutionContext.js:221:19)
    at runMicrotasks (<anonymous>)
    at processTicksAndRejections (node:internal/process/task_queues:96:5)
    at async ExecutionContext.evaluate (F:\IT\Web Development\MERN\portal\node_modules\puppeteer\lib\cjs\puppeteer\common\ExecutionContext.js:110:16)
    at async Client.sendMessage (F:\IT\Web Development\MERN\portal\node_modules\whatsapp-web.js\src\Client.js:870:28)
2023-10-05T07:10:00.246Z [unhandledRejection] error: Error: Evaluation failed: TypeError: Cannot read properties of undefined (reading 'WidFactory')
    at __puppeteer_evaluation_script__:2:42
    at ExecutionContext._evaluateInternal (F:\IT\Web Development\MERN\portal\node_modules\puppeteer\lib\cjs\puppeteer\common\ExecutionContext.js:221:19)
    at runMicrotasks (<anonymous>)
    at processTicksAndRejections (node:internal/process/task_queues:96:5)
    at async ExecutionContext.evaluate (F:\IT\Web Development\MERN\portal\node_modules\puppeteer\lib\cjs\puppeteer\common\ExecutionContext.js:110:16)
    at async Client.sendMessage (F:\IT\Web Development\MERN\portal\node_modules\whatsapp-web.js\src\Client.js:870:28)
2023-10-05T07:10:28.619Z [unhandledRejection] error: Error: Evaluation failed: TypeError: Cannot read properties of undefined (reading 'WidFactory')
    at __puppeteer_evaluation_script__:2:42
    at ExecutionContext._evaluateInternal (F:\IT\Web Development\MERN\portal\node_modules\puppeteer\lib\cjs\puppeteer\common\ExecutionContext.js:221:19)
    at runMicrotasks (<anonymous>)
    at processTicksAndRejections (node:internal/process/task_queues:96:5)
    at async ExecutionContext.evaluate (F:\IT\Web Development\MERN\portal\node_modules\puppeteer\lib\cjs\puppeteer\common\ExecutionContext.js:110:16)
    at async Client.sendMessage (F:\IT\Web Development\MERN\portal\node_modules\whatsapp-web.js\src\Client.js:870:28)
2023-10-05T07:10:28.630Z [unhandledRejection] error: Error: Evaluation failed: TypeError: Cannot read properties of undefined (reading 'WidFactory')
    at __puppeteer_evaluation_script__:2:42
    at ExecutionContext._evaluateInternal (F:\IT\Web Development\MERN\portal\node_modules\puppeteer\lib\cjs\puppeteer\common\ExecutionContext.js:221:19)
    at runMicrotasks (<anonymous>)
    at processTicksAndRejections (node:internal/process/task_queues:96:5)
    at async ExecutionContext.evaluate (F:\IT\Web Development\MERN\portal\node_modules\puppeteer\lib\cjs\puppeteer\common\ExecutionContext.js:110:16)
    at async Client.sendMessage (F:\IT\Web Development\MERN\portal\node_modules\whatsapp-web.js\src\Client.js:870:28)
2023-10-05T07:33:11.485Z [uncaughtException] info: ReferenceError: connection is not defined
    at Query.<anonymous> (F:\IT\Web Development\MERN\portal\Routes\Employee\employee.js:2018:17)
    at Query.<anonymous> (F:\IT\Web Development\MERN\portal\node_modules\mysql\lib\Connection.js:526:10)
    at Query._callback (F:\IT\Web Development\MERN\portal\node_modules\mysql\lib\Connection.js:488:16)
    at Query.Sequence.end (F:\IT\Web Development\MERN\portal\node_modules\mysql\lib\protocol\sequences\Sequence.js:83:24)
    at Query._handleFinalResultPacket (F:\IT\Web Development\MERN\portal\node_modules\mysql\lib\protocol\sequences\Query.js:149:8)
    at Query.OkPacket (F:\IT\Web Development\MERN\portal\node_modules\mysql\lib\protocol\sequences\Query.js:74:10)
    at Protocol._parsePacket (F:\IT\Web Development\MERN\portal\node_modules\mysql\lib\protocol\Protocol.js:291:23)
    at Parser._parsePacket (F:\IT\Web Development\MERN\portal\node_modules\mysql\lib\protocol\Parser.js:433:10)
    at Parser.write (F:\IT\Web Development\MERN\portal\node_modules\mysql\lib\protocol\Parser.js:43:10)
    at Protocol.write (F:\IT\Web Development\MERN\portal\node_modules\mysql\lib\protocol\Protocol.js:38:16)
    at Socket.<anonymous> (F:\IT\Web Development\MERN\portal\node_modules\mysql\lib\Connection.js:88:28)
    at Socket.<anonymous> (F:\IT\Web Development\MERN\portal\node_modules\mysql\lib\Connection.js:526:10)
    at Socket.emit (node:events:527:28)
    at addChunk (node:internal/streams/readable:324:12)
    at readableAddChunk (node:internal/streams/readable:297:9)
    at Socket.Readable.push (node:internal/streams/readable:234:10)
2023-10-05T07:34:50.214Z [uncaughtException] info: ReferenceError: tasksList is not defined
    at Query.<anonymous> (F:\IT\Web Development\MERN\portal\Routes\Employee\employee.js:2030:148)
    at Query.<anonymous> (F:\IT\Web Development\MERN\portal\node_modules\mysql\lib\Connection.js:526:10)
    at Query._callback (F:\IT\Web Development\MERN\portal\node_modules\mysql\lib\Connection.js:488:16)
    at Query.Sequence.end (F:\IT\Web Development\MERN\portal\node_modules\mysql\lib\protocol\sequences\Sequence.js:83:24)
    at Query._handleFinalResultPacket (F:\IT\Web Development\MERN\portal\node_modules\mysql\lib\protocol\sequences\Query.js:149:8)
    at Query.EofPacket (F:\IT\Web Development\MERN\portal\node_modules\mysql\lib\protocol\sequences\Query.js:133:8)
    at Protocol._parsePacket (F:\IT\Web Development\MERN\portal\node_modules\mysql\lib\protocol\Protocol.js:291:23)
    at Parser._parsePacket (F:\IT\Web Development\MERN\portal\node_modules\mysql\lib\protocol\Parser.js:433:10)
    at Parser.write (F:\IT\Web Development\MERN\portal\node_modules\mysql\lib\protocol\Parser.js:43:10)
    at Protocol.write (F:\IT\Web Development\MERN\portal\node_modules\mysql\lib\protocol\Protocol.js:38:16)
    at Socket.<anonymous> (F:\IT\Web Development\MERN\portal\node_modules\mysql\lib\Connection.js:88:28)
    at Socket.<anonymous> (F:\IT\Web Development\MERN\portal\node_modules\mysql\lib\Connection.js:526:10)
    at Socket.emit (node:events:527:28)
    at addChunk (node:internal/streams/readable:324:12)
    at readableAddChunk (node:internal/streams/readable:297:9)
    at Socket.Readable.push (node:internal/streams/readable:234:10)
2023-10-05T07:36:21.542Z [unhandledRejection] error: Error: Evaluation failed: TypeError: Cannot read properties of undefined (reading 'WidFactory')
    at __puppeteer_evaluation_script__:2:42
    at ExecutionContext._evaluateInternal (F:\IT\Web Development\MERN\portal\node_modules\puppeteer\lib\cjs\puppeteer\common\ExecutionContext.js:221:19)
    at processTicksAndRejections (node:internal/process/task_queues:96:5)
    at async ExecutionContext.evaluate (F:\IT\Web Development\MERN\portal\node_modules\puppeteer\lib\cjs\puppeteer\common\ExecutionContext.js:110:16)
    at async Client.sendMessage (F:\IT\Web Development\MERN\portal\node_modules\whatsapp-web.js\src\Client.js:870:28)
2023-10-05T07:36:21.543Z [unhandledRejection] error: Error: Evaluation failed: TypeError: Cannot read properties of undefined (reading 'WidFactory')
    at __puppeteer_evaluation_script__:2:42
    at ExecutionContext._evaluateInternal (F:\IT\Web Development\MERN\portal\node_modules\puppeteer\lib\cjs\puppeteer\common\ExecutionContext.js:221:19)
    at processTicksAndRejections (node:internal/process/task_queues:96:5)
    at async ExecutionContext.evaluate (F:\IT\Web Development\MERN\portal\node_modules\puppeteer\lib\cjs\puppeteer\common\ExecutionContext.js:110:16)
    at async Client.sendMessage (F:\IT\Web Development\MERN\portal\node_modules\whatsapp-web.js\src\Client.js:870:28)
2023-10-05T07:40:03.393Z [unhandledRejection] error: Error: Evaluation failed: TypeError: Cannot read properties of undefined (reading 'WidFactory')
    at __puppeteer_evaluation_script__:2:42
    at ExecutionContext._evaluateInternal (F:\IT\Web Development\MERN\portal\node_modules\puppeteer\lib\cjs\puppeteer\common\ExecutionContext.js:221:19)
    at processTicksAndRejections (node:internal/process/task_queues:96:5)
    at async ExecutionContext.evaluate (F:\IT\Web Development\MERN\portal\node_modules\puppeteer\lib\cjs\puppeteer\common\ExecutionContext.js:110:16)
    at async Client.sendMessage (F:\IT\Web Development\MERN\portal\node_modules\whatsapp-web.js\src\Client.js:870:28)
2023-10-05T07:40:03.395Z [unhandledRejection] error: Error: Evaluation failed: TypeError: Cannot read properties of undefined (reading 'WidFactory')
    at __puppeteer_evaluation_script__:2:42
    at ExecutionContext._evaluateInternal (F:\IT\Web Development\MERN\portal\node_modules\puppeteer\lib\cjs\puppeteer\common\ExecutionContext.js:221:19)
    at processTicksAndRejections (node:internal/process/task_queues:96:5)
    at async ExecutionContext.evaluate (F:\IT\Web Development\MERN\portal\node_modules\puppeteer\lib\cjs\puppeteer\common\ExecutionContext.js:110:16)
    at async Client.sendMessage (F:\IT\Web Development\MERN\portal\node_modules\whatsapp-web.js\src\Client.js:870:28)
2023-10-06T01:22:42.417Z [unhandledRejection] error: Error: Protocol error (Runtime.callFunctionOn): Session closed. Most likely the page has been closed.
    at CDPSession.send (F:\IT\Web Development\MERN\portal\node_modules\puppeteer\lib\cjs\puppeteer\common\Connection.js:218:35)
    at ExecutionContext._evaluateInternal (F:\IT\Web Development\MERN\portal\node_modules\puppeteer\lib\cjs\puppeteer\common\ExecutionContext.js:204:50)
    at ExecutionContext.evaluate (F:\IT\Web Development\MERN\portal\node_modules\puppeteer\lib\cjs\puppeteer\common\ExecutionContext.js:110:27)
    at DOMWorld.evaluate (F:\IT\Web Development\MERN\portal\node_modules\puppeteer\lib\cjs\puppeteer\common\DOMWorld.js:97:24)
    at runMicrotasks (<anonymous>)
    at processTicksAndRejections (node:internal/process/task_queues:96:5)
2023-10-06T01:22:42.626Z [unhandledRejection] error: Error: Protocol error (Runtime.callFunctionOn): Session closed. Most likely the page has been closed.
    at CDPSession.send (F:\IT\Web Development\MERN\portal\node_modules\puppeteer\lib\cjs\puppeteer\common\Connection.js:218:35)
    at ExecutionContext._evaluateInternal (F:\IT\Web Development\MERN\portal\node_modules\puppeteer\lib\cjs\puppeteer\common\ExecutionContext.js:204:50)
    at ExecutionContext.evaluate (F:\IT\Web Development\MERN\portal\node_modules\puppeteer\lib\cjs\puppeteer\common\ExecutionContext.js:110:27)
    at DOMWorld.evaluate (F:\IT\Web Development\MERN\portal\node_modules\puppeteer\lib\cjs\puppeteer\common\DOMWorld.js:97:24)
    at runMicrotasks (<anonymous>)
    at processTicksAndRejections (node:internal/process/task_queues:96:5)
2023-10-06T01:22:42.770Z [uncaughtException] info: ReferenceError: res is not defined
    at F:\IT\Web Development\MERN\portal\Routes\Services\ReadTxtFile.js:59:17
    at F:\IT\Web Development\MERN\portal\node_modules\graceful-fs\graceful-fs.js:61:14
    at FSReqCallback.oncomplete (node:fs:189:23)
2023-10-06T01:22:42.900Z [uncaughtException] info: ReferenceError: res is not defined
    at F:\IT\Web Development\MERN\portal\Routes\Services\ReadTxtFile.js:59:17
    at F:\IT\Web Development\MERN\portal\node_modules\graceful-fs\graceful-fs.js:61:14
    at FSReqCallback.oncomplete (node:fs:189:23)
