2023-10-08T08:48:57.282Z [uncaughtException] info: ReferenceError: view is not defined
    at Object.<anonymous> (F:\IT\Web Development\MERN\portal\Routes\Employee\employee.js:483:7)
    at Module._compile (node:internal/modules/cjs/loader:1099:14)
    at Object.Module._extensions..js (node:internal/modules/cjs/loader:1153:10)
    at Module.load (node:internal/modules/cjs/loader:975:32)
    at Function.Module._load (node:internal/modules/cjs/loader:822:12)
    at Module.require (node:internal/modules/cjs/loader:999:19)
    at require (node:internal/modules/cjs/helpers:102:18)
    at Object.<anonymous> (F:\IT\Web Development\MERN\portal\include.js:6:10)
    at Module._compile (node:internal/modules/cjs/loader:1099:14)
    at Object.Module._extensions..js (node:internal/modules/cjs/loader:1153:10)
    at Module.load (node:internal/modules/cjs/loader:975:32)
    at Function.Module._load (node:internal/modules/cjs/loader:822:12)
    at Module.require (node:internal/modules/cjs/loader:999:19)
    at require (node:internal/modules/cjs/helpers:102:18)
    at Object.<anonymous> (F:\IT\Web Development\MERN\portal\server.js:82:10)
    at Module._compile (node:internal/modules/cjs/loader:1099:14)
2023-10-08T08:49:36.295Z [uncaughtException] info: ReferenceError: res is not defined
    at Query._callback (F:\IT\Web Development\MERN\portal\Routes\Employee\employee.js:491:13)
    at Query.Sequence.end (F:\IT\Web Development\MERN\portal\node_modules\mysql\lib\protocol\sequences\Sequence.js:83:24)
    at F:\IT\Web Development\MERN\portal\node_modules\mysql\lib\Pool.js:205:13
    at Handshake.onConnect (F:\IT\Web Development\MERN\portal\node_modules\mysql\lib\Pool.js:58:9)
    at Handshake.<anonymous> (F:\IT\Web Development\MERN\portal\node_modules\mysql\lib\Connection.js:526:10)
    at Handshake._callback (F:\IT\Web Development\MERN\portal\node_modules\mysql\lib\Connection.js:488:16)
    at Handshake.Sequence.end (F:\IT\Web Development\MERN\portal\node_modules\mysql\lib\protocol\sequences\Sequence.js:83:24)
    at Protocol.handleNetworkError (F:\IT\Web Development\MERN\portal\node_modules\mysql\lib\protocol\Protocol.js:369:14)
    at PoolConnection.Connection._handleNetworkError (F:\IT\Web Development\MERN\portal\node_modules\mysql\lib\Connection.js:418:18)
    at PoolConnection.Connection._handleConnectTimeout (F:\IT\Web Development\MERN\portal\node_modules\mysql\lib\Connection.js:414:8)
    at Object.onceWrapper (node:events:641:28)
    at Socket.emit (node:events:527:28)
    at Socket._onTimeout (node:net:522:8)
    at listOnTimeout (node:internal/timers:559:17)
    at processTimers (node:internal/timers:502:7)
2023-10-08T08:49:36.444Z [uncaughtException] info: ReferenceError: res is not defined
    at F:\IT\Web Development\MERN\portal\Routes\Services\ReadTxtFile.js:59:17
    at F:\IT\Web Development\MERN\portal\node_modules\graceful-fs\graceful-fs.js:61:14
    at FSReqCallback.oncomplete (node:fs:189:23)
2023-10-08T08:49:36.493Z [uncaughtException] info: ReferenceError: res is not defined
    at F:\IT\Web Development\MERN\portal\Routes\Services\ReadTxtFile.js:59:17
    at F:\IT\Web Development\MERN\portal\node_modules\graceful-fs\graceful-fs.js:61:14
    at FSReqCallback.oncomplete (node:fs:189:23)
2023-10-08T08:49:36.629Z [unhandledRejection] error: TypeError: Cannot read properties of null (reading 'evaluate')
    at Client.sendMessage (F:\IT\Web Development\MERN\portal\node_modules\whatsapp-web.js\src\Client.js:870:47)
    at Query.<anonymous> (F:\IT\Web Development\MERN\portal\Routes\Whatsapp\whatsapp.js:661:20)
    at Query.<anonymous> (F:\IT\Web Development\MERN\portal\node_modules\mysql\lib\Connection.js:526:10)
    at Query._callback (F:\IT\Web Development\MERN\portal\node_modules\mysql\lib\Connection.js:488:16)
    at Query.Sequence.end (F:\IT\Web Development\MERN\portal\node_modules\mysql\lib\protocol\sequences\Sequence.js:83:24)
    at Query._handleFinalResultPacket (F:\IT\Web Development\MERN\portal\node_modules\mysql\lib\protocol\sequences\Query.js:149:8)
    at Query.OkPacket (F:\IT\Web Development\MERN\portal\node_modules\mysql\lib\protocol\sequences\Query.js:74:10)
    at Protocol._parsePacket (F:\IT\Web Development\MERN\portal\node_modules\mysql\lib\protocol\Protocol.js:291:23)
    at Parser._parsePacket (F:\IT\Web Development\MERN\portal\node_modules\mysql\lib\protocol\Parser.js:433:10)
    at Parser.write (F:\IT\Web Development\MERN\portal\node_modules\mysql\lib\protocol\Parser.js:43:10)
    at Protocol.write (F:\IT\Web Development\MERN\portal\node_modules\mysql\lib\protocol\Protocol.js:38:16)
    at Socket.<anonymous> (F:\IT\Web Development\MERN\portal\node_modules\mysql\lib\Connection.js:88:28)
    at Socket.<anonymous> (F:\IT\Web Development\MERN\portal\node_modules\mysql\lib\Connection.js:526:10)
    at Socket.emit (node:events:527:28)
    at addChunk (node:internal/streams/readable:324:12)
    at readableAddChunk (node:internal/streams/readable:297:9)
2023-10-08T08:49:36.847Z [unhandledRejection] error: TypeError: Cannot read properties of null (reading 'evaluate')
    at Client.sendMessage (F:\IT\Web Development\MERN\portal\node_modules\whatsapp-web.js\src\Client.js:870:47)
    at Query.<anonymous> (F:\IT\Web Development\MERN\portal\Routes\Whatsapp\whatsapp.js:661:20)
    at Query.<anonymous> (F:\IT\Web Development\MERN\portal\node_modules\mysql\lib\Connection.js:526:10)
    at Query._callback (F:\IT\Web Development\MERN\portal\node_modules\mysql\lib\Connection.js:488:16)
    at Query.Sequence.end (F:\IT\Web Development\MERN\portal\node_modules\mysql\lib\protocol\sequences\Sequence.js:83:24)
    at Query._handleFinalResultPacket (F:\IT\Web Development\MERN\portal\node_modules\mysql\lib\protocol\sequences\Query.js:149:8)
    at Query.OkPacket (F:\IT\Web Development\MERN\portal\node_modules\mysql\lib\protocol\sequences\Query.js:74:10)
    at Protocol._parsePacket (F:\IT\Web Development\MERN\portal\node_modules\mysql\lib\protocol\Protocol.js:291:23)
    at Parser._parsePacket (F:\IT\Web Development\MERN\portal\node_modules\mysql\lib\protocol\Parser.js:433:10)
    at Parser.write (F:\IT\Web Development\MERN\portal\node_modules\mysql\lib\protocol\Parser.js:43:10)
    at Protocol.write (F:\IT\Web Development\MERN\portal\node_modules\mysql\lib\protocol\Protocol.js:38:16)
    at Socket.<anonymous> (F:\IT\Web Development\MERN\portal\node_modules\mysql\lib\Connection.js:88:28)
    at Socket.<anonymous> (F:\IT\Web Development\MERN\portal\node_modules\mysql\lib\Connection.js:526:10)
    at Socket.emit (node:events:527:28)
    at addChunk (node:internal/streams/readable:324:12)
    at readableAddChunk (node:internal/streams/readable:297:9)
