2023-10-02T11:50:35.573Z [uncaughtException] info: Error: Cannot find module './attendance/auth'
Require stack:
- D:\EmpPortal\include.js
- D:\EmpPortal\server.js
    at Function.Module._resolveFilename (internal/modules/cjs/loader.js:889:15)
    at Function.Module._load (internal/modules/cjs/loader.js:745:27)
    at Module.require (internal/modules/cjs/loader.js:961:19)
    at require (internal/modules/cjs/helpers.js:92:18)
    at Object.<anonymous> (D:\EmpPortal\include.js:84:10)
    at Module._compile (internal/modules/cjs/loader.js:1072:14)
    at Object.Module._extensions..js (internal/modules/cjs/loader.js:1101:10)
    at Module.load (internal/modules/cjs/loader.js:937:32)
    at Function.Module._load (internal/modules/cjs/loader.js:778:12)
    at Module.require (internal/modules/cjs/loader.js:961:19)
    at require (internal/modules/cjs/helpers.js:92:18)
    at Object.<anonymous> (D:\EmpPortal\server.js:82:10)
    at Module._compile (internal/modules/cjs/loader.js:1072:14)
    at Object.Module._extensions..js (internal/modules/cjs/loader.js:1101:10)
    at Module.load (internal/modules/cjs/loader.js:937:32)
    at Function.Module._load (internal/modules/cjs/loader.js:778:12)
2023-10-02T11:51:16.263Z [uncaughtException] info: Error: Cannot find module './Routes/Containers/container'
Require stack:
- D:\EmpPortal\include.js
- D:\EmpPortal\server.js
    at Function.Module._resolveFilename (internal/modules/cjs/loader.js:889:15)
    at Function.Module._load (internal/modules/cjs/loader.js:745:27)
    at Module.require (internal/modules/cjs/loader.js:961:19)
    at require (internal/modules/cjs/helpers.js:92:18)
    at Object.<anonymous> (D:\EmpPortal\include.js:101:10)
    at Module._compile (internal/modules/cjs/loader.js:1072:14)
    at Object.Module._extensions..js (internal/modules/cjs/loader.js:1101:10)
    at Module.load (internal/modules/cjs/loader.js:937:32)
    at Function.Module._load (internal/modules/cjs/loader.js:778:12)
    at Module.require (internal/modules/cjs/loader.js:961:19)
    at require (internal/modules/cjs/helpers.js:92:18)
    at Object.<anonymous> (D:\EmpPortal\server.js:82:10)
    at Module._compile (internal/modules/cjs/loader.js:1072:14)
    at Object.Module._extensions..js (internal/modules/cjs/loader.js:1101:10)
    at Module.load (internal/modules/cjs/loader.js:937:32)
    at Function.Module._load (internal/modules/cjs/loader.js:778:12)
2023-10-02T11:51:21.156Z [uncaughtException] info: Error: Cannot find module './Routes/Containers/container'
Require stack:
- D:\EmpPortal\include.js
- D:\EmpPortal\server.js
    at Function.Module._resolveFilename (internal/modules/cjs/loader.js:889:15)
    at Function.Module._load (internal/modules/cjs/loader.js:745:27)
    at Module.require (internal/modules/cjs/loader.js:961:19)
    at require (internal/modules/cjs/helpers.js:92:18)
    at Object.<anonymous> (D:\EmpPortal\include.js:101:10)
    at Module._compile (internal/modules/cjs/loader.js:1072:14)
    at Object.Module._extensions..js (internal/modules/cjs/loader.js:1101:10)
    at Module.load (internal/modules/cjs/loader.js:937:32)
    at Function.Module._load (internal/modules/cjs/loader.js:778:12)
    at Module.require (internal/modules/cjs/loader.js:961:19)
    at require (internal/modules/cjs/helpers.js:92:18)
    at Object.<anonymous> (D:\EmpPortal\server.js:82:10)
    at Module._compile (internal/modules/cjs/loader.js:1072:14)
    at Object.Module._extensions..js (internal/modules/cjs/loader.js:1101:10)
    at Module.load (internal/modules/cjs/loader.js:937:32)
    at Function.Module._load (internal/modules/cjs/loader.js:778:12)
2023-10-02T11:51:28.873Z [unhandledRejection] error: ProtocolError: Protocol error (Runtime.callFunctionOn): Target closed.
    at D:\EmpPortal\node_modules\puppeteer\lib\cjs\puppeteer\common\Connection.js:230:24
    at new Promise (<anonymous>)
    at CDPSession.send (D:\EmpPortal\node_modules\puppeteer\lib\cjs\puppeteer\common\Connection.js:226:16)
    at ExecutionContext._evaluateInternal (D:\EmpPortal\node_modules\puppeteer\lib\cjs\puppeteer\common\ExecutionContext.js:204:50)
    at ExecutionContext.evaluateHandle (D:\EmpPortal\node_modules\puppeteer\lib\cjs\puppeteer\common\ExecutionContext.js:155:21)
    at WaitTask.rerun (D:\EmpPortal\node_modules\puppeteer\lib\cjs\puppeteer\common\DOMWorld.js:551:37)
    at processTicksAndRejections (internal/process/task_queues.js:95:5)
2023-10-02T11:51:33.665Z [uncaughtException] info: Error: Cannot find module './Management/auth'
Require stack:
- D:\EmpPortal\include.js
- D:\EmpPortal\server.js
    at Function.Module._resolveFilename (internal/modules/cjs/loader.js:889:15)
    at Function.Module._load (internal/modules/cjs/loader.js:745:27)
    at Module.require (internal/modules/cjs/loader.js:961:19)
    at require (internal/modules/cjs/helpers.js:92:18)
    at Object.<anonymous> (D:\EmpPortal\include.js:113:10)
    at Module._compile (internal/modules/cjs/loader.js:1072:14)
    at Object.Module._extensions..js (internal/modules/cjs/loader.js:1101:10)
    at Module.load (internal/modules/cjs/loader.js:937:32)
    at Function.Module._load (internal/modules/cjs/loader.js:778:12)
    at Module.require (internal/modules/cjs/loader.js:961:19)
    at require (internal/modules/cjs/helpers.js:92:18)
    at Object.<anonymous> (D:\EmpPortal\server.js:82:10)
    at Module._compile (internal/modules/cjs/loader.js:1072:14)
    at Object.Module._extensions..js (internal/modules/cjs/loader.js:1101:10)
    at Module.load (internal/modules/cjs/loader.js:937:32)
    at Function.Module._load (internal/modules/cjs/loader.js:778:12)
2023-10-02T11:51:44.865Z [unhandledRejection] error: ProtocolError: Protocol error (Runtime.callFunctionOn): Target closed.
    at D:\EmpPortal\node_modules\puppeteer\lib\cjs\puppeteer\common\Connection.js:230:24
    at new Promise (<anonymous>)
    at CDPSession.send (D:\EmpPortal\node_modules\puppeteer\lib\cjs\puppeteer\common\Connection.js:226:16)
    at ExecutionContext._evaluateInternal (D:\EmpPortal\node_modules\puppeteer\lib\cjs\puppeteer\common\ExecutionContext.js:204:50)
    at ExecutionContext.evaluateHandle (D:\EmpPortal\node_modules\puppeteer\lib\cjs\puppeteer\common\ExecutionContext.js:155:21)
    at WaitTask.rerun (D:\EmpPortal\node_modules\puppeteer\lib\cjs\puppeteer\common\DOMWorld.js:551:37)
    at processTicksAndRejections (internal/process/task_queues.js:95:5)
2023-10-02T11:52:58.296Z [uncaughtException] info: ReferenceError: res is not defined
    at D:\EmpPortal\Routes\Services\ReadTxtFile.js:63:17
    at D:\EmpPortal\node_modules\graceful-fs\graceful-fs.js:61:14
    at FSReqCallback.oncomplete (fs.js:180:23)
2023-10-02T11:52:58.328Z [uncaughtException] info: ReferenceError: res is not defined
    at D:\EmpPortal\Routes\Services\ReadTxtFile.js:63:17
    at D:\EmpPortal\node_modules\graceful-fs\graceful-fs.js:61:14
    at FSReqCallback.oncomplete (fs.js:180:23)
2023-10-02T12:11:27.156Z [uncaughtException] info: ReferenceError: fs is not defined
    at Object.<anonymous> (D:\EmpPortal\server.js:24:14)
    at Module._compile (internal/modules/cjs/loader.js:1072:14)
    at Object.Module._extensions..js (internal/modules/cjs/loader.js:1101:10)
    at Module.load (internal/modules/cjs/loader.js:937:32)
    at Function.Module._load (internal/modules/cjs/loader.js:778:12)
    at Function.executeUserEntryPoint [as runMain] (internal/modules/run_main.js:76:12)
    at internal/main/run_main_module.js:17:47
2023-10-02T12:11:32.007Z [uncaughtException] info: ReferenceError: fs is not defined
    at Object.<anonymous> (D:\EmpPortal\server.js:24:14)
    at Module._compile (internal/modules/cjs/loader.js:1072:14)
    at Object.Module._extensions..js (internal/modules/cjs/loader.js:1101:10)
    at Module.load (internal/modules/cjs/loader.js:937:32)
    at Function.Module._load (internal/modules/cjs/loader.js:778:12)
    at Function.executeUserEntryPoint [as runMain] (internal/modules/run_main.js:76:12)
    at internal/main/run_main_module.js:17:47
2023-10-02T12:11:50.243Z [uncaughtException] info: Error: ENOENT: no such file or directory, open 'client/SSL/key.pem'
    at Object.openSync (fs.js:498:3)
    at Object.readFileSync (fs.js:394:35)
    at Object.<anonymous> (D:\EmpPortal\server.js:25:17)
    at Module._compile (internal/modules/cjs/loader.js:1072:14)
    at Object.Module._extensions..js (internal/modules/cjs/loader.js:1101:10)
    at Module.load (internal/modules/cjs/loader.js:937:32)
    at Function.Module._load (internal/modules/cjs/loader.js:778:12)
    at Function.executeUserEntryPoint [as runMain] (internal/modules/run_main.js:76:12)
    at internal/main/run_main_module.js:17:47
2023-10-02T12:11:51.391Z [uncaughtException] info: Error: ENOENT: no such file or directory, open 'client/SSL/key.pem'
    at Object.openSync (fs.js:498:3)
    at Object.readFileSync (fs.js:394:35)
    at Object.<anonymous> (D:\EmpPortal\server.js:25:17)
    at Module._compile (internal/modules/cjs/loader.js:1072:14)
    at Object.Module._extensions..js (internal/modules/cjs/loader.js:1101:10)
    at Module.load (internal/modules/cjs/loader.js:937:32)
    at Function.Module._load (internal/modules/cjs/loader.js:778:12)
    at Function.executeUserEntryPoint [as runMain] (internal/modules/run_main.js:76:12)
    at internal/main/run_main_module.js:17:47
2023-10-02T12:11:52.261Z [uncaughtException] info: Error: ENOENT: no such file or directory, open 'client/SSL/key.pem'
    at Object.openSync (fs.js:498:3)
    at Object.readFileSync (fs.js:394:35)
    at Object.<anonymous> (D:\EmpPortal\server.js:25:17)
    at Module._compile (internal/modules/cjs/loader.js:1072:14)
    at Object.Module._extensions..js (internal/modules/cjs/loader.js:1101:10)
    at Module.load (internal/modules/cjs/loader.js:937:32)
    at Function.Module._load (internal/modules/cjs/loader.js:778:12)
    at Function.executeUserEntryPoint [as runMain] (internal/modules/run_main.js:76:12)
    at internal/main/run_main_module.js:17:47
2023-10-02T12:11:58.810Z [uncaughtException] info: Error: ENOENT: no such file or directory, open 'client/SSL/key.pem'
    at Object.openSync (fs.js:498:3)
    at Object.readFileSync (fs.js:394:35)
    at Object.<anonymous> (D:\EmpPortal\server.js:25:17)
    at Module._compile (internal/modules/cjs/loader.js:1072:14)
    at Object.Module._extensions..js (internal/modules/cjs/loader.js:1101:10)
    at Module.load (internal/modules/cjs/loader.js:937:32)
    at Function.Module._load (internal/modules/cjs/loader.js:778:12)
    at Function.executeUserEntryPoint [as runMain] (internal/modules/run_main.js:76:12)
    at internal/main/run_main_module.js:17:47
2023-10-02T12:14:46.471Z [uncaughtException] info: TypeError: Cannot read property 'today' of undefined
    at issueTickets (D:\EmpPortal\Routes\Services\AutoTickets.js:26:61)
    at issueTickets (D:\EmpPortal\Routes\Services\AutoTickets.js:89:33)
    at Query.<anonymous> (D:\EmpPortal\Routes\Services\AutoTickets.js:92:25)
    at Query.<anonymous> (D:\EmpPortal\node_modules\mysql\lib\Connection.js:526:10)
    at Query._callback (D:\EmpPortal\node_modules\mysql\lib\Connection.js:488:16)
    at Query.Sequence.end (D:\EmpPortal\node_modules\mysql\lib\protocol\sequences\Sequence.js:83:24)
    at Query._handleFinalResultPacket (D:\EmpPortal\node_modules\mysql\lib\protocol\sequences\Query.js:149:8)
    at Query.EofPacket (D:\EmpPortal\node_modules\mysql\lib\protocol\sequences\Query.js:133:8)
    at Protocol._parsePacket (D:\EmpPortal\node_modules\mysql\lib\protocol\Protocol.js:291:23)
    at Parser._parsePacket (D:\EmpPortal\node_modules\mysql\lib\protocol\Parser.js:433:10)
    at Parser.write (D:\EmpPortal\node_modules\mysql\lib\protocol\Parser.js:43:10)
    at Protocol.write (D:\EmpPortal\node_modules\mysql\lib\protocol\Protocol.js:38:16)
    at Socket.<anonymous> (D:\EmpPortal\node_modules\mysql\lib\Connection.js:88:28)
    at Socket.<anonymous> (D:\EmpPortal\node_modules\mysql\lib\Connection.js:526:10)
    at Socket.emit (events.js:400:28)
    at addChunk (internal/streams/readable.js:290:12)
2023-10-02T12:19:16.647Z [uncaughtException] info: TypeError: Cannot read property 'today' of undefined
    at issueTickets (D:\EmpPortal\Routes\Services\AutoTickets.js:118:61)
    at issueTickets (D:\EmpPortal\Routes\Services\AutoTickets.js:177:33)
    at Query.<anonymous> (D:\EmpPortal\Routes\Services\AutoTickets.js:180:25)
    at Query.<anonymous> (D:\EmpPortal\node_modules\mysql\lib\Connection.js:526:10)
    at Query._callback (D:\EmpPortal\node_modules\mysql\lib\Connection.js:488:16)
    at Query.Sequence.end (D:\EmpPortal\node_modules\mysql\lib\protocol\sequences\Sequence.js:83:24)
    at Query._handleFinalResultPacket (D:\EmpPortal\node_modules\mysql\lib\protocol\sequences\Query.js:149:8)
    at Query.EofPacket (D:\EmpPortal\node_modules\mysql\lib\protocol\sequences\Query.js:133:8)
    at Protocol._parsePacket (D:\EmpPortal\node_modules\mysql\lib\protocol\Protocol.js:291:23)
    at Parser._parsePacket (D:\EmpPortal\node_modules\mysql\lib\protocol\Parser.js:433:10)
    at Parser.write (D:\EmpPortal\node_modules\mysql\lib\protocol\Parser.js:43:10)
    at Protocol.write (D:\EmpPortal\node_modules\mysql\lib\protocol\Protocol.js:38:16)
    at Socket.<anonymous> (D:\EmpPortal\node_modules\mysql\lib\Connection.js:88:28)
    at Socket.<anonymous> (D:\EmpPortal\node_modules\mysql\lib\Connection.js:526:10)
    at Socket.emit (events.js:400:28)
    at addChunk (internal/streams/readable.js:290:12)
2023-10-02T12:55:41.241Z [uncaughtException] info: ReferenceError: rslt is not defined
    at Query.<anonymous> (D:\EmpPortal\Routes\Employee\drive.js:442:47)
    at Query.<anonymous> (D:\EmpPortal\node_modules\mysql\lib\Connection.js:526:10)
    at Query._callback (D:\EmpPortal\node_modules\mysql\lib\Connection.js:488:16)
    at Query.Sequence.end (D:\EmpPortal\node_modules\mysql\lib\protocol\sequences\Sequence.js:83:24)
    at Query._handleFinalResultPacket (D:\EmpPortal\node_modules\mysql\lib\protocol\sequences\Query.js:149:8)
    at Query.OkPacket (D:\EmpPortal\node_modules\mysql\lib\protocol\sequences\Query.js:74:10)
    at Protocol._parsePacket (D:\EmpPortal\node_modules\mysql\lib\protocol\Protocol.js:291:23)
    at Parser._parsePacket (D:\EmpPortal\node_modules\mysql\lib\protocol\Parser.js:433:10)
    at Parser.write (D:\EmpPortal\node_modules\mysql\lib\protocol\Parser.js:43:10)
    at Protocol.write (D:\EmpPortal\node_modules\mysql\lib\protocol\Protocol.js:38:16)
    at Socket.<anonymous> (D:\EmpPortal\node_modules\mysql\lib\Connection.js:88:28)
    at Socket.<anonymous> (D:\EmpPortal\node_modules\mysql\lib\Connection.js:526:10)
    at Socket.emit (events.js:400:28)
    at addChunk (internal/streams/readable.js:290:12)
    at readableAddChunk (internal/streams/readable.js:265:9)
    at Socket.Readable.push (internal/streams/readable.js:204:10)
2023-10-02T12:55:42.328Z [uncaughtException] info: Error: ENOENT: no such file or directory, unlink 'client/images/drive/MuhammadShoaib_20008/0400000518202_520014435817.pdf'
    at Object.unlinkSync (fs.js:1251:3)
    at Query.<anonymous> (D:\EmpPortal\Routes\Employee\drive.js:441:45)
    at Query.<anonymous> (D:\EmpPortal\node_modules\mysql\lib\Connection.js:526:10)
    at Query._callback (D:\EmpPortal\node_modules\mysql\lib\Connection.js:488:16)
    at Query.Sequence.end (D:\EmpPortal\node_modules\mysql\lib\protocol\sequences\Sequence.js:83:24)
    at Query._handleFinalResultPacket (D:\EmpPortal\node_modules\mysql\lib\protocol\sequences\Query.js:149:8)
    at Query.OkPacket (D:\EmpPortal\node_modules\mysql\lib\protocol\sequences\Query.js:74:10)
    at Protocol._parsePacket (D:\EmpPortal\node_modules\mysql\lib\protocol\Protocol.js:291:23)
    at Parser._parsePacket (D:\EmpPortal\node_modules\mysql\lib\protocol\Parser.js:433:10)
    at Parser.write (D:\EmpPortal\node_modules\mysql\lib\protocol\Parser.js:43:10)
    at Protocol.write (D:\EmpPortal\node_modules\mysql\lib\protocol\Protocol.js:38:16)
    at Socket.<anonymous> (D:\EmpPortal\node_modules\mysql\lib\Connection.js:88:28)
    at Socket.<anonymous> (D:\EmpPortal\node_modules\mysql\lib\Connection.js:526:10)
    at Socket.emit (events.js:400:28)
    at addChunk (internal/streams/readable.js:290:12)
    at readableAddChunk (internal/streams/readable.js:265:9)
2023-10-02T13:05:47.861Z [uncaughtException] info: TypeError: Cannot read property 'name' of undefined
    at Query.<anonymous> (D:\EmpPortal\Routes\Inventory\purchaseorder.js:737:92)
    at Query.<anonymous> (D:\EmpPortal\node_modules\mysql\lib\Connection.js:526:10)
    at Query._callback (D:\EmpPortal\node_modules\mysql\lib\Connection.js:488:16)
    at Query.Sequence.end (D:\EmpPortal\node_modules\mysql\lib\protocol\sequences\Sequence.js:83:24)
    at Query._handleFinalResultPacket (D:\EmpPortal\node_modules\mysql\lib\protocol\sequences\Query.js:149:8)
    at Query.EofPacket (D:\EmpPortal\node_modules\mysql\lib\protocol\sequences\Query.js:133:8)
    at Protocol._parsePacket (D:\EmpPortal\node_modules\mysql\lib\protocol\Protocol.js:291:23)
    at Parser._parsePacket (D:\EmpPortal\node_modules\mysql\lib\protocol\Parser.js:433:10)
    at Parser.write (D:\EmpPortal\node_modules\mysql\lib\protocol\Parser.js:43:10)
    at Protocol.write (D:\EmpPortal\node_modules\mysql\lib\protocol\Protocol.js:38:16)
    at Socket.<anonymous> (D:\EmpPortal\node_modules\mysql\lib\Connection.js:88:28)
    at Socket.<anonymous> (D:\EmpPortal\node_modules\mysql\lib\Connection.js:526:10)
    at Socket.emit (events.js:400:28)
    at addChunk (internal/streams/readable.js:290:12)
    at readableAddChunk (internal/streams/readable.js:265:9)
    at Socket.Readable.push (internal/streams/readable.js:204:10)
2023-10-02T13:06:00.897Z [uncaughtException] info: TypeError: Cannot read property 'name' of undefined
    at Query.<anonymous> (D:\EmpPortal\Routes\Inventory\purchaseorder.js:737:92)
    at Query.<anonymous> (D:\EmpPortal\node_modules\mysql\lib\Connection.js:526:10)
    at Query._callback (D:\EmpPortal\node_modules\mysql\lib\Connection.js:488:16)
    at Query.Sequence.end (D:\EmpPortal\node_modules\mysql\lib\protocol\sequences\Sequence.js:83:24)
    at Query._handleFinalResultPacket (D:\EmpPortal\node_modules\mysql\lib\protocol\sequences\Query.js:149:8)
    at Query.EofPacket (D:\EmpPortal\node_modules\mysql\lib\protocol\sequences\Query.js:133:8)
    at Protocol._parsePacket (D:\EmpPortal\node_modules\mysql\lib\protocol\Protocol.js:291:23)
    at Parser._parsePacket (D:\EmpPortal\node_modules\mysql\lib\protocol\Parser.js:433:10)
    at Parser.write (D:\EmpPortal\node_modules\mysql\lib\protocol\Parser.js:43:10)
    at Protocol.write (D:\EmpPortal\node_modules\mysql\lib\protocol\Protocol.js:38:16)
    at Socket.<anonymous> (D:\EmpPortal\node_modules\mysql\lib\Connection.js:88:28)
    at Socket.<anonymous> (D:\EmpPortal\node_modules\mysql\lib\Connection.js:526:10)
    at Socket.emit (events.js:400:28)
    at addChunk (internal/streams/readable.js:290:12)
    at readableAddChunk (internal/streams/readable.js:265:9)
    at Socket.Readable.push (internal/streams/readable.js:204:10)
2023-10-02T15:53:09.161Z [uncaughtException] info: TypeError: Cannot read property 'name' of undefined
    at Query.<anonymous> (D:\EmpPortal\Routes\Inventory\purchaserequisition.js:2635:88)
    at Query.<anonymous> (D:\EmpPortal\node_modules\mysql\lib\Connection.js:526:10)
    at Query._callback (D:\EmpPortal\node_modules\mysql\lib\Connection.js:488:16)
    at Query.Sequence.end (D:\EmpPortal\node_modules\mysql\lib\protocol\sequences\Sequence.js:83:24)
    at Query._handleFinalResultPacket (D:\EmpPortal\node_modules\mysql\lib\protocol\sequences\Query.js:149:8)
    at Query.EofPacket (D:\EmpPortal\node_modules\mysql\lib\protocol\sequences\Query.js:133:8)
    at Protocol._parsePacket (D:\EmpPortal\node_modules\mysql\lib\protocol\Protocol.js:291:23)
    at Parser._parsePacket (D:\EmpPortal\node_modules\mysql\lib\protocol\Parser.js:433:10)
    at Parser.write (D:\EmpPortal\node_modules\mysql\lib\protocol\Parser.js:43:10)
    at Protocol.write (D:\EmpPortal\node_modules\mysql\lib\protocol\Protocol.js:38:16)
    at Socket.<anonymous> (D:\EmpPortal\node_modules\mysql\lib\Connection.js:88:28)
    at Socket.<anonymous> (D:\EmpPortal\node_modules\mysql\lib\Connection.js:526:10)
    at Socket.emit (events.js:400:28)
    at addChunk (internal/streams/readable.js:290:12)
    at readableAddChunk (internal/streams/readable.js:265:9)
    at Socket.Readable.push (internal/streams/readable.js:204:10)
2023-10-02T15:54:13.705Z [uncaughtException] info: TypeError: Cannot read property 'name' of undefined
    at Query.<anonymous> (D:\EmpPortal\Routes\Inventory\purchaserequisition.js:2635:88)
    at Query.<anonymous> (D:\EmpPortal\node_modules\mysql\lib\Connection.js:526:10)
    at Query._callback (D:\EmpPortal\node_modules\mysql\lib\Connection.js:488:16)
    at Query.Sequence.end (D:\EmpPortal\node_modules\mysql\lib\protocol\sequences\Sequence.js:83:24)
    at Query._handleFinalResultPacket (D:\EmpPortal\node_modules\mysql\lib\protocol\sequences\Query.js:149:8)
    at Query.EofPacket (D:\EmpPortal\node_modules\mysql\lib\protocol\sequences\Query.js:133:8)
    at Protocol._parsePacket (D:\EmpPortal\node_modules\mysql\lib\protocol\Protocol.js:291:23)
    at Parser._parsePacket (D:\EmpPortal\node_modules\mysql\lib\protocol\Parser.js:433:10)
    at Parser.write (D:\EmpPortal\node_modules\mysql\lib\protocol\Parser.js:43:10)
    at Protocol.write (D:\EmpPortal\node_modules\mysql\lib\protocol\Protocol.js:38:16)
    at Socket.<anonymous> (D:\EmpPortal\node_modules\mysql\lib\Connection.js:88:28)
    at Socket.<anonymous> (D:\EmpPortal\node_modules\mysql\lib\Connection.js:526:10)
    at Socket.emit (events.js:400:28)
    at addChunk (internal/streams/readable.js:290:12)
    at readableAddChunk (internal/streams/readable.js:265:9)
    at Socket.Readable.push (internal/streams/readable.js:204:10)
2023-10-03T06:23:38.702Z [uncaughtException] info: TypeError: Cannot read property 'name' of undefined
    at Query.<anonymous> (D:\EmpPortal\Routes\Cash\cash.js:899:116)
    at Query.<anonymous> (D:\EmpPortal\node_modules\mysql\lib\Connection.js:526:10)
    at Query._callback (D:\EmpPortal\node_modules\mysql\lib\Connection.js:488:16)
    at Query.Sequence.end (D:\EmpPortal\node_modules\mysql\lib\protocol\sequences\Sequence.js:83:24)
    at Query._handleFinalResultPacket (D:\EmpPortal\node_modules\mysql\lib\protocol\sequences\Query.js:149:8)
    at Query.EofPacket (D:\EmpPortal\node_modules\mysql\lib\protocol\sequences\Query.js:133:8)
    at Protocol._parsePacket (D:\EmpPortal\node_modules\mysql\lib\protocol\Protocol.js:291:23)
    at Parser._parsePacket (D:\EmpPortal\node_modules\mysql\lib\protocol\Parser.js:433:10)
    at Parser.write (D:\EmpPortal\node_modules\mysql\lib\protocol\Parser.js:43:10)
    at Protocol.write (D:\EmpPortal\node_modules\mysql\lib\protocol\Protocol.js:38:16)
    at Socket.<anonymous> (D:\EmpPortal\node_modules\mysql\lib\Connection.js:88:28)
    at Socket.<anonymous> (D:\EmpPortal\node_modules\mysql\lib\Connection.js:526:10)
    at Socket.emit (events.js:400:28)
    at addChunk (internal/streams/readable.js:290:12)
    at readableAddChunk (internal/streams/readable.js:265:9)
    at Socket.Readable.push (internal/streams/readable.js:204:10)
2023-10-03T08:32:35.378Z [uncaughtException] info: TypeError: Cannot read property 'name' of undefined
    at Query.<anonymous> (D:\EmpPortal\Routes\Inventory\purchaseorder.js:737:92)
    at Query.<anonymous> (D:\EmpPortal\node_modules\mysql\lib\Connection.js:526:10)
    at Query._callback (D:\EmpPortal\node_modules\mysql\lib\Connection.js:488:16)
    at Query.Sequence.end (D:\EmpPortal\node_modules\mysql\lib\protocol\sequences\Sequence.js:83:24)
    at Query._handleFinalResultPacket (D:\EmpPortal\node_modules\mysql\lib\protocol\sequences\Query.js:149:8)
    at Query.EofPacket (D:\EmpPortal\node_modules\mysql\lib\protocol\sequences\Query.js:133:8)
    at Protocol._parsePacket (D:\EmpPortal\node_modules\mysql\lib\protocol\Protocol.js:291:23)
    at Parser._parsePacket (D:\EmpPortal\node_modules\mysql\lib\protocol\Parser.js:433:10)
    at Parser.write (D:\EmpPortal\node_modules\mysql\lib\protocol\Parser.js:43:10)
    at Protocol.write (D:\EmpPortal\node_modules\mysql\lib\protocol\Protocol.js:38:16)
    at Socket.<anonymous> (D:\EmpPortal\node_modules\mysql\lib\Connection.js:88:28)
    at Socket.<anonymous> (D:\EmpPortal\node_modules\mysql\lib\Connection.js:526:10)
    at Socket.emit (events.js:400:28)
    at addChunk (internal/streams/readable.js:290:12)
    at readableAddChunk (internal/streams/readable.js:265:9)
    at Socket.Readable.push (internal/streams/readable.js:204:10)
2023-10-03T10:10:06.596Z [uncaughtException] info: TypeError: Cannot read property 'name' of undefined
    at Query.<anonymous> (D:\EmpPortal\Routes\Inventory\purchaseorder.js:737:92)
    at Query.<anonymous> (D:\EmpPortal\node_modules\mysql\lib\Connection.js:526:10)
    at Query._callback (D:\EmpPortal\node_modules\mysql\lib\Connection.js:488:16)
    at Query.Sequence.end (D:\EmpPortal\node_modules\mysql\lib\protocol\sequences\Sequence.js:83:24)
    at Query._handleFinalResultPacket (D:\EmpPortal\node_modules\mysql\lib\protocol\sequences\Query.js:149:8)
    at Query.EofPacket (D:\EmpPortal\node_modules\mysql\lib\protocol\sequences\Query.js:133:8)
    at Protocol._parsePacket (D:\EmpPortal\node_modules\mysql\lib\protocol\Protocol.js:291:23)
    at Parser._parsePacket (D:\EmpPortal\node_modules\mysql\lib\protocol\Parser.js:433:10)
    at Parser.write (D:\EmpPortal\node_modules\mysql\lib\protocol\Parser.js:43:10)
    at Protocol.write (D:\EmpPortal\node_modules\mysql\lib\protocol\Protocol.js:38:16)
    at Socket.<anonymous> (D:\EmpPortal\node_modules\mysql\lib\Connection.js:88:28)
    at Socket.<anonymous> (D:\EmpPortal\node_modules\mysql\lib\Connection.js:526:10)
    at Socket.emit (events.js:400:28)
    at addChunk (internal/streams/readable.js:290:12)
    at readableAddChunk (internal/streams/readable.js:265:9)
    at Socket.Readable.push (internal/streams/readable.js:204:10)
2023-10-03T10:10:35.188Z [uncaughtException] info: TypeError: Cannot read property 'name' of undefined
    at Query.<anonymous> (D:\EmpPortal\Routes\Inventory\purchaseorder.js:737:92)
    at Query.<anonymous> (D:\EmpPortal\node_modules\mysql\lib\Connection.js:526:10)
    at Query._callback (D:\EmpPortal\node_modules\mysql\lib\Connection.js:488:16)
    at Query.Sequence.end (D:\EmpPortal\node_modules\mysql\lib\protocol\sequences\Sequence.js:83:24)
    at Query._handleFinalResultPacket (D:\EmpPortal\node_modules\mysql\lib\protocol\sequences\Query.js:149:8)
    at Query.EofPacket (D:\EmpPortal\node_modules\mysql\lib\protocol\sequences\Query.js:133:8)
    at Protocol._parsePacket (D:\EmpPortal\node_modules\mysql\lib\protocol\Protocol.js:291:23)
    at Parser._parsePacket (D:\EmpPortal\node_modules\mysql\lib\protocol\Parser.js:433:10)
    at Parser.write (D:\EmpPortal\node_modules\mysql\lib\protocol\Parser.js:43:10)
    at Protocol.write (D:\EmpPortal\node_modules\mysql\lib\protocol\Protocol.js:38:16)
    at Socket.<anonymous> (D:\EmpPortal\node_modules\mysql\lib\Connection.js:88:28)
    at Socket.<anonymous> (D:\EmpPortal\node_modules\mysql\lib\Connection.js:526:10)
    at Socket.emit (events.js:400:28)
    at addChunk (internal/streams/readable.js:290:12)
    at readableAddChunk (internal/streams/readable.js:265:9)
    at Socket.Readable.push (internal/streams/readable.js:204:10)
2023-10-03T11:10:10.574Z [uncaughtException] info: TypeError: Cannot read property 'name' of undefined
    at Query.<anonymous> (D:\EmpPortal\Routes\Inventory\purchaseorder.js:737:92)
    at Query.<anonymous> (D:\EmpPortal\node_modules\mysql\lib\Connection.js:526:10)
    at Query._callback (D:\EmpPortal\node_modules\mysql\lib\Connection.js:488:16)
    at Query.Sequence.end (D:\EmpPortal\node_modules\mysql\lib\protocol\sequences\Sequence.js:83:24)
    at Query._handleFinalResultPacket (D:\EmpPortal\node_modules\mysql\lib\protocol\sequences\Query.js:149:8)
    at Query.EofPacket (D:\EmpPortal\node_modules\mysql\lib\protocol\sequences\Query.js:133:8)
    at Protocol._parsePacket (D:\EmpPortal\node_modules\mysql\lib\protocol\Protocol.js:291:23)
    at Parser._parsePacket (D:\EmpPortal\node_modules\mysql\lib\protocol\Parser.js:433:10)
    at Parser.write (D:\EmpPortal\node_modules\mysql\lib\protocol\Parser.js:43:10)
    at Protocol.write (D:\EmpPortal\node_modules\mysql\lib\protocol\Protocol.js:38:16)
    at Socket.<anonymous> (D:\EmpPortal\node_modules\mysql\lib\Connection.js:88:28)
    at Socket.<anonymous> (D:\EmpPortal\node_modules\mysql\lib\Connection.js:526:10)
    at Socket.emit (events.js:400:28)
    at addChunk (internal/streams/readable.js:290:12)
    at readableAddChunk (internal/streams/readable.js:265:9)
    at Socket.Readable.push (internal/streams/readable.js:204:10)
2023-10-03T11:15:23.147Z [uncaughtException] info: TypeError: Cannot read property 'name' of undefined
    at Query.<anonymous> (D:\EmpPortal\Routes\Inventory\purchaseorder.js:737:92)
    at Query.<anonymous> (D:\EmpPortal\node_modules\mysql\lib\Connection.js:526:10)
    at Query._callback (D:\EmpPortal\node_modules\mysql\lib\Connection.js:488:16)
    at Query.Sequence.end (D:\EmpPortal\node_modules\mysql\lib\protocol\sequences\Sequence.js:83:24)
    at Query._handleFinalResultPacket (D:\EmpPortal\node_modules\mysql\lib\protocol\sequences\Query.js:149:8)
    at Query.EofPacket (D:\EmpPortal\node_modules\mysql\lib\protocol\sequences\Query.js:133:8)
    at Protocol._parsePacket (D:\EmpPortal\node_modules\mysql\lib\protocol\Protocol.js:291:23)
    at Parser._parsePacket (D:\EmpPortal\node_modules\mysql\lib\protocol\Parser.js:433:10)
    at Parser.write (D:\EmpPortal\node_modules\mysql\lib\protocol\Parser.js:43:10)
    at Protocol.write (D:\EmpPortal\node_modules\mysql\lib\protocol\Protocol.js:38:16)
    at Socket.<anonymous> (D:\EmpPortal\node_modules\mysql\lib\Connection.js:88:28)
    at Socket.<anonymous> (D:\EmpPortal\node_modules\mysql\lib\Connection.js:526:10)
    at Socket.emit (events.js:400:28)
    at addChunk (internal/streams/readable.js:290:12)
    at readableAddChunk (internal/streams/readable.js:265:9)
    at Socket.Readable.push (internal/streams/readable.js:204:10)
