2023-10-03T06:32:55.045Z [unhandledRejection] error: TypeError: Cannot read properties of null (reading 'evaluate')
    at Client.sendMessage (F:\IT\Web Development\MERN\portal\node_modules\whatsapp-web.js\src\Client.js:870:47)
    at Query.<anonymous> (F:\IT\Web Development\MERN\portal\Routes\Whatsapp\whatsapp.js:655:20)
    at Query.<anonymous> (F:\IT\Web Development\MERN\portal\node_modules\mysql\lib\Connection.js:526:10)
    at Query._callback (F:\IT\Web Development\MERN\portal\node_modules\mysql\lib\Connection.js:488:16)
    at Query.Sequence.end (F:\IT\Web Development\MERN\portal\node_modules\mysql\lib\protocol\sequences\Sequence.js:83:24)
    at Query._handleFinalResultPacket (F:\IT\Web Development\MERN\portal\node_modules\mysql\lib\protocol\sequences\Query.js:149:8)
    at Query.OkPacket (F:\IT\Web Development\MERN\portal\node_modules\mysql\lib\protocol\sequences\Query.js:74:10)
    at Protocol._parsePacket (F:\IT\Web Development\MERN\portal\node_modules\mysql\lib\protocol\Protocol.js:291:23)
    at Parser._parsePacket (F:\IT\Web Development\MERN\portal\node_modules\mysql\lib\protocol\Parser.js:433:10)
    at Parser.write (F:\IT\Web Development\MERN\portal\node_modules\mysql\lib\protocol\Parser.js:43:10)
    at Protocol.write (F:\IT\Web Development\MERN\portal\node_modules\mysql\lib\protocol\Protocol.js:38:16)
    at Socket.<anonymous> (F:\IT\Web Development\MERN\portal\node_modules\mysql\lib\Connection.js:88:28)
    at Socket.<anonymous> (F:\IT\Web Development\MERN\portal\node_modules\mysql\lib\Connection.js:526:10)
    at Socket.emit (node:events:527:28)
    at addChunk (node:internal/streams/readable:324:12)
    at readableAddChunk (node:internal/streams/readable:297:9)
2023-10-03T06:32:55.047Z [unhandledRejection] error: TypeError: Cannot read properties of null (reading 'evaluate')
    at Client.sendMessage (F:\IT\Web Development\MERN\portal\node_modules\whatsapp-web.js\src\Client.js:870:47)
    at Query.<anonymous> (F:\IT\Web Development\MERN\portal\Routes\Whatsapp\whatsapp.js:655:20)
    at Query.<anonymous> (F:\IT\Web Development\MERN\portal\node_modules\mysql\lib\Connection.js:526:10)
    at Query._callback (F:\IT\Web Development\MERN\portal\node_modules\mysql\lib\Connection.js:488:16)
    at Query.Sequence.end (F:\IT\Web Development\MERN\portal\node_modules\mysql\lib\protocol\sequences\Sequence.js:83:24)
    at Query._handleFinalResultPacket (F:\IT\Web Development\MERN\portal\node_modules\mysql\lib\protocol\sequences\Query.js:149:8)
    at Query.OkPacket (F:\IT\Web Development\MERN\portal\node_modules\mysql\lib\protocol\sequences\Query.js:74:10)
    at Protocol._parsePacket (F:\IT\Web Development\MERN\portal\node_modules\mysql\lib\protocol\Protocol.js:291:23)
    at Parser._parsePacket (F:\IT\Web Development\MERN\portal\node_modules\mysql\lib\protocol\Parser.js:433:10)
    at Parser.write (F:\IT\Web Development\MERN\portal\node_modules\mysql\lib\protocol\Parser.js:43:10)
    at Protocol.write (F:\IT\Web Development\MERN\portal\node_modules\mysql\lib\protocol\Protocol.js:38:16)
    at Socket.<anonymous> (F:\IT\Web Development\MERN\portal\node_modules\mysql\lib\Connection.js:88:28)
    at Socket.<anonymous> (F:\IT\Web Development\MERN\portal\node_modules\mysql\lib\Connection.js:526:10)
    at Socket.emit (node:events:527:28)
    at addChunk (node:internal/streams/readable:324:12)
    at readableAddChunk (node:internal/streams/readable:297:9)
2023-10-03T06:32:55.227Z [uncaughtException] info: ReferenceError: res is not defined
    at F:\IT\Web Development\MERN\portal\Routes\Services\ReadTxtFile.js:59:17
    at F:\IT\Web Development\MERN\portal\node_modules\graceful-fs\graceful-fs.js:61:14
    at FSReqCallback.oncomplete (node:fs:189:23)
2023-10-03T06:32:55.264Z [uncaughtException] info: ReferenceError: res is not defined
    at F:\IT\Web Development\MERN\portal\Routes\Services\ReadTxtFile.js:59:17
    at F:\IT\Web Development\MERN\portal\node_modules\graceful-fs\graceful-fs.js:61:14
    at FSReqCallback.oncomplete (node:fs:189:23)
2023-10-03T16:54:53.075Z [unhandledRejection] error: Error: Evaluation failed: TypeError: Cannot read properties of undefined (reading 'WidFactory')
    at __puppeteer_evaluation_script__:2:42
    at ExecutionContext._evaluateInternal (F:\IT\Web Development\MERN\portal\node_modules\puppeteer\lib\cjs\puppeteer\common\ExecutionContext.js:221:19)
    at runMicrotasks (<anonymous>)
    at processTicksAndRejections (node:internal/process/task_queues:96:5)
    at async ExecutionContext.evaluate (F:\IT\Web Development\MERN\portal\node_modules\puppeteer\lib\cjs\puppeteer\common\ExecutionContext.js:110:16)
    at async Client.sendMessage (F:\IT\Web Development\MERN\portal\node_modules\whatsapp-web.js\src\Client.js:870:28)
2023-10-03T16:59:35.716Z [unhandledRejection] error: Error: Evaluation failed: TypeError: Cannot read properties of undefined (reading 'WidFactory')
    at __puppeteer_evaluation_script__:2:42
    at ExecutionContext._evaluateInternal (F:\IT\Web Development\MERN\portal\node_modules\puppeteer\lib\cjs\puppeteer\common\ExecutionContext.js:221:19)
    at runMicrotasks (<anonymous>)
    at processTicksAndRejections (node:internal/process/task_queues:96:5)
    at async ExecutionContext.evaluate (F:\IT\Web Development\MERN\portal\node_modules\puppeteer\lib\cjs\puppeteer\common\ExecutionContext.js:110:16)
    at async Client.sendMessage (F:\IT\Web Development\MERN\portal\node_modules\whatsapp-web.js\src\Client.js:870:28)
2023-10-03T17:05:31.311Z [uncaughtException] info: ReferenceError: connection is not defined
    at commitChanges (F:\IT\Web Development\MERN\portal\Routes\Employee\leave.js:346:9)
    at Query.<anonymous> (F:\IT\Web Development\MERN\portal\Routes\Employee\leave.js:329:65)
    at Query.<anonymous> (F:\IT\Web Development\MERN\portal\node_modules\mysql\lib\Connection.js:526:10)
    at Query._callback (F:\IT\Web Development\MERN\portal\node_modules\mysql\lib\Connection.js:488:16)
    at Query.Sequence.end (F:\IT\Web Development\MERN\portal\node_modules\mysql\lib\protocol\sequences\Sequence.js:83:24)
    at Query._handleFinalResultPacket (F:\IT\Web Development\MERN\portal\node_modules\mysql\lib\protocol\sequences\Query.js:149:8)
    at Query.OkPacket (F:\IT\Web Development\MERN\portal\node_modules\mysql\lib\protocol\sequences\Query.js:74:10)
    at Protocol._parsePacket (F:\IT\Web Development\MERN\portal\node_modules\mysql\lib\protocol\Protocol.js:291:23)
    at Parser._parsePacket (F:\IT\Web Development\MERN\portal\node_modules\mysql\lib\protocol\Parser.js:433:10)
    at Parser.write (F:\IT\Web Development\MERN\portal\node_modules\mysql\lib\protocol\Parser.js:43:10)
    at Protocol.write (F:\IT\Web Development\MERN\portal\node_modules\mysql\lib\protocol\Protocol.js:38:16)
    at Socket.<anonymous> (F:\IT\Web Development\MERN\portal\node_modules\mysql\lib\Connection.js:88:28)
    at Socket.<anonymous> (F:\IT\Web Development\MERN\portal\node_modules\mysql\lib\Connection.js:526:10)
    at Socket.emit (node:events:527:28)
    at addChunk (node:internal/streams/readable:324:12)
    at readableAddChunk (node:internal/streams/readable:297:9)
2023-10-03T17:06:09.931Z [unhandledRejection] error: Error: Evaluation failed: TypeError: Cannot read properties of undefined (reading 'WidFactory')
    at __puppeteer_evaluation_script__:2:42
    at ExecutionContext._evaluateInternal (F:\IT\Web Development\MERN\portal\node_modules\puppeteer\lib\cjs\puppeteer\common\ExecutionContext.js:221:19)
    at processTicksAndRejections (node:internal/process/task_queues:96:5)
    at async ExecutionContext.evaluate (F:\IT\Web Development\MERN\portal\node_modules\puppeteer\lib\cjs\puppeteer\common\ExecutionContext.js:110:16)
    at async Client.sendMessage (F:\IT\Web Development\MERN\portal\node_modules\whatsapp-web.js\src\Client.js:870:28)
2023-10-03T17:07:15.981Z [unhandledRejection] error: Error: Evaluation failed: TypeError: Cannot read properties of undefined (reading 'WidFactory')
    at __puppeteer_evaluation_script__:2:42
    at ExecutionContext._evaluateInternal (F:\IT\Web Development\MERN\portal\node_modules\puppeteer\lib\cjs\puppeteer\common\ExecutionContext.js:221:19)
    at processTicksAndRejections (node:internal/process/task_queues:96:5)
    at async ExecutionContext.evaluate (F:\IT\Web Development\MERN\portal\node_modules\puppeteer\lib\cjs\puppeteer\common\ExecutionContext.js:110:16)
    at async Client.sendMessage (F:\IT\Web Development\MERN\portal\node_modules\whatsapp-web.js\src\Client.js:870:28)
2023-10-03T17:08:32.150Z [unhandledRejection] error: Error: Evaluation failed: TypeError: Cannot read properties of undefined (reading 'WidFactory')
    at __puppeteer_evaluation_script__:2:42
    at ExecutionContext._evaluateInternal (F:\IT\Web Development\MERN\portal\node_modules\puppeteer\lib\cjs\puppeteer\common\ExecutionContext.js:221:19)
    at processTicksAndRejections (node:internal/process/task_queues:96:5)
    at async ExecutionContext.evaluate (F:\IT\Web Development\MERN\portal\node_modules\puppeteer\lib\cjs\puppeteer\common\ExecutionContext.js:110:16)
    at async Client.sendMessage (F:\IT\Web Development\MERN\portal\node_modules\whatsapp-web.js\src\Client.js:870:28)
2023-10-03T17:14:05.484Z [unhandledRejection] error: Error: Evaluation failed: TypeError: Cannot read properties of undefined (reading 'WidFactory')
    at __puppeteer_evaluation_script__:2:42
    at ExecutionContext._evaluateInternal (F:\IT\Web Development\MERN\portal\node_modules\puppeteer\lib\cjs\puppeteer\common\ExecutionContext.js:221:19)
    at runMicrotasks (<anonymous>)
    at processTicksAndRejections (node:internal/process/task_queues:96:5)
    at async ExecutionContext.evaluate (F:\IT\Web Development\MERN\portal\node_modules\puppeteer\lib\cjs\puppeteer\common\ExecutionContext.js:110:16)
    at async Client.sendMessage (F:\IT\Web Development\MERN\portal\node_modules\whatsapp-web.js\src\Client.js:870:28)
2023-10-03T17:14:05.494Z [unhandledRejection] error: Error: Evaluation failed: TypeError: Cannot read properties of undefined (reading 'WidFactory')
    at __puppeteer_evaluation_script__:2:42
    at ExecutionContext._evaluateInternal (F:\IT\Web Development\MERN\portal\node_modules\puppeteer\lib\cjs\puppeteer\common\ExecutionContext.js:221:19)
    at runMicrotasks (<anonymous>)
    at processTicksAndRejections (node:internal/process/task_queues:96:5)
    at async ExecutionContext.evaluate (F:\IT\Web Development\MERN\portal\node_modules\puppeteer\lib\cjs\puppeteer\common\ExecutionContext.js:110:16)
    at async Client.sendMessage (F:\IT\Web Development\MERN\portal\node_modules\whatsapp-web.js\src\Client.js:870:28)
2023-10-03T17:20:31.399Z [uncaughtException] info: Error [ERR_HTTP_HEADERS_SENT]: Cannot set headers after they are sent to the client
    at new NodeError (node:internal/errors:372:5)
    at ServerResponse.setHeader (node:_http_outgoing:576:11)
    at ServerResponse.header (F:\IT\Web Development\MERN\portal\node_modules\express\lib\response.js:771:10)
    at ServerResponse.send (F:\IT\Web Development\MERN\portal\node_modules\express\lib\response.js:170:12)
    at ServerResponse.json (F:\IT\Web Development\MERN\portal\node_modules\express\lib\response.js:267:15)
    at ServerResponse.send (F:\IT\Web Development\MERN\portal\node_modules\express\lib\response.js:158:21)
    at Query.<anonymous> (F:\IT\Web Development\MERN\portal\Routes\Employee\leave.js:354:21)
    at Query.<anonymous> (F:\IT\Web Development\MERN\portal\node_modules\mysql\lib\Connection.js:526:10)
    at Query._callback (F:\IT\Web Development\MERN\portal\node_modules\mysql\lib\Connection.js:488:16)
    at Query.Sequence.end (F:\IT\Web Development\MERN\portal\node_modules\mysql\lib\protocol\sequences\Sequence.js:83:24)
    at Query._handleFinalResultPacket (F:\IT\Web Development\MERN\portal\node_modules\mysql\lib\protocol\sequences\Query.js:149:8)
    at Query.OkPacket (F:\IT\Web Development\MERN\portal\node_modules\mysql\lib\protocol\sequences\Query.js:74:10)
    at Protocol._parsePacket (F:\IT\Web Development\MERN\portal\node_modules\mysql\lib\protocol\Protocol.js:291:23)
    at Parser._parsePacket (F:\IT\Web Development\MERN\portal\node_modules\mysql\lib\protocol\Parser.js:433:10)
    at Parser.write (F:\IT\Web Development\MERN\portal\node_modules\mysql\lib\protocol\Parser.js:43:10)
    at Protocol.write (F:\IT\Web Development\MERN\portal\node_modules\mysql\lib\protocol\Protocol.js:38:16)
2023-10-03T17:20:55.952Z [unhandledRejection] error: Error: Evaluation failed: TypeError: Cannot read properties of undefined (reading 'WidFactory')
    at __puppeteer_evaluation_script__:2:42
    at ExecutionContext._evaluateInternal (F:\IT\Web Development\MERN\portal\node_modules\puppeteer\lib\cjs\puppeteer\common\ExecutionContext.js:221:19)
    at processTicksAndRejections (node:internal/process/task_queues:96:5)
    at async ExecutionContext.evaluate (F:\IT\Web Development\MERN\portal\node_modules\puppeteer\lib\cjs\puppeteer\common\ExecutionContext.js:110:16)
    at async Client.sendMessage (F:\IT\Web Development\MERN\portal\node_modules\whatsapp-web.js\src\Client.js:870:28)
2023-10-03T17:21:53.537Z [unhandledRejection] error: Error: Evaluation failed: TypeError: Cannot read properties of undefined (reading 'WidFactory')
    at __puppeteer_evaluation_script__:2:42
    at ExecutionContext._evaluateInternal (F:\IT\Web Development\MERN\portal\node_modules\puppeteer\lib\cjs\puppeteer\common\ExecutionContext.js:221:19)
    at processTicksAndRejections (node:internal/process/task_queues:96:5)
    at async ExecutionContext.evaluate (F:\IT\Web Development\MERN\portal\node_modules\puppeteer\lib\cjs\puppeteer\common\ExecutionContext.js:110:16)
    at async Client.sendMessage (F:\IT\Web Development\MERN\portal\node_modules\whatsapp-web.js\src\Client.js:870:28)
2023-10-03T17:23:31.747Z [unhandledRejection] error: Error: Evaluation failed: TypeError: Cannot read properties of undefined (reading 'WidFactory')
    at __puppeteer_evaluation_script__:2:42
    at ExecutionContext._evaluateInternal (F:\IT\Web Development\MERN\portal\node_modules\puppeteer\lib\cjs\puppeteer\common\ExecutionContext.js:221:19)
    at runMicrotasks (<anonymous>)
    at processTicksAndRejections (node:internal/process/task_queues:96:5)
    at async ExecutionContext.evaluate (F:\IT\Web Development\MERN\portal\node_modules\puppeteer\lib\cjs\puppeteer\common\ExecutionContext.js:110:16)
    at async Client.sendMessage (F:\IT\Web Development\MERN\portal\node_modules\whatsapp-web.js\src\Client.js:870:28)
2023-10-03T17:36:47.026Z [unhandledRejection] error: Error: Evaluation failed: TypeError: Cannot read properties of undefined (reading 'WidFactory')
    at __puppeteer_evaluation_script__:2:42
    at ExecutionContext._evaluateInternal (F:\IT\Web Development\MERN\portal\node_modules\puppeteer\lib\cjs\puppeteer\common\ExecutionContext.js:221:19)
    at processTicksAndRejections (node:internal/process/task_queues:96:5)
    at async ExecutionContext.evaluate (F:\IT\Web Development\MERN\portal\node_modules\puppeteer\lib\cjs\puppeteer\common\ExecutionContext.js:110:16)
    at async Client.sendMessage (F:\IT\Web Development\MERN\portal\node_modules\whatsapp-web.js\src\Client.js:870:28)
2023-10-03T17:46:59.274Z [unhandledRejection] error: Error: Evaluation failed: TypeError: Cannot read properties of undefined (reading 'WidFactory')
    at __puppeteer_evaluation_script__:2:42
    at ExecutionContext._evaluateInternal (F:\IT\Web Development\MERN\portal\node_modules\puppeteer\lib\cjs\puppeteer\common\ExecutionContext.js:221:19)
    at runMicrotasks (<anonymous>)
    at processTicksAndRejections (node:internal/process/task_queues:96:5)
    at async ExecutionContext.evaluate (F:\IT\Web Development\MERN\portal\node_modules\puppeteer\lib\cjs\puppeteer\common\ExecutionContext.js:110:16)
    at async Client.sendMessage (F:\IT\Web Development\MERN\portal\node_modules\whatsapp-web.js\src\Client.js:870:28)
2023-10-03T17:46:59.280Z [unhandledRejection] error: Error: Evaluation failed: TypeError: Cannot read properties of undefined (reading 'WidFactory')
    at __puppeteer_evaluation_script__:2:42
    at ExecutionContext._evaluateInternal (F:\IT\Web Development\MERN\portal\node_modules\puppeteer\lib\cjs\puppeteer\common\ExecutionContext.js:221:19)
    at runMicrotasks (<anonymous>)
    at processTicksAndRejections (node:internal/process/task_queues:96:5)
    at async ExecutionContext.evaluate (F:\IT\Web Development\MERN\portal\node_modules\puppeteer\lib\cjs\puppeteer\common\ExecutionContext.js:110:16)
    at async Client.sendMessage (F:\IT\Web Development\MERN\portal\node_modules\whatsapp-web.js\src\Client.js:870:28)
2023-10-03T17:46:59.285Z [unhandledRejection] error: Error: Evaluation failed: TypeError: Cannot read properties of undefined (reading 'WidFactory')
    at __puppeteer_evaluation_script__:2:42
    at ExecutionContext._evaluateInternal (F:\IT\Web Development\MERN\portal\node_modules\puppeteer\lib\cjs\puppeteer\common\ExecutionContext.js:221:19)
    at runMicrotasks (<anonymous>)
    at processTicksAndRejections (node:internal/process/task_queues:96:5)
    at async ExecutionContext.evaluate (F:\IT\Web Development\MERN\portal\node_modules\puppeteer\lib\cjs\puppeteer\common\ExecutionContext.js:110:16)
    at async Client.sendMessage (F:\IT\Web Development\MERN\portal\node_modules\whatsapp-web.js\src\Client.js:870:28)
2023-10-03T17:52:19.623Z [unhandledRejection] error: Error: Evaluation failed: TypeError: Cannot read properties of undefined (reading 'WidFactory')
    at __puppeteer_evaluation_script__:2:42
    at ExecutionContext._evaluateInternal (F:\IT\Web Development\MERN\portal\node_modules\puppeteer\lib\cjs\puppeteer\common\ExecutionContext.js:221:19)
    at processTicksAndRejections (node:internal/process/task_queues:96:5)
    at async ExecutionContext.evaluate (F:\IT\Web Development\MERN\portal\node_modules\puppeteer\lib\cjs\puppeteer\common\ExecutionContext.js:110:16)
    at async Client.sendMessage (F:\IT\Web Development\MERN\portal\node_modules\whatsapp-web.js\src\Client.js:870:28)
2023-10-03T17:52:19.671Z [unhandledRejection] error: Error: Evaluation failed: TypeError: Cannot read properties of undefined (reading 'WidFactory')
    at __puppeteer_evaluation_script__:2:42
    at ExecutionContext._evaluateInternal (F:\IT\Web Development\MERN\portal\node_modules\puppeteer\lib\cjs\puppeteer\common\ExecutionContext.js:221:19)
    at processTicksAndRejections (node:internal/process/task_queues:96:5)
    at async ExecutionContext.evaluate (F:\IT\Web Development\MERN\portal\node_modules\puppeteer\lib\cjs\puppeteer\common\ExecutionContext.js:110:16)
    at async Client.sendMessage (F:\IT\Web Development\MERN\portal\node_modules\whatsapp-web.js\src\Client.js:870:28)
2023-10-03T17:52:19.673Z [unhandledRejection] error: Error: Evaluation failed: TypeError: Cannot read properties of undefined (reading 'WidFactory')
    at __puppeteer_evaluation_script__:2:42
    at ExecutionContext._evaluateInternal (F:\IT\Web Development\MERN\portal\node_modules\puppeteer\lib\cjs\puppeteer\common\ExecutionContext.js:221:19)
    at processTicksAndRejections (node:internal/process/task_queues:96:5)
    at async ExecutionContext.evaluate (F:\IT\Web Development\MERN\portal\node_modules\puppeteer\lib\cjs\puppeteer\common\ExecutionContext.js:110:16)
    at async Client.sendMessage (F:\IT\Web Development\MERN\portal\node_modules\whatsapp-web.js\src\Client.js:870:28)
2023-10-03T17:53:36.722Z [unhandledRejection] error: Error: Evaluation failed: TypeError: Cannot read properties of undefined (reading 'WidFactory')
    at __puppeteer_evaluation_script__:2:42
    at ExecutionContext._evaluateInternal (F:\IT\Web Development\MERN\portal\node_modules\puppeteer\lib\cjs\puppeteer\common\ExecutionContext.js:221:19)
    at processTicksAndRejections (node:internal/process/task_queues:96:5)
    at async ExecutionContext.evaluate (F:\IT\Web Development\MERN\portal\node_modules\puppeteer\lib\cjs\puppeteer\common\ExecutionContext.js:110:16)
    at async Client.sendMessage (F:\IT\Web Development\MERN\portal\node_modules\whatsapp-web.js\src\Client.js:870:28)
2023-10-03T17:53:36.734Z [unhandledRejection] error: Error: Evaluation failed: TypeError: Cannot read properties of undefined (reading 'WidFactory')
    at __puppeteer_evaluation_script__:2:42
    at ExecutionContext._evaluateInternal (F:\IT\Web Development\MERN\portal\node_modules\puppeteer\lib\cjs\puppeteer\common\ExecutionContext.js:221:19)
    at processTicksAndRejections (node:internal/process/task_queues:96:5)
    at async ExecutionContext.evaluate (F:\IT\Web Development\MERN\portal\node_modules\puppeteer\lib\cjs\puppeteer\common\ExecutionContext.js:110:16)
    at async Client.sendMessage (F:\IT\Web Development\MERN\portal\node_modules\whatsapp-web.js\src\Client.js:870:28)
2023-10-03T17:53:36.736Z [unhandledRejection] error: Error: Evaluation failed: TypeError: Cannot read properties of undefined (reading 'WidFactory')
    at __puppeteer_evaluation_script__:2:42
    at ExecutionContext._evaluateInternal (F:\IT\Web Development\MERN\portal\node_modules\puppeteer\lib\cjs\puppeteer\common\ExecutionContext.js:221:19)
    at processTicksAndRejections (node:internal/process/task_queues:96:5)
    at async ExecutionContext.evaluate (F:\IT\Web Development\MERN\portal\node_modules\puppeteer\lib\cjs\puppeteer\common\ExecutionContext.js:110:16)
    at async Client.sendMessage (F:\IT\Web Development\MERN\portal\node_modules\whatsapp-web.js\src\Client.js:870:28)
2023-10-03T17:57:44.255Z [unhandledRejection] error: Error: Evaluation failed: TypeError: Cannot read properties of undefined (reading 'WidFactory')
    at __puppeteer_evaluation_script__:2:42
    at ExecutionContext._evaluateInternal (F:\IT\Web Development\MERN\portal\node_modules\puppeteer\lib\cjs\puppeteer\common\ExecutionContext.js:221:19)
    at runMicrotasks (<anonymous>)
    at processTicksAndRejections (node:internal/process/task_queues:96:5)
    at async ExecutionContext.evaluate (F:\IT\Web Development\MERN\portal\node_modules\puppeteer\lib\cjs\puppeteer\common\ExecutionContext.js:110:16)
    at async Client.sendMessage (F:\IT\Web Development\MERN\portal\node_modules\whatsapp-web.js\src\Client.js:870:28)
2023-10-03T17:57:44.258Z [unhandledRejection] error: Error: Evaluation failed: TypeError: Cannot read properties of undefined (reading 'WidFactory')
    at __puppeteer_evaluation_script__:2:42
    at ExecutionContext._evaluateInternal (F:\IT\Web Development\MERN\portal\node_modules\puppeteer\lib\cjs\puppeteer\common\ExecutionContext.js:221:19)
    at runMicrotasks (<anonymous>)
    at processTicksAndRejections (node:internal/process/task_queues:96:5)
    at async ExecutionContext.evaluate (F:\IT\Web Development\MERN\portal\node_modules\puppeteer\lib\cjs\puppeteer\common\ExecutionContext.js:110:16)
    at async Client.sendMessage (F:\IT\Web Development\MERN\portal\node_modules\whatsapp-web.js\src\Client.js:870:28)
2023-10-03T18:03:56.756Z [unhandledRejection] error: Error: Evaluation failed: TypeError: Cannot read properties of undefined (reading 'WidFactory')
    at __puppeteer_evaluation_script__:2:42
    at ExecutionContext._evaluateInternal (F:\IT\Web Development\MERN\portal\node_modules\puppeteer\lib\cjs\puppeteer\common\ExecutionContext.js:221:19)
    at runMicrotasks (<anonymous>)
    at processTicksAndRejections (node:internal/process/task_queues:96:5)
    at async ExecutionContext.evaluate (F:\IT\Web Development\MERN\portal\node_modules\puppeteer\lib\cjs\puppeteer\common\ExecutionContext.js:110:16)
    at async Client.sendMessage (F:\IT\Web Development\MERN\portal\node_modules\whatsapp-web.js\src\Client.js:870:28)
2023-10-03T18:03:56.759Z [unhandledRejection] error: Error: Evaluation failed: TypeError: Cannot read properties of undefined (reading 'WidFactory')
    at __puppeteer_evaluation_script__:2:42
    at ExecutionContext._evaluateInternal (F:\IT\Web Development\MERN\portal\node_modules\puppeteer\lib\cjs\puppeteer\common\ExecutionContext.js:221:19)
    at runMicrotasks (<anonymous>)
    at processTicksAndRejections (node:internal/process/task_queues:96:5)
    at async ExecutionContext.evaluate (F:\IT\Web Development\MERN\portal\node_modules\puppeteer\lib\cjs\puppeteer\common\ExecutionContext.js:110:16)
    at async Client.sendMessage (F:\IT\Web Development\MERN\portal\node_modules\whatsapp-web.js\src\Client.js:870:28)
2023-10-03T18:03:56.761Z [unhandledRejection] error: Error: Evaluation failed: TypeError: Cannot read properties of undefined (reading 'WidFactory')
    at __puppeteer_evaluation_script__:2:42
    at ExecutionContext._evaluateInternal (F:\IT\Web Development\MERN\portal\node_modules\puppeteer\lib\cjs\puppeteer\common\ExecutionContext.js:221:19)
    at runMicrotasks (<anonymous>)
    at processTicksAndRejections (node:internal/process/task_queues:96:5)
    at async ExecutionContext.evaluate (F:\IT\Web Development\MERN\portal\node_modules\puppeteer\lib\cjs\puppeteer\common\ExecutionContext.js:110:16)
    at async Client.sendMessage (F:\IT\Web Development\MERN\portal\node_modules\whatsapp-web.js\src\Client.js:870:28)
2023-10-03T18:12:52.194Z [unhandledRejection] error: Error: Evaluation failed: TypeError: Cannot read properties of undefined (reading 'WidFactory')
    at __puppeteer_evaluation_script__:2:42
    at ExecutionContext._evaluateInternal (F:\IT\Web Development\MERN\portal\node_modules\puppeteer\lib\cjs\puppeteer\common\ExecutionContext.js:221:19)
    at processTicksAndRejections (node:internal/process/task_queues:96:5)
    at async ExecutionContext.evaluate (F:\IT\Web Development\MERN\portal\node_modules\puppeteer\lib\cjs\puppeteer\common\ExecutionContext.js:110:16)
    at async Client.sendMessage (F:\IT\Web Development\MERN\portal\node_modules\whatsapp-web.js\src\Client.js:870:28)
2023-10-03T18:13:24.735Z [unhandledRejection] error: Error: Evaluation failed: TypeError: Cannot read properties of undefined (reading 'WidFactory')
    at __puppeteer_evaluation_script__:2:42
    at ExecutionContext._evaluateInternal (F:\IT\Web Development\MERN\portal\node_modules\puppeteer\lib\cjs\puppeteer\common\ExecutionContext.js:221:19)
    at processTicksAndRejections (node:internal/process/task_queues:96:5)
    at async ExecutionContext.evaluate (F:\IT\Web Development\MERN\portal\node_modules\puppeteer\lib\cjs\puppeteer\common\ExecutionContext.js:110:16)
    at async Client.sendMessage (F:\IT\Web Development\MERN\portal\node_modules\whatsapp-web.js\src\Client.js:870:28)
2023-10-03T18:13:24.753Z [unhandledRejection] error: Error: Evaluation failed: TypeError: Cannot read properties of undefined (reading 'WidFactory')
    at __puppeteer_evaluation_script__:2:42
    at ExecutionContext._evaluateInternal (F:\IT\Web Development\MERN\portal\node_modules\puppeteer\lib\cjs\puppeteer\common\ExecutionContext.js:221:19)
    at processTicksAndRejections (node:internal/process/task_queues:96:5)
    at async ExecutionContext.evaluate (F:\IT\Web Development\MERN\portal\node_modules\puppeteer\lib\cjs\puppeteer\common\ExecutionContext.js:110:16)
    at async Client.sendMessage (F:\IT\Web Development\MERN\portal\node_modules\whatsapp-web.js\src\Client.js:870:28)
2023-10-03T18:13:24.765Z [unhandledRejection] error: Error: Evaluation failed: TypeError: Cannot read properties of undefined (reading 'WidFactory')
    at __puppeteer_evaluation_script__:2:42
    at ExecutionContext._evaluateInternal (F:\IT\Web Development\MERN\portal\node_modules\puppeteer\lib\cjs\puppeteer\common\ExecutionContext.js:221:19)
    at processTicksAndRejections (node:internal/process/task_queues:96:5)
    at async ExecutionContext.evaluate (F:\IT\Web Development\MERN\portal\node_modules\puppeteer\lib\cjs\puppeteer\common\ExecutionContext.js:110:16)
    at async Client.sendMessage (F:\IT\Web Development\MERN\portal\node_modules\whatsapp-web.js\src\Client.js:870:28)
2023-10-03T18:33:45.820Z [unhandledRejection] error: Error: Evaluation failed: TypeError: Cannot read properties of undefined (reading 'WidFactory')
    at __puppeteer_evaluation_script__:2:42
    at ExecutionContext._evaluateInternal (F:\IT\Web Development\MERN\portal\node_modules\puppeteer\lib\cjs\puppeteer\common\ExecutionContext.js:221:19)
    at processTicksAndRejections (node:internal/process/task_queues:96:5)
    at async ExecutionContext.evaluate (F:\IT\Web Development\MERN\portal\node_modules\puppeteer\lib\cjs\puppeteer\common\ExecutionContext.js:110:16)
    at async Client.sendMessage (F:\IT\Web Development\MERN\portal\node_modules\whatsapp-web.js\src\Client.js:870:28)
2023-10-03T18:33:45.823Z [unhandledRejection] error: Error: Evaluation failed: TypeError: Cannot read properties of undefined (reading 'WidFactory')
    at __puppeteer_evaluation_script__:2:42
    at ExecutionContext._evaluateInternal (F:\IT\Web Development\MERN\portal\node_modules\puppeteer\lib\cjs\puppeteer\common\ExecutionContext.js:221:19)
    at processTicksAndRejections (node:internal/process/task_queues:96:5)
    at async ExecutionContext.evaluate (F:\IT\Web Development\MERN\portal\node_modules\puppeteer\lib\cjs\puppeteer\common\ExecutionContext.js:110:16)
    at async Client.sendMessage (F:\IT\Web Development\MERN\portal\node_modules\whatsapp-web.js\src\Client.js:870:28)
2023-10-03T18:33:55.062Z [unhandledRejection] error: Error: Evaluation failed: TypeError: Cannot read properties of undefined (reading 'WidFactory')
    at __puppeteer_evaluation_script__:2:42
    at ExecutionContext._evaluateInternal (F:\IT\Web Development\MERN\portal\node_modules\puppeteer\lib\cjs\puppeteer\common\ExecutionContext.js:221:19)
    at processTicksAndRejections (node:internal/process/task_queues:96:5)
    at async ExecutionContext.evaluate (F:\IT\Web Development\MERN\portal\node_modules\puppeteer\lib\cjs\puppeteer\common\ExecutionContext.js:110:16)
    at async Client.sendMessage (F:\IT\Web Development\MERN\portal\node_modules\whatsapp-web.js\src\Client.js:870:28)
2023-10-03T18:33:55.065Z [unhandledRejection] error: Error: Evaluation failed: TypeError: Cannot read properties of undefined (reading 'WidFactory')
    at __puppeteer_evaluation_script__:2:42
    at ExecutionContext._evaluateInternal (F:\IT\Web Development\MERN\portal\node_modules\puppeteer\lib\cjs\puppeteer\common\ExecutionContext.js:221:19)
    at processTicksAndRejections (node:internal/process/task_queues:96:5)
    at async ExecutionContext.evaluate (F:\IT\Web Development\MERN\portal\node_modules\puppeteer\lib\cjs\puppeteer\common\ExecutionContext.js:110:16)
    at async Client.sendMessage (F:\IT\Web Development\MERN\portal\node_modules\whatsapp-web.js\src\Client.js:870:28)
2023-10-03T18:34:39.241Z [unhandledRejection] error: TypeError: Cannot read properties of null (reading 'evaluate')
    at Client.sendMessage (F:\IT\Web Development\MERN\portal\node_modules\whatsapp-web.js\src\Client.js:870:47)
    at Query.<anonymous> (F:\IT\Web Development\MERN\portal\Routes\Whatsapp\whatsapp.js:655:20)
    at Query.<anonymous> (F:\IT\Web Development\MERN\portal\node_modules\mysql\lib\Connection.js:526:10)
    at Query._callback (F:\IT\Web Development\MERN\portal\node_modules\mysql\lib\Connection.js:488:16)
    at Query.Sequence.end (F:\IT\Web Development\MERN\portal\node_modules\mysql\lib\protocol\sequences\Sequence.js:83:24)
    at Query._handleFinalResultPacket (F:\IT\Web Development\MERN\portal\node_modules\mysql\lib\protocol\sequences\Query.js:149:8)
    at Query.OkPacket (F:\IT\Web Development\MERN\portal\node_modules\mysql\lib\protocol\sequences\Query.js:74:10)
    at Protocol._parsePacket (F:\IT\Web Development\MERN\portal\node_modules\mysql\lib\protocol\Protocol.js:291:23)
    at Parser._parsePacket (F:\IT\Web Development\MERN\portal\node_modules\mysql\lib\protocol\Parser.js:433:10)
    at Parser.write (F:\IT\Web Development\MERN\portal\node_modules\mysql\lib\protocol\Parser.js:43:10)
    at Protocol.write (F:\IT\Web Development\MERN\portal\node_modules\mysql\lib\protocol\Protocol.js:38:16)
    at Socket.<anonymous> (F:\IT\Web Development\MERN\portal\node_modules\mysql\lib\Connection.js:88:28)
    at Socket.<anonymous> (F:\IT\Web Development\MERN\portal\node_modules\mysql\lib\Connection.js:526:10)
    at Socket.emit (node:events:527:28)
    at addChunk (node:internal/streams/readable:324:12)
    at readableAddChunk (node:internal/streams/readable:297:9)
2023-10-03T18:34:39.278Z [unhandledRejection] error: TypeError: Cannot read properties of null (reading 'evaluate')
    at Client.sendMessage (F:\IT\Web Development\MERN\portal\node_modules\whatsapp-web.js\src\Client.js:870:47)
    at Query.<anonymous> (F:\IT\Web Development\MERN\portal\Routes\Whatsapp\whatsapp.js:655:20)
    at Query.<anonymous> (F:\IT\Web Development\MERN\portal\node_modules\mysql\lib\Connection.js:526:10)
    at Query._callback (F:\IT\Web Development\MERN\portal\node_modules\mysql\lib\Connection.js:488:16)
    at Query.Sequence.end (F:\IT\Web Development\MERN\portal\node_modules\mysql\lib\protocol\sequences\Sequence.js:83:24)
    at Query._handleFinalResultPacket (F:\IT\Web Development\MERN\portal\node_modules\mysql\lib\protocol\sequences\Query.js:149:8)
    at Query.OkPacket (F:\IT\Web Development\MERN\portal\node_modules\mysql\lib\protocol\sequences\Query.js:74:10)
    at Protocol._parsePacket (F:\IT\Web Development\MERN\portal\node_modules\mysql\lib\protocol\Protocol.js:291:23)
    at Parser._parsePacket (F:\IT\Web Development\MERN\portal\node_modules\mysql\lib\protocol\Parser.js:433:10)
    at Parser.write (F:\IT\Web Development\MERN\portal\node_modules\mysql\lib\protocol\Parser.js:43:10)
    at Protocol.write (F:\IT\Web Development\MERN\portal\node_modules\mysql\lib\protocol\Protocol.js:38:16)
    at Socket.<anonymous> (F:\IT\Web Development\MERN\portal\node_modules\mysql\lib\Connection.js:88:28)
    at Socket.<anonymous> (F:\IT\Web Development\MERN\portal\node_modules\mysql\lib\Connection.js:526:10)
    at Socket.emit (node:events:527:28)
    at addChunk (node:internal/streams/readable:324:12)
    at readableAddChunk (node:internal/streams/readable:297:9)
2023-10-03T18:34:42.536Z [unhandledRejection] error: Error: Execution context was destroyed, most likely because of a navigation.
    at rewriteError (F:\IT\Web Development\MERN\portal\node_modules\puppeteer\lib\cjs\puppeteer\common\ExecutionContext.js:265:23)
    at processTicksAndRejections (node:internal/process/task_queues:96:5)
    at async ExecutionContext._evaluateInternal (F:\IT\Web Development\MERN\portal\node_modules\puppeteer\lib\cjs\puppeteer\common\ExecutionContext.js:219:60)
    at async ExecutionContext.evaluate (F:\IT\Web Development\MERN\portal\node_modules\puppeteer\lib\cjs\puppeteer\common\ExecutionContext.js:110:16)
    at async Client.sendMessage (F:\IT\Web Development\MERN\portal\node_modules\whatsapp-web.js\src\Client.js:870:28)
2023-10-03T18:41:48.969Z [unhandledRejection] error: Error: Evaluation failed: TypeError: Cannot read properties of undefined (reading 'WidFactory')
    at __puppeteer_evaluation_script__:2:42
    at ExecutionContext._evaluateInternal (F:\IT\Web Development\MERN\portal\node_modules\puppeteer\lib\cjs\puppeteer\common\ExecutionContext.js:221:19)
    at runMicrotasks (<anonymous>)
    at processTicksAndRejections (node:internal/process/task_queues:96:5)
    at async ExecutionContext.evaluate (F:\IT\Web Development\MERN\portal\node_modules\puppeteer\lib\cjs\puppeteer\common\ExecutionContext.js:110:16)
    at async Client.sendMessage (F:\IT\Web Development\MERN\portal\node_modules\whatsapp-web.js\src\Client.js:870:28)
2023-10-03T18:41:48.971Z [unhandledRejection] error: Error: Evaluation failed: TypeError: Cannot read properties of undefined (reading 'WidFactory')
    at __puppeteer_evaluation_script__:2:42
    at ExecutionContext._evaluateInternal (F:\IT\Web Development\MERN\portal\node_modules\puppeteer\lib\cjs\puppeteer\common\ExecutionContext.js:221:19)
    at runMicrotasks (<anonymous>)
    at processTicksAndRejections (node:internal/process/task_queues:96:5)
    at async ExecutionContext.evaluate (F:\IT\Web Development\MERN\portal\node_modules\puppeteer\lib\cjs\puppeteer\common\ExecutionContext.js:110:16)
    at async Client.sendMessage (F:\IT\Web Development\MERN\portal\node_modules\whatsapp-web.js\src\Client.js:870:28)
2023-10-03T18:47:37.038Z [unhandledRejection] error: Error: Evaluation failed: TypeError: Cannot read properties of undefined (reading 'WidFactory')
    at __puppeteer_evaluation_script__:2:42
    at ExecutionContext._evaluateInternal (F:\IT\Web Development\MERN\portal\node_modules\puppeteer\lib\cjs\puppeteer\common\ExecutionContext.js:221:19)
    at runMicrotasks (<anonymous>)
    at processTicksAndRejections (node:internal/process/task_queues:96:5)
    at async ExecutionContext.evaluate (F:\IT\Web Development\MERN\portal\node_modules\puppeteer\lib\cjs\puppeteer\common\ExecutionContext.js:110:16)
    at async Client.sendMessage (F:\IT\Web Development\MERN\portal\node_modules\whatsapp-web.js\src\Client.js:870:28)
2023-10-03T18:47:37.039Z [unhandledRejection] error: Error: Evaluation failed: TypeError: Cannot read properties of undefined (reading 'WidFactory')
    at __puppeteer_evaluation_script__:2:42
    at ExecutionContext._evaluateInternal (F:\IT\Web Development\MERN\portal\node_modules\puppeteer\lib\cjs\puppeteer\common\ExecutionContext.js:221:19)
    at runMicrotasks (<anonymous>)
    at processTicksAndRejections (node:internal/process/task_queues:96:5)
    at async ExecutionContext.evaluate (F:\IT\Web Development\MERN\portal\node_modules\puppeteer\lib\cjs\puppeteer\common\ExecutionContext.js:110:16)
    at async Client.sendMessage (F:\IT\Web Development\MERN\portal\node_modules\whatsapp-web.js\src\Client.js:870:28)
2023-10-03T18:48:11.211Z [unhandledRejection] error: Error: Evaluation failed: TypeError: Cannot read properties of undefined (reading 'WidFactory')
    at __puppeteer_evaluation_script__:2:42
    at ExecutionContext._evaluateInternal (F:\IT\Web Development\MERN\portal\node_modules\puppeteer\lib\cjs\puppeteer\common\ExecutionContext.js:221:19)
    at runMicrotasks (<anonymous>)
    at processTicksAndRejections (node:internal/process/task_queues:96:5)
    at async ExecutionContext.evaluate (F:\IT\Web Development\MERN\portal\node_modules\puppeteer\lib\cjs\puppeteer\common\ExecutionContext.js:110:16)
    at async Client.sendMessage (F:\IT\Web Development\MERN\portal\node_modules\whatsapp-web.js\src\Client.js:870:28)
2023-10-03T18:48:11.213Z [unhandledRejection] error: Error: Evaluation failed: TypeError: Cannot read properties of undefined (reading 'WidFactory')
    at __puppeteer_evaluation_script__:2:42
    at ExecutionContext._evaluateInternal (F:\IT\Web Development\MERN\portal\node_modules\puppeteer\lib\cjs\puppeteer\common\ExecutionContext.js:221:19)
    at runMicrotasks (<anonymous>)
    at processTicksAndRejections (node:internal/process/task_queues:96:5)
    at async ExecutionContext.evaluate (F:\IT\Web Development\MERN\portal\node_modules\puppeteer\lib\cjs\puppeteer\common\ExecutionContext.js:110:16)
    at async Client.sendMessage (F:\IT\Web Development\MERN\portal\node_modules\whatsapp-web.js\src\Client.js:870:28)
2023-10-03T18:50:01.274Z [unhandledRejection] error: Error: Evaluation failed: TypeError: Cannot read properties of undefined (reading 'WidFactory')
    at __puppeteer_evaluation_script__:2:42
    at ExecutionContext._evaluateInternal (F:\IT\Web Development\MERN\portal\node_modules\puppeteer\lib\cjs\puppeteer\common\ExecutionContext.js:221:19)
    at processTicksAndRejections (node:internal/process/task_queues:96:5)
    at async ExecutionContext.evaluate (F:\IT\Web Development\MERN\portal\node_modules\puppeteer\lib\cjs\puppeteer\common\ExecutionContext.js:110:16)
    at async Client.sendMessage (F:\IT\Web Development\MERN\portal\node_modules\whatsapp-web.js\src\Client.js:870:28)
2023-10-03T18:50:01.275Z [unhandledRejection] error: Error: Evaluation failed: TypeError: Cannot read properties of undefined (reading 'WidFactory')
    at __puppeteer_evaluation_script__:2:42
    at ExecutionContext._evaluateInternal (F:\IT\Web Development\MERN\portal\node_modules\puppeteer\lib\cjs\puppeteer\common\ExecutionContext.js:221:19)
    at processTicksAndRejections (node:internal/process/task_queues:96:5)
    at async ExecutionContext.evaluate (F:\IT\Web Development\MERN\portal\node_modules\puppeteer\lib\cjs\puppeteer\common\ExecutionContext.js:110:16)
    at async Client.sendMessage (F:\IT\Web Development\MERN\portal\node_modules\whatsapp-web.js\src\Client.js:870:28)
2023-10-03T18:53:47.921Z [unhandledRejection] error: Error: Evaluation failed: TypeError: Cannot read properties of undefined (reading 'WidFactory')
    at __puppeteer_evaluation_script__:2:42
    at ExecutionContext._evaluateInternal (F:\IT\Web Development\MERN\portal\node_modules\puppeteer\lib\cjs\puppeteer\common\ExecutionContext.js:221:19)
    at processTicksAndRejections (node:internal/process/task_queues:96:5)
    at async ExecutionContext.evaluate (F:\IT\Web Development\MERN\portal\node_modules\puppeteer\lib\cjs\puppeteer\common\ExecutionContext.js:110:16)
    at async Client.sendMessage (F:\IT\Web Development\MERN\portal\node_modules\whatsapp-web.js\src\Client.js:870:28)
2023-10-03T18:53:47.927Z [unhandledRejection] error: Error: Evaluation failed: TypeError: Cannot read properties of undefined (reading 'WidFactory')
    at __puppeteer_evaluation_script__:2:42
    at ExecutionContext._evaluateInternal (F:\IT\Web Development\MERN\portal\node_modules\puppeteer\lib\cjs\puppeteer\common\ExecutionContext.js:221:19)
    at processTicksAndRejections (node:internal/process/task_queues:96:5)
    at async ExecutionContext.evaluate (F:\IT\Web Development\MERN\portal\node_modules\puppeteer\lib\cjs\puppeteer\common\ExecutionContext.js:110:16)
    at async Client.sendMessage (F:\IT\Web Development\MERN\portal\node_modules\whatsapp-web.js\src\Client.js:870:28)
2023-10-03T19:15:31.055Z [unhandledRejection] error: Error: Evaluation failed: TypeError: Cannot read properties of undefined (reading 'WidFactory')
    at __puppeteer_evaluation_script__:2:42
    at ExecutionContext._evaluateInternal (F:\IT\Web Development\MERN\portal\node_modules\puppeteer\lib\cjs\puppeteer\common\ExecutionContext.js:221:19)
    at processTicksAndRejections (node:internal/process/task_queues:96:5)
    at async ExecutionContext.evaluate (F:\IT\Web Development\MERN\portal\node_modules\puppeteer\lib\cjs\puppeteer\common\ExecutionContext.js:110:16)
    at async Client.sendMessage (F:\IT\Web Development\MERN\portal\node_modules\whatsapp-web.js\src\Client.js:870:28)
2023-10-03T19:15:31.056Z [unhandledRejection] error: Error: Evaluation failed: TypeError: Cannot read properties of undefined (reading 'WidFactory')
    at __puppeteer_evaluation_script__:2:42
    at ExecutionContext._evaluateInternal (F:\IT\Web Development\MERN\portal\node_modules\puppeteer\lib\cjs\puppeteer\common\ExecutionContext.js:221:19)
    at processTicksAndRejections (node:internal/process/task_queues:96:5)
    at async ExecutionContext.evaluate (F:\IT\Web Development\MERN\portal\node_modules\puppeteer\lib\cjs\puppeteer\common\ExecutionContext.js:110:16)
    at async Client.sendMessage (F:\IT\Web Development\MERN\portal\node_modules\whatsapp-web.js\src\Client.js:870:28)
2023-10-03T19:15:31.057Z [unhandledRejection] error: Error: Evaluation failed: TypeError: Cannot read properties of undefined (reading 'WidFactory')
    at __puppeteer_evaluation_script__:2:42
    at ExecutionContext._evaluateInternal (F:\IT\Web Development\MERN\portal\node_modules\puppeteer\lib\cjs\puppeteer\common\ExecutionContext.js:221:19)
    at processTicksAndRejections (node:internal/process/task_queues:96:5)
    at async ExecutionContext.evaluate (F:\IT\Web Development\MERN\portal\node_modules\puppeteer\lib\cjs\puppeteer\common\ExecutionContext.js:110:16)
    at async Client.sendMessage (F:\IT\Web Development\MERN\portal\node_modules\whatsapp-web.js\src\Client.js:870:28)
2023-10-03T19:15:49.023Z [unhandledRejection] error: Error: Evaluation failed: TypeError: Cannot read properties of undefined (reading 'WidFactory')
    at __puppeteer_evaluation_script__:2:42
    at ExecutionContext._evaluateInternal (F:\IT\Web Development\MERN\portal\node_modules\puppeteer\lib\cjs\puppeteer\common\ExecutionContext.js:221:19)
    at processTicksAndRejections (node:internal/process/task_queues:96:5)
    at async ExecutionContext.evaluate (F:\IT\Web Development\MERN\portal\node_modules\puppeteer\lib\cjs\puppeteer\common\ExecutionContext.js:110:16)
    at async Client.sendMessage (F:\IT\Web Development\MERN\portal\node_modules\whatsapp-web.js\src\Client.js:870:28)
2023-10-03T19:15:49.029Z [unhandledRejection] error: Error: Evaluation failed: TypeError: Cannot read properties of undefined (reading 'WidFactory')
    at __puppeteer_evaluation_script__:2:42
    at ExecutionContext._evaluateInternal (F:\IT\Web Development\MERN\portal\node_modules\puppeteer\lib\cjs\puppeteer\common\ExecutionContext.js:221:19)
    at processTicksAndRejections (node:internal/process/task_queues:96:5)
    at async ExecutionContext.evaluate (F:\IT\Web Development\MERN\portal\node_modules\puppeteer\lib\cjs\puppeteer\common\ExecutionContext.js:110:16)
    at async Client.sendMessage (F:\IT\Web Development\MERN\portal\node_modules\whatsapp-web.js\src\Client.js:870:28)
2023-10-03T19:15:50.149Z [unhandledRejection] error: Error: Evaluation failed: TypeError: Cannot read properties of undefined (reading 'WidFactory')
    at __puppeteer_evaluation_script__:2:42
    at ExecutionContext._evaluateInternal (F:\IT\Web Development\MERN\portal\node_modules\puppeteer\lib\cjs\puppeteer\common\ExecutionContext.js:221:19)
    at processTicksAndRejections (node:internal/process/task_queues:96:5)
    at async ExecutionContext.evaluate (F:\IT\Web Development\MERN\portal\node_modules\puppeteer\lib\cjs\puppeteer\common\ExecutionContext.js:110:16)
    at async Client.sendMessage (F:\IT\Web Development\MERN\portal\node_modules\whatsapp-web.js\src\Client.js:870:28)
2023-10-03T19:15:50.152Z [unhandledRejection] error: Error: Evaluation failed: TypeError: Cannot read properties of undefined (reading 'WidFactory')
    at __puppeteer_evaluation_script__:2:42
    at ExecutionContext._evaluateInternal (F:\IT\Web Development\MERN\portal\node_modules\puppeteer\lib\cjs\puppeteer\common\ExecutionContext.js:221:19)
    at processTicksAndRejections (node:internal/process/task_queues:96:5)
    at async ExecutionContext.evaluate (F:\IT\Web Development\MERN\portal\node_modules\puppeteer\lib\cjs\puppeteer\common\ExecutionContext.js:110:16)
    at async Client.sendMessage (F:\IT\Web Development\MERN\portal\node_modules\whatsapp-web.js\src\Client.js:870:28)
2023-10-03T19:15:51.163Z [unhandledRejection] error: Error: Evaluation failed: TypeError: Cannot read properties of undefined (reading 'WidFactory')
    at __puppeteer_evaluation_script__:2:42
    at ExecutionContext._evaluateInternal (F:\IT\Web Development\MERN\portal\node_modules\puppeteer\lib\cjs\puppeteer\common\ExecutionContext.js:221:19)
    at processTicksAndRejections (node:internal/process/task_queues:96:5)
    at async ExecutionContext.evaluate (F:\IT\Web Development\MERN\portal\node_modules\puppeteer\lib\cjs\puppeteer\common\ExecutionContext.js:110:16)
    at async Client.sendMessage (F:\IT\Web Development\MERN\portal\node_modules\whatsapp-web.js\src\Client.js:870:28)
2023-10-03T19:52:44.688Z [unhandledRejection] error: ProtocolError: Protocol error (Runtime.callFunctionOn): Target closed.
    at F:\IT\Web Development\MERN\portal\node_modules\puppeteer\lib\cjs\puppeteer\common\Connection.js:230:24
    at new Promise (<anonymous>)
    at CDPSession.send (F:\IT\Web Development\MERN\portal\node_modules\puppeteer\lib\cjs\puppeteer\common\Connection.js:226:16)
    at ExecutionContext._evaluateInternal (F:\IT\Web Development\MERN\portal\node_modules\puppeteer\lib\cjs\puppeteer\common\ExecutionContext.js:204:50)
    at ExecutionContext.evaluateHandle (F:\IT\Web Development\MERN\portal\node_modules\puppeteer\lib\cjs\puppeteer\common\ExecutionContext.js:155:21)
    at WaitTask.rerun (F:\IT\Web Development\MERN\portal\node_modules\puppeteer\lib\cjs\puppeteer\common\DOMWorld.js:551:37)
    at processTicksAndRejections (node:internal/process/task_queues:96:5)
2023-10-04T00:50:31.385Z [uncaughtException] info: ReferenceError: res is not defined
    at F:\IT\Web Development\MERN\portal\Routes\Services\ReadTxtFile.js:59:17
    at F:\IT\Web Development\MERN\portal\node_modules\graceful-fs\graceful-fs.js:61:14
    at FSReqCallback.oncomplete (node:fs:189:23)
2023-10-04T00:50:31.390Z [uncaughtException] info: ReferenceError: res is not defined
    at F:\IT\Web Development\MERN\portal\Routes\Services\ReadTxtFile.js:59:17
    at F:\IT\Web Development\MERN\portal\node_modules\graceful-fs\graceful-fs.js:61:14
    at FSReqCallback.oncomplete (node:fs:189:23)
2023-10-04T00:50:31.402Z [unhandledRejection] error: Error: Protocol error (Runtime.callFunctionOn): Session closed. Most likely the page has been closed.
    at CDPSession.send (F:\IT\Web Development\MERN\portal\node_modules\puppeteer\lib\cjs\puppeteer\common\Connection.js:218:35)
    at ExecutionContext._evaluateInternal (F:\IT\Web Development\MERN\portal\node_modules\puppeteer\lib\cjs\puppeteer\common\ExecutionContext.js:204:50)
    at ExecutionContext.evaluate (F:\IT\Web Development\MERN\portal\node_modules\puppeteer\lib\cjs\puppeteer\common\ExecutionContext.js:110:27)
    at DOMWorld.evaluate (F:\IT\Web Development\MERN\portal\node_modules\puppeteer\lib\cjs\puppeteer\common\DOMWorld.js:97:24)
    at processTicksAndRejections (node:internal/process/task_queues:96:5)
2023-10-04T00:50:32.355Z [unhandledRejection] error: Error: Protocol error (Runtime.callFunctionOn): Session closed. Most likely the page has been closed.
    at CDPSession.send (F:\IT\Web Development\MERN\portal\node_modules\puppeteer\lib\cjs\puppeteer\common\Connection.js:218:35)
    at ExecutionContext._evaluateInternal (F:\IT\Web Development\MERN\portal\node_modules\puppeteer\lib\cjs\puppeteer\common\ExecutionContext.js:204:50)
    at ExecutionContext.evaluate (F:\IT\Web Development\MERN\portal\node_modules\puppeteer\lib\cjs\puppeteer\common\ExecutionContext.js:110:27)
    at DOMWorld.evaluate (F:\IT\Web Development\MERN\portal\node_modules\puppeteer\lib\cjs\puppeteer\common\DOMWorld.js:97:24)
    at processTicksAndRejections (node:internal/process/task_queues:96:5)
