2023-10-18T05:18:29.832Z [unhandledRejection] error: TypeError: Cannot read properties of null (reading 'evaluate')
    at Client.sendMessage (F:\IT\Web Development\MERN\portal\node_modules\whatsapp-web.js\src\Client.js:870:47)
    at Query.<anonymous> (F:\IT\Web Development\MERN\portal\Routes\Whatsapp\whatsapp.js:661:20)
    at Query.<anonymous> (F:\IT\Web Development\MERN\portal\node_modules\mysql\lib\Connection.js:526:10)
    at Query._callback (F:\IT\Web Development\MERN\portal\node_modules\mysql\lib\Connection.js:488:16)
    at Query.Sequence.end (F:\IT\Web Development\MERN\portal\node_modules\mysql\lib\protocol\sequences\Sequence.js:83:24)
    at Query._handleFinalResultPacket (F:\IT\Web Development\MERN\portal\node_modules\mysql\lib\protocol\sequences\Query.js:149:8)
    at Query.OkPacket (F:\IT\Web Development\MERN\portal\node_modules\mysql\lib\protocol\sequences\Query.js:74:10)
    at Protocol._parsePacket (F:\IT\Web Development\MERN\portal\node_modules\mysql\lib\protocol\Protocol.js:291:23)
    at Parser._parsePacket (F:\IT\Web Development\MERN\portal\node_modules\mysql\lib\protocol\Parser.js:433:10)
    at Parser.write (F:\IT\Web Development\MERN\portal\node_modules\mysql\lib\protocol\Parser.js:43:10)
    at Protocol.write (F:\IT\Web Development\MERN\portal\node_modules\mysql\lib\protocol\Protocol.js:38:16)
    at Socket.<anonymous> (F:\IT\Web Development\MERN\portal\node_modules\mysql\lib\Connection.js:88:28)
    at Socket.<anonymous> (F:\IT\Web Development\MERN\portal\node_modules\mysql\lib\Connection.js:526:10)
    at Socket.emit (node:events:527:28)
    at addChunk (node:internal/streams/readable:324:12)
    at readableAddChunk (node:internal/streams/readable:297:9)
2023-10-18T05:18:29.834Z [unhandledRejection] error: TypeError: Cannot read properties of null (reading 'evaluate')
    at Client.sendMessage (F:\IT\Web Development\MERN\portal\node_modules\whatsapp-web.js\src\Client.js:870:47)
    at Query.<anonymous> (F:\IT\Web Development\MERN\portal\Routes\Whatsapp\whatsapp.js:661:20)
    at Query.<anonymous> (F:\IT\Web Development\MERN\portal\node_modules\mysql\lib\Connection.js:526:10)
    at Query._callback (F:\IT\Web Development\MERN\portal\node_modules\mysql\lib\Connection.js:488:16)
    at Query.Sequence.end (F:\IT\Web Development\MERN\portal\node_modules\mysql\lib\protocol\sequences\Sequence.js:83:24)
    at Query._handleFinalResultPacket (F:\IT\Web Development\MERN\portal\node_modules\mysql\lib\protocol\sequences\Query.js:149:8)
    at Query.OkPacket (F:\IT\Web Development\MERN\portal\node_modules\mysql\lib\protocol\sequences\Query.js:74:10)
    at Protocol._parsePacket (F:\IT\Web Development\MERN\portal\node_modules\mysql\lib\protocol\Protocol.js:291:23)
    at Parser._parsePacket (F:\IT\Web Development\MERN\portal\node_modules\mysql\lib\protocol\Parser.js:433:10)
    at Parser.write (F:\IT\Web Development\MERN\portal\node_modules\mysql\lib\protocol\Parser.js:43:10)
    at Protocol.write (F:\IT\Web Development\MERN\portal\node_modules\mysql\lib\protocol\Protocol.js:38:16)
    at Socket.<anonymous> (F:\IT\Web Development\MERN\portal\node_modules\mysql\lib\Connection.js:88:28)
    at Socket.<anonymous> (F:\IT\Web Development\MERN\portal\node_modules\mysql\lib\Connection.js:526:10)
    at Socket.emit (node:events:527:28)
    at addChunk (node:internal/streams/readable:324:12)
    at readableAddChunk (node:internal/streams/readable:297:9)
2023-10-18T05:42:19.839Z [unhandledRejection] error: Error: Evaluation failed: TypeError: Cannot read properties of undefined (reading 'WidFactory')
    at __puppeteer_evaluation_script__:2:42
    at ExecutionContext._evaluateInternal (F:\IT\Web Development\MERN\portal\node_modules\puppeteer\lib\cjs\puppeteer\common\ExecutionContext.js:221:19)
    at processTicksAndRejections (node:internal/process/task_queues:96:5)
    at async ExecutionContext.evaluate (F:\IT\Web Development\MERN\portal\node_modules\puppeteer\lib\cjs\puppeteer\common\ExecutionContext.js:110:16)
    at async Client.sendMessage (F:\IT\Web Development\MERN\portal\node_modules\whatsapp-web.js\src\Client.js:870:28)
2023-10-18T05:42:19.844Z [unhandledRejection] error: Error: Evaluation failed: TypeError: Cannot read properties of undefined (reading 'WidFactory')
    at __puppeteer_evaluation_script__:2:42
    at ExecutionContext._evaluateInternal (F:\IT\Web Development\MERN\portal\node_modules\puppeteer\lib\cjs\puppeteer\common\ExecutionContext.js:221:19)
    at processTicksAndRejections (node:internal/process/task_queues:96:5)
    at async ExecutionContext.evaluate (F:\IT\Web Development\MERN\portal\node_modules\puppeteer\lib\cjs\puppeteer\common\ExecutionContext.js:110:16)
    at async Client.sendMessage (F:\IT\Web Development\MERN\portal\node_modules\whatsapp-web.js\src\Client.js:870:28)
2023-10-18T05:42:19.848Z [unhandledRejection] error: Error: Evaluation failed: TypeError: Cannot read properties of undefined (reading 'WidFactory')
    at __puppeteer_evaluation_script__:2:42
    at ExecutionContext._evaluateInternal (F:\IT\Web Development\MERN\portal\node_modules\puppeteer\lib\cjs\puppeteer\common\ExecutionContext.js:221:19)
    at processTicksAndRejections (node:internal/process/task_queues:96:5)
    at async ExecutionContext.evaluate (F:\IT\Web Development\MERN\portal\node_modules\puppeteer\lib\cjs\puppeteer\common\ExecutionContext.js:110:16)
    at async Client.sendMessage (F:\IT\Web Development\MERN\portal\node_modules\whatsapp-web.js\src\Client.js:870:28)
2023-10-18T05:42:20.273Z [uncaughtException] info: TypeError: Cannot read properties of undefined (reading 'today')
    at issueTickets (F:\IT\Web Development\MERN\portal\Routes\Services\AutoTickets.js:26:61)
    at issueTickets (F:\IT\Web Development\MERN\portal\Routes\Services\AutoTickets.js:89:33)
    at Query.<anonymous> (F:\IT\Web Development\MERN\portal\Routes\Services\AutoTickets.js:92:25)
    at Query.<anonymous> (F:\IT\Web Development\MERN\portal\node_modules\mysql\lib\Connection.js:526:10)
    at Query._callback (F:\IT\Web Development\MERN\portal\node_modules\mysql\lib\Connection.js:488:16)
    at Query.Sequence.end (F:\IT\Web Development\MERN\portal\node_modules\mysql\lib\protocol\sequences\Sequence.js:83:24)
    at Query._handleFinalResultPacket (F:\IT\Web Development\MERN\portal\node_modules\mysql\lib\protocol\sequences\Query.js:149:8)
    at Query.EofPacket (F:\IT\Web Development\MERN\portal\node_modules\mysql\lib\protocol\sequences\Query.js:133:8)
    at Protocol._parsePacket (F:\IT\Web Development\MERN\portal\node_modules\mysql\lib\protocol\Protocol.js:291:23)
    at Parser._parsePacket (F:\IT\Web Development\MERN\portal\node_modules\mysql\lib\protocol\Parser.js:433:10)
    at Parser.write (F:\IT\Web Development\MERN\portal\node_modules\mysql\lib\protocol\Parser.js:43:10)
    at Protocol.write (F:\IT\Web Development\MERN\portal\node_modules\mysql\lib\protocol\Protocol.js:38:16)
    at Socket.<anonymous> (F:\IT\Web Development\MERN\portal\node_modules\mysql\lib\Connection.js:88:28)
    at Socket.<anonymous> (F:\IT\Web Development\MERN\portal\node_modules\mysql\lib\Connection.js:526:10)
    at Socket.emit (node:events:527:28)
    at addChunk (node:internal/streams/readable:324:12)
2023-10-18T05:42:56.162Z [uncaughtException] info: TypeError: Cannot read properties of undefined (reading 'today')
    at issueTickets (F:\IT\Web Development\MERN\portal\Routes\Services\AutoTickets.js:26:61)
    at issueTickets (F:\IT\Web Development\MERN\portal\Routes\Services\AutoTickets.js:89:33)
    at Query.<anonymous> (F:\IT\Web Development\MERN\portal\Routes\Services\AutoTickets.js:92:25)
    at Query.<anonymous> (F:\IT\Web Development\MERN\portal\node_modules\mysql\lib\Connection.js:526:10)
    at Query._callback (F:\IT\Web Development\MERN\portal\node_modules\mysql\lib\Connection.js:488:16)
    at Query.Sequence.end (F:\IT\Web Development\MERN\portal\node_modules\mysql\lib\protocol\sequences\Sequence.js:83:24)
    at Query._handleFinalResultPacket (F:\IT\Web Development\MERN\portal\node_modules\mysql\lib\protocol\sequences\Query.js:149:8)
    at Query.EofPacket (F:\IT\Web Development\MERN\portal\node_modules\mysql\lib\protocol\sequences\Query.js:133:8)
    at Protocol._parsePacket (F:\IT\Web Development\MERN\portal\node_modules\mysql\lib\protocol\Protocol.js:291:23)
    at Parser._parsePacket (F:\IT\Web Development\MERN\portal\node_modules\mysql\lib\protocol\Parser.js:433:10)
    at Parser.write (F:\IT\Web Development\MERN\portal\node_modules\mysql\lib\protocol\Parser.js:43:10)
    at Protocol.write (F:\IT\Web Development\MERN\portal\node_modules\mysql\lib\protocol\Protocol.js:38:16)
    at Socket.<anonymous> (F:\IT\Web Development\MERN\portal\node_modules\mysql\lib\Connection.js:88:28)
    at Socket.<anonymous> (F:\IT\Web Development\MERN\portal\node_modules\mysql\lib\Connection.js:526:10)
    at Socket.emit (node:events:527:28)
    at addChunk (node:internal/streams/readable:324:12)
2023-10-18T05:43:00.711Z [uncaughtException] info: TypeError: Cannot read properties of undefined (reading 'today')
    at issueTickets (F:\IT\Web Development\MERN\portal\Routes\Services\AutoTickets.js:26:61)
    at issueTickets (F:\IT\Web Development\MERN\portal\Routes\Services\AutoTickets.js:89:33)
    at Query.<anonymous> (F:\IT\Web Development\MERN\portal\Routes\Services\AutoTickets.js:92:25)
    at Query.<anonymous> (F:\IT\Web Development\MERN\portal\node_modules\mysql\lib\Connection.js:526:10)
    at Query._callback (F:\IT\Web Development\MERN\portal\node_modules\mysql\lib\Connection.js:488:16)
    at Query.Sequence.end (F:\IT\Web Development\MERN\portal\node_modules\mysql\lib\protocol\sequences\Sequence.js:83:24)
    at Query._handleFinalResultPacket (F:\IT\Web Development\MERN\portal\node_modules\mysql\lib\protocol\sequences\Query.js:149:8)
    at Query.EofPacket (F:\IT\Web Development\MERN\portal\node_modules\mysql\lib\protocol\sequences\Query.js:133:8)
    at Protocol._parsePacket (F:\IT\Web Development\MERN\portal\node_modules\mysql\lib\protocol\Protocol.js:291:23)
    at Parser._parsePacket (F:\IT\Web Development\MERN\portal\node_modules\mysql\lib\protocol\Parser.js:433:10)
    at Parser.write (F:\IT\Web Development\MERN\portal\node_modules\mysql\lib\protocol\Parser.js:43:10)
    at Protocol.write (F:\IT\Web Development\MERN\portal\node_modules\mysql\lib\protocol\Protocol.js:38:16)
    at Socket.<anonymous> (F:\IT\Web Development\MERN\portal\node_modules\mysql\lib\Connection.js:88:28)
    at Socket.<anonymous> (F:\IT\Web Development\MERN\portal\node_modules\mysql\lib\Connection.js:526:10)
    at Socket.emit (node:events:527:28)
    at addChunk (node:internal/streams/readable:324:12)
2023-10-18T05:43:21.517Z [uncaughtException] info: TypeError: Cannot read properties of undefined (reading 'today')
    at issueTickets (F:\IT\Web Development\MERN\portal\Routes\Services\AutoTickets.js:26:61)
    at issueTickets (F:\IT\Web Development\MERN\portal\Routes\Services\AutoTickets.js:89:33)
    at Query.<anonymous> (F:\IT\Web Development\MERN\portal\Routes\Services\AutoTickets.js:92:25)
    at Query.<anonymous> (F:\IT\Web Development\MERN\portal\node_modules\mysql\lib\Connection.js:526:10)
    at Query._callback (F:\IT\Web Development\MERN\portal\node_modules\mysql\lib\Connection.js:488:16)
    at Query.Sequence.end (F:\IT\Web Development\MERN\portal\node_modules\mysql\lib\protocol\sequences\Sequence.js:83:24)
    at Query._handleFinalResultPacket (F:\IT\Web Development\MERN\portal\node_modules\mysql\lib\protocol\sequences\Query.js:149:8)
    at Query.EofPacket (F:\IT\Web Development\MERN\portal\node_modules\mysql\lib\protocol\sequences\Query.js:133:8)
    at Protocol._parsePacket (F:\IT\Web Development\MERN\portal\node_modules\mysql\lib\protocol\Protocol.js:291:23)
    at Parser._parsePacket (F:\IT\Web Development\MERN\portal\node_modules\mysql\lib\protocol\Parser.js:433:10)
    at Parser.write (F:\IT\Web Development\MERN\portal\node_modules\mysql\lib\protocol\Parser.js:43:10)
    at Protocol.write (F:\IT\Web Development\MERN\portal\node_modules\mysql\lib\protocol\Protocol.js:38:16)
    at Socket.<anonymous> (F:\IT\Web Development\MERN\portal\node_modules\mysql\lib\Connection.js:88:28)
    at Socket.<anonymous> (F:\IT\Web Development\MERN\portal\node_modules\mysql\lib\Connection.js:526:10)
    at Socket.emit (node:events:527:28)
    at addChunk (node:internal/streams/readable:324:12)
2023-10-18T05:43:33.913Z [unhandledRejection] error: Error: Evaluation failed: TypeError: Cannot read properties of undefined (reading 'WidFactory')
    at __puppeteer_evaluation_script__:2:42
    at ExecutionContext._evaluateInternal (F:\IT\Web Development\MERN\portal\node_modules\puppeteer\lib\cjs\puppeteer\common\ExecutionContext.js:221:19)
    at processTicksAndRejections (node:internal/process/task_queues:96:5)
    at async ExecutionContext.evaluate (F:\IT\Web Development\MERN\portal\node_modules\puppeteer\lib\cjs\puppeteer\common\ExecutionContext.js:110:16)
    at async Client.sendMessage (F:\IT\Web Development\MERN\portal\node_modules\whatsapp-web.js\src\Client.js:870:28)
2023-10-18T05:43:33.929Z [unhandledRejection] error: Error: Evaluation failed: TypeError: Cannot read properties of undefined (reading 'WidFactory')
    at __puppeteer_evaluation_script__:2:42
    at ExecutionContext._evaluateInternal (F:\IT\Web Development\MERN\portal\node_modules\puppeteer\lib\cjs\puppeteer\common\ExecutionContext.js:221:19)
    at processTicksAndRejections (node:internal/process/task_queues:96:5)
    at async ExecutionContext.evaluate (F:\IT\Web Development\MERN\portal\node_modules\puppeteer\lib\cjs\puppeteer\common\ExecutionContext.js:110:16)
    at async Client.sendMessage (F:\IT\Web Development\MERN\portal\node_modules\whatsapp-web.js\src\Client.js:870:28)
2023-10-18T05:43:33.943Z [unhandledRejection] error: Error: Evaluation failed: TypeError: Cannot read properties of undefined (reading 'WidFactory')
    at __puppeteer_evaluation_script__:2:42
    at ExecutionContext._evaluateInternal (F:\IT\Web Development\MERN\portal\node_modules\puppeteer\lib\cjs\puppeteer\common\ExecutionContext.js:221:19)
    at processTicksAndRejections (node:internal/process/task_queues:96:5)
    at async ExecutionContext.evaluate (F:\IT\Web Development\MERN\portal\node_modules\puppeteer\lib\cjs\puppeteer\common\ExecutionContext.js:110:16)
    at async Client.sendMessage (F:\IT\Web Development\MERN\portal\node_modules\whatsapp-web.js\src\Client.js:870:28)
2023-10-18T05:44:02.089Z [uncaughtException] info: TypeError: Cannot read properties of undefined (reading 'today')
    at issueTickets (F:\IT\Web Development\MERN\portal\Routes\Services\AutoTickets.js:26:61)
    at issueTickets (F:\IT\Web Development\MERN\portal\Routes\Services\AutoTickets.js:89:33)
    at issueTickets (F:\IT\Web Development\MERN\portal\Routes\Services\AutoTickets.js:89:33)
    at Query.<anonymous> (F:\IT\Web Development\MERN\portal\Routes\Services\AutoTickets.js:92:25)
    at Query.<anonymous> (F:\IT\Web Development\MERN\portal\node_modules\mysql\lib\Connection.js:526:10)
    at Query._callback (F:\IT\Web Development\MERN\portal\node_modules\mysql\lib\Connection.js:488:16)
    at Query.Sequence.end (F:\IT\Web Development\MERN\portal\node_modules\mysql\lib\protocol\sequences\Sequence.js:83:24)
    at Query._handleFinalResultPacket (F:\IT\Web Development\MERN\portal\node_modules\mysql\lib\protocol\sequences\Query.js:149:8)
    at Query.EofPacket (F:\IT\Web Development\MERN\portal\node_modules\mysql\lib\protocol\sequences\Query.js:133:8)
    at Protocol._parsePacket (F:\IT\Web Development\MERN\portal\node_modules\mysql\lib\protocol\Protocol.js:291:23)
    at Parser._parsePacket (F:\IT\Web Development\MERN\portal\node_modules\mysql\lib\protocol\Parser.js:433:10)
    at Parser.write (F:\IT\Web Development\MERN\portal\node_modules\mysql\lib\protocol\Parser.js:43:10)
    at Protocol.write (F:\IT\Web Development\MERN\portal\node_modules\mysql\lib\protocol\Protocol.js:38:16)
    at Socket.<anonymous> (F:\IT\Web Development\MERN\portal\node_modules\mysql\lib\Connection.js:88:28)
    at Socket.<anonymous> (F:\IT\Web Development\MERN\portal\node_modules\mysql\lib\Connection.js:526:10)
    at Socket.emit (node:events:527:28)
2023-10-18T05:44:34.827Z [uncaughtException] info: TypeError: Cannot read properties of undefined (reading 'today')
    at issueTickets (F:\IT\Web Development\MERN\portal\Routes\Services\AutoTickets.js:26:61)
    at issueTickets (F:\IT\Web Development\MERN\portal\Routes\Services\AutoTickets.js:89:33)
    at issueTickets (F:\IT\Web Development\MERN\portal\Routes\Services\AutoTickets.js:89:33)
    at Query.<anonymous> (F:\IT\Web Development\MERN\portal\Routes\Services\AutoTickets.js:92:25)
    at Query.<anonymous> (F:\IT\Web Development\MERN\portal\node_modules\mysql\lib\Connection.js:526:10)
    at Query._callback (F:\IT\Web Development\MERN\portal\node_modules\mysql\lib\Connection.js:488:16)
    at Query.Sequence.end (F:\IT\Web Development\MERN\portal\node_modules\mysql\lib\protocol\sequences\Sequence.js:83:24)
    at Query._handleFinalResultPacket (F:\IT\Web Development\MERN\portal\node_modules\mysql\lib\protocol\sequences\Query.js:149:8)
    at Query.EofPacket (F:\IT\Web Development\MERN\portal\node_modules\mysql\lib\protocol\sequences\Query.js:133:8)
    at Protocol._parsePacket (F:\IT\Web Development\MERN\portal\node_modules\mysql\lib\protocol\Protocol.js:291:23)
    at Parser._parsePacket (F:\IT\Web Development\MERN\portal\node_modules\mysql\lib\protocol\Parser.js:433:10)
    at Parser.write (F:\IT\Web Development\MERN\portal\node_modules\mysql\lib\protocol\Parser.js:43:10)
    at Protocol.write (F:\IT\Web Development\MERN\portal\node_modules\mysql\lib\protocol\Protocol.js:38:16)
    at Socket.<anonymous> (F:\IT\Web Development\MERN\portal\node_modules\mysql\lib\Connection.js:88:28)
    at Socket.<anonymous> (F:\IT\Web Development\MERN\portal\node_modules\mysql\lib\Connection.js:526:10)
    at Socket.emit (node:events:527:28)
2023-10-18T05:44:49.206Z [uncaughtException] info: TypeError: Cannot read properties of undefined (reading 'today')
    at issueTickets (F:\IT\Web Development\MERN\portal\Routes\Services\AutoTickets.js:26:61)
    at issueTickets (F:\IT\Web Development\MERN\portal\Routes\Services\AutoTickets.js:89:33)
    at issueTickets (F:\IT\Web Development\MERN\portal\Routes\Services\AutoTickets.js:89:33)
    at Query.<anonymous> (F:\IT\Web Development\MERN\portal\Routes\Services\AutoTickets.js:92:25)
    at Query.<anonymous> (F:\IT\Web Development\MERN\portal\node_modules\mysql\lib\Connection.js:526:10)
    at Query._callback (F:\IT\Web Development\MERN\portal\node_modules\mysql\lib\Connection.js:488:16)
    at Query.Sequence.end (F:\IT\Web Development\MERN\portal\node_modules\mysql\lib\protocol\sequences\Sequence.js:83:24)
    at Query._handleFinalResultPacket (F:\IT\Web Development\MERN\portal\node_modules\mysql\lib\protocol\sequences\Query.js:149:8)
    at Query.EofPacket (F:\IT\Web Development\MERN\portal\node_modules\mysql\lib\protocol\sequences\Query.js:133:8)
    at Protocol._parsePacket (F:\IT\Web Development\MERN\portal\node_modules\mysql\lib\protocol\Protocol.js:291:23)
    at Parser._parsePacket (F:\IT\Web Development\MERN\portal\node_modules\mysql\lib\protocol\Parser.js:433:10)
    at Parser.write (F:\IT\Web Development\MERN\portal\node_modules\mysql\lib\protocol\Parser.js:43:10)
    at Protocol.write (F:\IT\Web Development\MERN\portal\node_modules\mysql\lib\protocol\Protocol.js:38:16)
    at Socket.<anonymous> (F:\IT\Web Development\MERN\portal\node_modules\mysql\lib\Connection.js:88:28)
    at Socket.<anonymous> (F:\IT\Web Development\MERN\portal\node_modules\mysql\lib\Connection.js:526:10)
    at Socket.emit (node:events:527:28)
2023-10-18T05:49:44.218Z [uncaughtException] info: TypeError: Cannot read properties of undefined (reading 'today')
    at issueTickets (F:\IT\Web Development\MERN\portal\Routes\Services\AutoTickets.js:26:61)
    at issueTickets (F:\IT\Web Development\MERN\portal\Routes\Services\AutoTickets.js:89:33)
    at issueTickets (F:\IT\Web Development\MERN\portal\Routes\Services\AutoTickets.js:89:33)
    at Query.<anonymous> (F:\IT\Web Development\MERN\portal\Routes\Services\AutoTickets.js:92:25)
    at Query.<anonymous> (F:\IT\Web Development\MERN\portal\node_modules\mysql\lib\Connection.js:526:10)
    at Query._callback (F:\IT\Web Development\MERN\portal\node_modules\mysql\lib\Connection.js:488:16)
    at Query.Sequence.end (F:\IT\Web Development\MERN\portal\node_modules\mysql\lib\protocol\sequences\Sequence.js:83:24)
    at Query._handleFinalResultPacket (F:\IT\Web Development\MERN\portal\node_modules\mysql\lib\protocol\sequences\Query.js:149:8)
    at Query.EofPacket (F:\IT\Web Development\MERN\portal\node_modules\mysql\lib\protocol\sequences\Query.js:133:8)
    at Protocol._parsePacket (F:\IT\Web Development\MERN\portal\node_modules\mysql\lib\protocol\Protocol.js:291:23)
    at Parser._parsePacket (F:\IT\Web Development\MERN\portal\node_modules\mysql\lib\protocol\Parser.js:433:10)
    at Parser.write (F:\IT\Web Development\MERN\portal\node_modules\mysql\lib\protocol\Parser.js:43:10)
    at Protocol.write (F:\IT\Web Development\MERN\portal\node_modules\mysql\lib\protocol\Protocol.js:38:16)
    at Socket.<anonymous> (F:\IT\Web Development\MERN\portal\node_modules\mysql\lib\Connection.js:88:28)
    at Socket.<anonymous> (F:\IT\Web Development\MERN\portal\node_modules\mysql\lib\Connection.js:526:10)
    at Socket.emit (node:events:527:28)
2023-10-18T05:53:29.333Z [uncaughtException] info: TypeError: Cannot read properties of undefined (reading 'today')
    at issueTickets (F:\IT\Web Development\MERN\portal\Routes\Services\AutoTickets.js:26:61)
    at issueTickets (F:\IT\Web Development\MERN\portal\Routes\Services\AutoTickets.js:89:33)
    at issueTickets (F:\IT\Web Development\MERN\portal\Routes\Services\AutoTickets.js:89:33)
    at Query.<anonymous> (F:\IT\Web Development\MERN\portal\Routes\Services\AutoTickets.js:92:25)
    at Query.<anonymous> (F:\IT\Web Development\MERN\portal\node_modules\mysql\lib\Connection.js:526:10)
    at Query._callback (F:\IT\Web Development\MERN\portal\node_modules\mysql\lib\Connection.js:488:16)
    at Query.Sequence.end (F:\IT\Web Development\MERN\portal\node_modules\mysql\lib\protocol\sequences\Sequence.js:83:24)
    at Query._handleFinalResultPacket (F:\IT\Web Development\MERN\portal\node_modules\mysql\lib\protocol\sequences\Query.js:149:8)
    at Query.EofPacket (F:\IT\Web Development\MERN\portal\node_modules\mysql\lib\protocol\sequences\Query.js:133:8)
    at Protocol._parsePacket (F:\IT\Web Development\MERN\portal\node_modules\mysql\lib\protocol\Protocol.js:291:23)
    at Parser._parsePacket (F:\IT\Web Development\MERN\portal\node_modules\mysql\lib\protocol\Parser.js:433:10)
    at Parser.write (F:\IT\Web Development\MERN\portal\node_modules\mysql\lib\protocol\Parser.js:43:10)
    at Protocol.write (F:\IT\Web Development\MERN\portal\node_modules\mysql\lib\protocol\Protocol.js:38:16)
    at Socket.<anonymous> (F:\IT\Web Development\MERN\portal\node_modules\mysql\lib\Connection.js:88:28)
    at Socket.<anonymous> (F:\IT\Web Development\MERN\portal\node_modules\mysql\lib\Connection.js:526:10)
    at Socket.emit (node:events:527:28)
2023-10-18T05:53:42.780Z [uncaughtException] info: TypeError: Cannot read properties of undefined (reading 'today')
    at issueTickets (F:\IT\Web Development\MERN\portal\Routes\Services\AutoTickets.js:26:61)
    at issueTickets (F:\IT\Web Development\MERN\portal\Routes\Services\AutoTickets.js:89:33)
    at issueTickets (F:\IT\Web Development\MERN\portal\Routes\Services\AutoTickets.js:89:33)
    at Query.<anonymous> (F:\IT\Web Development\MERN\portal\Routes\Services\AutoTickets.js:92:25)
    at Query.<anonymous> (F:\IT\Web Development\MERN\portal\node_modules\mysql\lib\Connection.js:526:10)
    at Query._callback (F:\IT\Web Development\MERN\portal\node_modules\mysql\lib\Connection.js:488:16)
    at Query.Sequence.end (F:\IT\Web Development\MERN\portal\node_modules\mysql\lib\protocol\sequences\Sequence.js:83:24)
    at Query._handleFinalResultPacket (F:\IT\Web Development\MERN\portal\node_modules\mysql\lib\protocol\sequences\Query.js:149:8)
    at Query.EofPacket (F:\IT\Web Development\MERN\portal\node_modules\mysql\lib\protocol\sequences\Query.js:133:8)
    at Protocol._parsePacket (F:\IT\Web Development\MERN\portal\node_modules\mysql\lib\protocol\Protocol.js:291:23)
    at Parser._parsePacket (F:\IT\Web Development\MERN\portal\node_modules\mysql\lib\protocol\Parser.js:433:10)
    at Parser.write (F:\IT\Web Development\MERN\portal\node_modules\mysql\lib\protocol\Parser.js:43:10)
    at Protocol.write (F:\IT\Web Development\MERN\portal\node_modules\mysql\lib\protocol\Protocol.js:38:16)
    at Socket.<anonymous> (F:\IT\Web Development\MERN\portal\node_modules\mysql\lib\Connection.js:88:28)
    at Socket.<anonymous> (F:\IT\Web Development\MERN\portal\node_modules\mysql\lib\Connection.js:526:10)
    at Socket.emit (node:events:527:28)
2023-10-18T05:54:17.460Z [uncaughtException] info: TypeError: Cannot read properties of undefined (reading 'today')
    at issueTickets (F:\IT\Web Development\MERN\portal\Routes\Services\AutoTickets.js:26:61)
    at issueTickets (F:\IT\Web Development\MERN\portal\Routes\Services\AutoTickets.js:89:33)
    at issueTickets (F:\IT\Web Development\MERN\portal\Routes\Services\AutoTickets.js:89:33)
    at Query.<anonymous> (F:\IT\Web Development\MERN\portal\Routes\Services\AutoTickets.js:92:25)
    at Query.<anonymous> (F:\IT\Web Development\MERN\portal\node_modules\mysql\lib\Connection.js:526:10)
    at Query._callback (F:\IT\Web Development\MERN\portal\node_modules\mysql\lib\Connection.js:488:16)
    at Query.Sequence.end (F:\IT\Web Development\MERN\portal\node_modules\mysql\lib\protocol\sequences\Sequence.js:83:24)
    at Query._handleFinalResultPacket (F:\IT\Web Development\MERN\portal\node_modules\mysql\lib\protocol\sequences\Query.js:149:8)
    at Query.EofPacket (F:\IT\Web Development\MERN\portal\node_modules\mysql\lib\protocol\sequences\Query.js:133:8)
    at Protocol._parsePacket (F:\IT\Web Development\MERN\portal\node_modules\mysql\lib\protocol\Protocol.js:291:23)
    at Parser._parsePacket (F:\IT\Web Development\MERN\portal\node_modules\mysql\lib\protocol\Parser.js:433:10)
    at Parser.write (F:\IT\Web Development\MERN\portal\node_modules\mysql\lib\protocol\Parser.js:43:10)
    at Protocol.write (F:\IT\Web Development\MERN\portal\node_modules\mysql\lib\protocol\Protocol.js:38:16)
    at Socket.<anonymous> (F:\IT\Web Development\MERN\portal\node_modules\mysql\lib\Connection.js:88:28)
    at Socket.<anonymous> (F:\IT\Web Development\MERN\portal\node_modules\mysql\lib\Connection.js:526:10)
    at Socket.emit (node:events:527:28)
2023-10-18T05:54:45.819Z [uncaughtException] info: TypeError: Cannot read properties of undefined (reading 'today')
    at issueTickets (F:\IT\Web Development\MERN\portal\Routes\Services\AutoTickets.js:26:61)
    at issueTickets (F:\IT\Web Development\MERN\portal\Routes\Services\AutoTickets.js:89:33)
    at issueTickets (F:\IT\Web Development\MERN\portal\Routes\Services\AutoTickets.js:89:33)
    at Query.<anonymous> (F:\IT\Web Development\MERN\portal\Routes\Services\AutoTickets.js:92:25)
    at Query.<anonymous> (F:\IT\Web Development\MERN\portal\node_modules\mysql\lib\Connection.js:526:10)
    at Query._callback (F:\IT\Web Development\MERN\portal\node_modules\mysql\lib\Connection.js:488:16)
    at Query.Sequence.end (F:\IT\Web Development\MERN\portal\node_modules\mysql\lib\protocol\sequences\Sequence.js:83:24)
    at Query._handleFinalResultPacket (F:\IT\Web Development\MERN\portal\node_modules\mysql\lib\protocol\sequences\Query.js:149:8)
    at Query.EofPacket (F:\IT\Web Development\MERN\portal\node_modules\mysql\lib\protocol\sequences\Query.js:133:8)
    at Protocol._parsePacket (F:\IT\Web Development\MERN\portal\node_modules\mysql\lib\protocol\Protocol.js:291:23)
    at Parser._parsePacket (F:\IT\Web Development\MERN\portal\node_modules\mysql\lib\protocol\Parser.js:433:10)
    at Parser.write (F:\IT\Web Development\MERN\portal\node_modules\mysql\lib\protocol\Parser.js:43:10)
    at Protocol.write (F:\IT\Web Development\MERN\portal\node_modules\mysql\lib\protocol\Protocol.js:38:16)
    at Socket.<anonymous> (F:\IT\Web Development\MERN\portal\node_modules\mysql\lib\Connection.js:88:28)
    at Socket.<anonymous> (F:\IT\Web Development\MERN\portal\node_modules\mysql\lib\Connection.js:526:10)
    at Socket.emit (node:events:527:28)
2023-10-18T05:58:24.677Z [uncaughtException] info: TypeError: Cannot read properties of undefined (reading 'today')
    at issueTickets (F:\IT\Web Development\MERN\portal\Routes\Services\AutoTickets.js:26:61)
    at issueTickets (F:\IT\Web Development\MERN\portal\Routes\Services\AutoTickets.js:89:33)
    at issueTickets (F:\IT\Web Development\MERN\portal\Routes\Services\AutoTickets.js:89:33)
    at Query.<anonymous> (F:\IT\Web Development\MERN\portal\Routes\Services\AutoTickets.js:92:25)
    at Query.<anonymous> (F:\IT\Web Development\MERN\portal\node_modules\mysql\lib\Connection.js:526:10)
    at Query._callback (F:\IT\Web Development\MERN\portal\node_modules\mysql\lib\Connection.js:488:16)
    at Query.Sequence.end (F:\IT\Web Development\MERN\portal\node_modules\mysql\lib\protocol\sequences\Sequence.js:83:24)
    at Query._handleFinalResultPacket (F:\IT\Web Development\MERN\portal\node_modules\mysql\lib\protocol\sequences\Query.js:149:8)
    at Query.EofPacket (F:\IT\Web Development\MERN\portal\node_modules\mysql\lib\protocol\sequences\Query.js:133:8)
    at Protocol._parsePacket (F:\IT\Web Development\MERN\portal\node_modules\mysql\lib\protocol\Protocol.js:291:23)
    at Parser._parsePacket (F:\IT\Web Development\MERN\portal\node_modules\mysql\lib\protocol\Parser.js:433:10)
    at Parser.write (F:\IT\Web Development\MERN\portal\node_modules\mysql\lib\protocol\Parser.js:43:10)
    at Protocol.write (F:\IT\Web Development\MERN\portal\node_modules\mysql\lib\protocol\Protocol.js:38:16)
    at Socket.<anonymous> (F:\IT\Web Development\MERN\portal\node_modules\mysql\lib\Connection.js:88:28)
    at Socket.<anonymous> (F:\IT\Web Development\MERN\portal\node_modules\mysql\lib\Connection.js:526:10)
    at Socket.emit (node:events:527:28)
2023-10-18T06:00:13.018Z [uncaughtException] info: TypeError: Cannot read properties of undefined (reading 'today')
    at issueTickets (F:\IT\Web Development\MERN\portal\Routes\Services\AutoTickets.js:26:61)
    at issueTickets (F:\IT\Web Development\MERN\portal\Routes\Services\AutoTickets.js:89:33)
    at issueTickets (F:\IT\Web Development\MERN\portal\Routes\Services\AutoTickets.js:89:33)
    at Query.<anonymous> (F:\IT\Web Development\MERN\portal\Routes\Services\AutoTickets.js:92:25)
    at Query.<anonymous> (F:\IT\Web Development\MERN\portal\node_modules\mysql\lib\Connection.js:526:10)
    at Query._callback (F:\IT\Web Development\MERN\portal\node_modules\mysql\lib\Connection.js:488:16)
    at Query.Sequence.end (F:\IT\Web Development\MERN\portal\node_modules\mysql\lib\protocol\sequences\Sequence.js:83:24)
    at Query._handleFinalResultPacket (F:\IT\Web Development\MERN\portal\node_modules\mysql\lib\protocol\sequences\Query.js:149:8)
    at Query.EofPacket (F:\IT\Web Development\MERN\portal\node_modules\mysql\lib\protocol\sequences\Query.js:133:8)
    at Protocol._parsePacket (F:\IT\Web Development\MERN\portal\node_modules\mysql\lib\protocol\Protocol.js:291:23)
    at Parser._parsePacket (F:\IT\Web Development\MERN\portal\node_modules\mysql\lib\protocol\Parser.js:433:10)
    at Parser.write (F:\IT\Web Development\MERN\portal\node_modules\mysql\lib\protocol\Parser.js:43:10)
    at Protocol.write (F:\IT\Web Development\MERN\portal\node_modules\mysql\lib\protocol\Protocol.js:38:16)
    at Socket.<anonymous> (F:\IT\Web Development\MERN\portal\node_modules\mysql\lib\Connection.js:88:28)
    at Socket.<anonymous> (F:\IT\Web Development\MERN\portal\node_modules\mysql\lib\Connection.js:526:10)
    at Socket.emit (node:events:527:28)
2023-10-18T06:01:31.893Z [uncaughtException] info: TypeError: Cannot read properties of undefined (reading 'today')
    at issueTickets (F:\IT\Web Development\MERN\portal\Routes\Services\AutoTickets.js:26:61)
    at issueTickets (F:\IT\Web Development\MERN\portal\Routes\Services\AutoTickets.js:89:33)
    at issueTickets (F:\IT\Web Development\MERN\portal\Routes\Services\AutoTickets.js:89:33)
    at Query.<anonymous> (F:\IT\Web Development\MERN\portal\Routes\Services\AutoTickets.js:92:25)
    at Query.<anonymous> (F:\IT\Web Development\MERN\portal\node_modules\mysql\lib\Connection.js:526:10)
    at Query._callback (F:\IT\Web Development\MERN\portal\node_modules\mysql\lib\Connection.js:488:16)
    at Query.Sequence.end (F:\IT\Web Development\MERN\portal\node_modules\mysql\lib\protocol\sequences\Sequence.js:83:24)
    at Query._handleFinalResultPacket (F:\IT\Web Development\MERN\portal\node_modules\mysql\lib\protocol\sequences\Query.js:149:8)
    at Query.EofPacket (F:\IT\Web Development\MERN\portal\node_modules\mysql\lib\protocol\sequences\Query.js:133:8)
    at Protocol._parsePacket (F:\IT\Web Development\MERN\portal\node_modules\mysql\lib\protocol\Protocol.js:291:23)
    at Parser._parsePacket (F:\IT\Web Development\MERN\portal\node_modules\mysql\lib\protocol\Parser.js:433:10)
    at Parser.write (F:\IT\Web Development\MERN\portal\node_modules\mysql\lib\protocol\Parser.js:43:10)
    at Protocol.write (F:\IT\Web Development\MERN\portal\node_modules\mysql\lib\protocol\Protocol.js:38:16)
    at Socket.<anonymous> (F:\IT\Web Development\MERN\portal\node_modules\mysql\lib\Connection.js:88:28)
    at Socket.<anonymous> (F:\IT\Web Development\MERN\portal\node_modules\mysql\lib\Connection.js:526:10)
    at Socket.emit (node:events:527:28)
2023-10-18T06:02:06.745Z [uncaughtException] info: TypeError: Cannot read properties of undefined (reading 'today')
    at issueTickets (F:\IT\Web Development\MERN\portal\Routes\Services\AutoTickets.js:26:61)
    at issueTickets (F:\IT\Web Development\MERN\portal\Routes\Services\AutoTickets.js:89:33)
    at issueTickets (F:\IT\Web Development\MERN\portal\Routes\Services\AutoTickets.js:89:33)
    at Query.<anonymous> (F:\IT\Web Development\MERN\portal\Routes\Services\AutoTickets.js:92:25)
    at Query.<anonymous> (F:\IT\Web Development\MERN\portal\node_modules\mysql\lib\Connection.js:526:10)
    at Query._callback (F:\IT\Web Development\MERN\portal\node_modules\mysql\lib\Connection.js:488:16)
    at Query.Sequence.end (F:\IT\Web Development\MERN\portal\node_modules\mysql\lib\protocol\sequences\Sequence.js:83:24)
    at Query._handleFinalResultPacket (F:\IT\Web Development\MERN\portal\node_modules\mysql\lib\protocol\sequences\Query.js:149:8)
    at Query.EofPacket (F:\IT\Web Development\MERN\portal\node_modules\mysql\lib\protocol\sequences\Query.js:133:8)
    at Protocol._parsePacket (F:\IT\Web Development\MERN\portal\node_modules\mysql\lib\protocol\Protocol.js:291:23)
    at Parser._parsePacket (F:\IT\Web Development\MERN\portal\node_modules\mysql\lib\protocol\Parser.js:433:10)
    at Parser.write (F:\IT\Web Development\MERN\portal\node_modules\mysql\lib\protocol\Parser.js:43:10)
    at Protocol.write (F:\IT\Web Development\MERN\portal\node_modules\mysql\lib\protocol\Protocol.js:38:16)
    at Socket.<anonymous> (F:\IT\Web Development\MERN\portal\node_modules\mysql\lib\Connection.js:88:28)
    at Socket.<anonymous> (F:\IT\Web Development\MERN\portal\node_modules\mysql\lib\Connection.js:526:10)
    at Socket.emit (node:events:527:28)
2023-10-18T06:02:15.033Z [uncaughtException] info: TypeError: Cannot read properties of undefined (reading 'today')
    at issueTickets (F:\IT\Web Development\MERN\portal\Routes\Services\AutoTickets.js:26:61)
    at issueTickets (F:\IT\Web Development\MERN\portal\Routes\Services\AutoTickets.js:89:33)
    at issueTickets (F:\IT\Web Development\MERN\portal\Routes\Services\AutoTickets.js:89:33)
    at Query.<anonymous> (F:\IT\Web Development\MERN\portal\Routes\Services\AutoTickets.js:92:25)
    at Query.<anonymous> (F:\IT\Web Development\MERN\portal\node_modules\mysql\lib\Connection.js:526:10)
    at Query._callback (F:\IT\Web Development\MERN\portal\node_modules\mysql\lib\Connection.js:488:16)
    at Query.Sequence.end (F:\IT\Web Development\MERN\portal\node_modules\mysql\lib\protocol\sequences\Sequence.js:83:24)
    at Query._handleFinalResultPacket (F:\IT\Web Development\MERN\portal\node_modules\mysql\lib\protocol\sequences\Query.js:149:8)
    at Query.EofPacket (F:\IT\Web Development\MERN\portal\node_modules\mysql\lib\protocol\sequences\Query.js:133:8)
    at Protocol._parsePacket (F:\IT\Web Development\MERN\portal\node_modules\mysql\lib\protocol\Protocol.js:291:23)
    at Parser._parsePacket (F:\IT\Web Development\MERN\portal\node_modules\mysql\lib\protocol\Parser.js:433:10)
    at Parser.write (F:\IT\Web Development\MERN\portal\node_modules\mysql\lib\protocol\Parser.js:43:10)
    at Protocol.write (F:\IT\Web Development\MERN\portal\node_modules\mysql\lib\protocol\Protocol.js:38:16)
    at Socket.<anonymous> (F:\IT\Web Development\MERN\portal\node_modules\mysql\lib\Connection.js:88:28)
    at Socket.<anonymous> (F:\IT\Web Development\MERN\portal\node_modules\mysql\lib\Connection.js:526:10)
    at Socket.emit (node:events:527:28)
2023-10-18T06:14:16.633Z [uncaughtException] info: TypeError: Cannot read properties of undefined (reading 'today')
    at issueTickets (F:\IT\Web Development\MERN\portal\Routes\Services\AutoTickets.js:26:61)
    at issueTickets (F:\IT\Web Development\MERN\portal\Routes\Services\AutoTickets.js:89:33)
    at issueTickets (F:\IT\Web Development\MERN\portal\Routes\Services\AutoTickets.js:89:33)
    at Query.<anonymous> (F:\IT\Web Development\MERN\portal\Routes\Services\AutoTickets.js:92:25)
    at Query.<anonymous> (F:\IT\Web Development\MERN\portal\node_modules\mysql\lib\Connection.js:526:10)
    at Query._callback (F:\IT\Web Development\MERN\portal\node_modules\mysql\lib\Connection.js:488:16)
    at Query.Sequence.end (F:\IT\Web Development\MERN\portal\node_modules\mysql\lib\protocol\sequences\Sequence.js:83:24)
    at Query._handleFinalResultPacket (F:\IT\Web Development\MERN\portal\node_modules\mysql\lib\protocol\sequences\Query.js:149:8)
    at Query.EofPacket (F:\IT\Web Development\MERN\portal\node_modules\mysql\lib\protocol\sequences\Query.js:133:8)
    at Protocol._parsePacket (F:\IT\Web Development\MERN\portal\node_modules\mysql\lib\protocol\Protocol.js:291:23)
    at Parser._parsePacket (F:\IT\Web Development\MERN\portal\node_modules\mysql\lib\protocol\Parser.js:433:10)
    at Parser.write (F:\IT\Web Development\MERN\portal\node_modules\mysql\lib\protocol\Parser.js:43:10)
    at Protocol.write (F:\IT\Web Development\MERN\portal\node_modules\mysql\lib\protocol\Protocol.js:38:16)
    at Socket.<anonymous> (F:\IT\Web Development\MERN\portal\node_modules\mysql\lib\Connection.js:88:28)
    at Socket.<anonymous> (F:\IT\Web Development\MERN\portal\node_modules\mysql\lib\Connection.js:526:10)
    at Socket.emit (node:events:527:28)
2023-10-18T06:14:23.219Z [uncaughtException] info: TypeError: Cannot read properties of undefined (reading 'today')
    at issueTickets (F:\IT\Web Development\MERN\portal\Routes\Services\AutoTickets.js:26:61)
    at issueTickets (F:\IT\Web Development\MERN\portal\Routes\Services\AutoTickets.js:89:33)
    at issueTickets (F:\IT\Web Development\MERN\portal\Routes\Services\AutoTickets.js:89:33)
    at Query.<anonymous> (F:\IT\Web Development\MERN\portal\Routes\Services\AutoTickets.js:92:25)
    at Query.<anonymous> (F:\IT\Web Development\MERN\portal\node_modules\mysql\lib\Connection.js:526:10)
    at Query._callback (F:\IT\Web Development\MERN\portal\node_modules\mysql\lib\Connection.js:488:16)
    at Query.Sequence.end (F:\IT\Web Development\MERN\portal\node_modules\mysql\lib\protocol\sequences\Sequence.js:83:24)
    at Query._handleFinalResultPacket (F:\IT\Web Development\MERN\portal\node_modules\mysql\lib\protocol\sequences\Query.js:149:8)
    at Query.EofPacket (F:\IT\Web Development\MERN\portal\node_modules\mysql\lib\protocol\sequences\Query.js:133:8)
    at Protocol._parsePacket (F:\IT\Web Development\MERN\portal\node_modules\mysql\lib\protocol\Protocol.js:291:23)
    at Parser._parsePacket (F:\IT\Web Development\MERN\portal\node_modules\mysql\lib\protocol\Parser.js:433:10)
    at Parser.write (F:\IT\Web Development\MERN\portal\node_modules\mysql\lib\protocol\Parser.js:43:10)
    at Protocol.write (F:\IT\Web Development\MERN\portal\node_modules\mysql\lib\protocol\Protocol.js:38:16)
    at Socket.<anonymous> (F:\IT\Web Development\MERN\portal\node_modules\mysql\lib\Connection.js:88:28)
    at Socket.<anonymous> (F:\IT\Web Development\MERN\portal\node_modules\mysql\lib\Connection.js:526:10)
    at Socket.emit (node:events:527:28)
2023-10-18T06:15:41.065Z [uncaughtException] info: TypeError: Cannot read properties of undefined (reading 'today')
    at issueTickets (F:\IT\Web Development\MERN\portal\Routes\Services\AutoTickets.js:26:61)
    at issueTickets (F:\IT\Web Development\MERN\portal\Routes\Services\AutoTickets.js:89:33)
    at issueTickets (F:\IT\Web Development\MERN\portal\Routes\Services\AutoTickets.js:89:33)
    at Query.<anonymous> (F:\IT\Web Development\MERN\portal\Routes\Services\AutoTickets.js:92:25)
    at Query.<anonymous> (F:\IT\Web Development\MERN\portal\node_modules\mysql\lib\Connection.js:526:10)
    at Query._callback (F:\IT\Web Development\MERN\portal\node_modules\mysql\lib\Connection.js:488:16)
    at Query.Sequence.end (F:\IT\Web Development\MERN\portal\node_modules\mysql\lib\protocol\sequences\Sequence.js:83:24)
    at Query._handleFinalResultPacket (F:\IT\Web Development\MERN\portal\node_modules\mysql\lib\protocol\sequences\Query.js:149:8)
    at Query.EofPacket (F:\IT\Web Development\MERN\portal\node_modules\mysql\lib\protocol\sequences\Query.js:133:8)
    at Protocol._parsePacket (F:\IT\Web Development\MERN\portal\node_modules\mysql\lib\protocol\Protocol.js:291:23)
    at Parser._parsePacket (F:\IT\Web Development\MERN\portal\node_modules\mysql\lib\protocol\Parser.js:433:10)
    at Parser.write (F:\IT\Web Development\MERN\portal\node_modules\mysql\lib\protocol\Parser.js:43:10)
    at Protocol.write (F:\IT\Web Development\MERN\portal\node_modules\mysql\lib\protocol\Protocol.js:38:16)
    at Socket.<anonymous> (F:\IT\Web Development\MERN\portal\node_modules\mysql\lib\Connection.js:88:28)
    at Socket.<anonymous> (F:\IT\Web Development\MERN\portal\node_modules\mysql\lib\Connection.js:526:10)
    at Socket.emit (node:events:527:28)
2023-10-18T06:16:22.166Z [uncaughtException] info: TypeError: Cannot read properties of undefined (reading 'today')
    at issueTickets (F:\IT\Web Development\MERN\portal\Routes\Services\AutoTickets.js:26:61)
    at issueTickets (F:\IT\Web Development\MERN\portal\Routes\Services\AutoTickets.js:89:33)
    at issueTickets (F:\IT\Web Development\MERN\portal\Routes\Services\AutoTickets.js:89:33)
    at Query.<anonymous> (F:\IT\Web Development\MERN\portal\Routes\Services\AutoTickets.js:92:25)
    at Query.<anonymous> (F:\IT\Web Development\MERN\portal\node_modules\mysql\lib\Connection.js:526:10)
    at Query._callback (F:\IT\Web Development\MERN\portal\node_modules\mysql\lib\Connection.js:488:16)
    at Query.Sequence.end (F:\IT\Web Development\MERN\portal\node_modules\mysql\lib\protocol\sequences\Sequence.js:83:24)
    at Query._handleFinalResultPacket (F:\IT\Web Development\MERN\portal\node_modules\mysql\lib\protocol\sequences\Query.js:149:8)
    at Query.EofPacket (F:\IT\Web Development\MERN\portal\node_modules\mysql\lib\protocol\sequences\Query.js:133:8)
    at Protocol._parsePacket (F:\IT\Web Development\MERN\portal\node_modules\mysql\lib\protocol\Protocol.js:291:23)
    at Parser._parsePacket (F:\IT\Web Development\MERN\portal\node_modules\mysql\lib\protocol\Parser.js:433:10)
    at Parser.write (F:\IT\Web Development\MERN\portal\node_modules\mysql\lib\protocol\Parser.js:43:10)
    at Protocol.write (F:\IT\Web Development\MERN\portal\node_modules\mysql\lib\protocol\Protocol.js:38:16)
    at Socket.<anonymous> (F:\IT\Web Development\MERN\portal\node_modules\mysql\lib\Connection.js:88:28)
    at Socket.<anonymous> (F:\IT\Web Development\MERN\portal\node_modules\mysql\lib\Connection.js:526:10)
    at Socket.emit (node:events:527:28)
2023-10-18T06:16:43.895Z [uncaughtException] info: TypeError: Cannot read properties of undefined (reading 'today')
    at issueTickets (F:\IT\Web Development\MERN\portal\Routes\Services\AutoTickets.js:26:61)
    at issueTickets (F:\IT\Web Development\MERN\portal\Routes\Services\AutoTickets.js:89:33)
    at issueTickets (F:\IT\Web Development\MERN\portal\Routes\Services\AutoTickets.js:89:33)
    at Query.<anonymous> (F:\IT\Web Development\MERN\portal\Routes\Services\AutoTickets.js:92:25)
    at Query.<anonymous> (F:\IT\Web Development\MERN\portal\node_modules\mysql\lib\Connection.js:526:10)
    at Query._callback (F:\IT\Web Development\MERN\portal\node_modules\mysql\lib\Connection.js:488:16)
    at Query.Sequence.end (F:\IT\Web Development\MERN\portal\node_modules\mysql\lib\protocol\sequences\Sequence.js:83:24)
    at Query._handleFinalResultPacket (F:\IT\Web Development\MERN\portal\node_modules\mysql\lib\protocol\sequences\Query.js:149:8)
    at Query.EofPacket (F:\IT\Web Development\MERN\portal\node_modules\mysql\lib\protocol\sequences\Query.js:133:8)
    at Protocol._parsePacket (F:\IT\Web Development\MERN\portal\node_modules\mysql\lib\protocol\Protocol.js:291:23)
    at Parser._parsePacket (F:\IT\Web Development\MERN\portal\node_modules\mysql\lib\protocol\Parser.js:433:10)
    at Parser.write (F:\IT\Web Development\MERN\portal\node_modules\mysql\lib\protocol\Parser.js:43:10)
    at Protocol.write (F:\IT\Web Development\MERN\portal\node_modules\mysql\lib\protocol\Protocol.js:38:16)
    at Socket.<anonymous> (F:\IT\Web Development\MERN\portal\node_modules\mysql\lib\Connection.js:88:28)
    at Socket.<anonymous> (F:\IT\Web Development\MERN\portal\node_modules\mysql\lib\Connection.js:526:10)
    at Socket.emit (node:events:527:28)
2023-10-18T06:22:16.173Z [unhandledRejection] error: Error: Evaluation failed: TypeError: Cannot read properties of undefined (reading 'WidFactory')
    at __puppeteer_evaluation_script__:2:42
    at ExecutionContext._evaluateInternal (F:\IT\Web Development\MERN\portal\node_modules\puppeteer\lib\cjs\puppeteer\common\ExecutionContext.js:221:19)
    at processTicksAndRejections (node:internal/process/task_queues:96:5)
    at async ExecutionContext.evaluate (F:\IT\Web Development\MERN\portal\node_modules\puppeteer\lib\cjs\puppeteer\common\ExecutionContext.js:110:16)
    at async Client.sendMessage (F:\IT\Web Development\MERN\portal\node_modules\whatsapp-web.js\src\Client.js:870:28)
2023-10-18T06:22:16.176Z [unhandledRejection] error: Error: Evaluation failed: TypeError: Cannot read properties of undefined (reading 'WidFactory')
    at __puppeteer_evaluation_script__:2:42
    at ExecutionContext._evaluateInternal (F:\IT\Web Development\MERN\portal\node_modules\puppeteer\lib\cjs\puppeteer\common\ExecutionContext.js:221:19)
    at processTicksAndRejections (node:internal/process/task_queues:96:5)
    at async ExecutionContext.evaluate (F:\IT\Web Development\MERN\portal\node_modules\puppeteer\lib\cjs\puppeteer\common\ExecutionContext.js:110:16)
    at async Client.sendMessage (F:\IT\Web Development\MERN\portal\node_modules\whatsapp-web.js\src\Client.js:870:28)
2023-10-18T06:22:16.180Z [unhandledRejection] error: Error: Evaluation failed: TypeError: Cannot read properties of undefined (reading 'WidFactory')
    at __puppeteer_evaluation_script__:2:42
    at ExecutionContext._evaluateInternal (F:\IT\Web Development\MERN\portal\node_modules\puppeteer\lib\cjs\puppeteer\common\ExecutionContext.js:221:19)
    at processTicksAndRejections (node:internal/process/task_queues:96:5)
    at async ExecutionContext.evaluate (F:\IT\Web Development\MERN\portal\node_modules\puppeteer\lib\cjs\puppeteer\common\ExecutionContext.js:110:16)
    at async Client.sendMessage (F:\IT\Web Development\MERN\portal\node_modules\whatsapp-web.js\src\Client.js:870:28)
2023-10-18T06:23:08.101Z [uncaughtException] info: TypeError: Cannot read properties of undefined (reading 'today')
    at issueTickets (F:\IT\Web Development\MERN\portal\Routes\Services\AutoTickets.js:26:61)
    at issueTickets (F:\IT\Web Development\MERN\portal\Routes\Services\AutoTickets.js:89:33)
    at issueTickets (F:\IT\Web Development\MERN\portal\Routes\Services\AutoTickets.js:89:33)
    at issueTickets (F:\IT\Web Development\MERN\portal\Routes\Services\AutoTickets.js:89:33)
    at Query.<anonymous> (F:\IT\Web Development\MERN\portal\Routes\Services\AutoTickets.js:92:25)
    at Query.<anonymous> (F:\IT\Web Development\MERN\portal\node_modules\mysql\lib\Connection.js:526:10)
    at Query._callback (F:\IT\Web Development\MERN\portal\node_modules\mysql\lib\Connection.js:488:16)
    at Query.Sequence.end (F:\IT\Web Development\MERN\portal\node_modules\mysql\lib\protocol\sequences\Sequence.js:83:24)
    at Query._handleFinalResultPacket (F:\IT\Web Development\MERN\portal\node_modules\mysql\lib\protocol\sequences\Query.js:149:8)
    at Query.EofPacket (F:\IT\Web Development\MERN\portal\node_modules\mysql\lib\protocol\sequences\Query.js:133:8)
    at Protocol._parsePacket (F:\IT\Web Development\MERN\portal\node_modules\mysql\lib\protocol\Protocol.js:291:23)
    at Parser._parsePacket (F:\IT\Web Development\MERN\portal\node_modules\mysql\lib\protocol\Parser.js:433:10)
    at Parser.write (F:\IT\Web Development\MERN\portal\node_modules\mysql\lib\protocol\Parser.js:43:10)
    at Protocol.write (F:\IT\Web Development\MERN\portal\node_modules\mysql\lib\protocol\Protocol.js:38:16)
    at Socket.<anonymous> (F:\IT\Web Development\MERN\portal\node_modules\mysql\lib\Connection.js:88:28)
    at Socket.<anonymous> (F:\IT\Web Development\MERN\portal\node_modules\mysql\lib\Connection.js:526:10)
2023-10-18T06:23:41.614Z [unhandledRejection] error: Error: Evaluation failed: TypeError: Cannot read properties of undefined (reading 'WidFactory')
    at __puppeteer_evaluation_script__:2:42
    at ExecutionContext._evaluateInternal (F:\IT\Web Development\MERN\portal\node_modules\puppeteer\lib\cjs\puppeteer\common\ExecutionContext.js:221:19)
    at processTicksAndRejections (node:internal/process/task_queues:96:5)
    at async ExecutionContext.evaluate (F:\IT\Web Development\MERN\portal\node_modules\puppeteer\lib\cjs\puppeteer\common\ExecutionContext.js:110:16)
    at async Client.sendMessage (F:\IT\Web Development\MERN\portal\node_modules\whatsapp-web.js\src\Client.js:870:28)
2023-10-18T06:23:41.615Z [unhandledRejection] error: Error: Evaluation failed: TypeError: Cannot read properties of undefined (reading 'WidFactory')
    at __puppeteer_evaluation_script__:2:42
    at ExecutionContext._evaluateInternal (F:\IT\Web Development\MERN\portal\node_modules\puppeteer\lib\cjs\puppeteer\common\ExecutionContext.js:221:19)
    at processTicksAndRejections (node:internal/process/task_queues:96:5)
    at async ExecutionContext.evaluate (F:\IT\Web Development\MERN\portal\node_modules\puppeteer\lib\cjs\puppeteer\common\ExecutionContext.js:110:16)
    at async Client.sendMessage (F:\IT\Web Development\MERN\portal\node_modules\whatsapp-web.js\src\Client.js:870:28)
2023-10-18T06:23:41.617Z [unhandledRejection] error: Error: Evaluation failed: TypeError: Cannot read properties of undefined (reading 'WidFactory')
    at __puppeteer_evaluation_script__:2:42
    at ExecutionContext._evaluateInternal (F:\IT\Web Development\MERN\portal\node_modules\puppeteer\lib\cjs\puppeteer\common\ExecutionContext.js:221:19)
    at processTicksAndRejections (node:internal/process/task_queues:96:5)
    at async ExecutionContext.evaluate (F:\IT\Web Development\MERN\portal\node_modules\puppeteer\lib\cjs\puppeteer\common\ExecutionContext.js:110:16)
    at async Client.sendMessage (F:\IT\Web Development\MERN\portal\node_modules\whatsapp-web.js\src\Client.js:870:28)
2023-10-18T06:24:06.175Z [unhandledRejection] error: Error: Evaluation failed: TypeError: Cannot read properties of undefined (reading 'WidFactory')
    at __puppeteer_evaluation_script__:2:42
    at ExecutionContext._evaluateInternal (F:\IT\Web Development\MERN\portal\node_modules\puppeteer\lib\cjs\puppeteer\common\ExecutionContext.js:221:19)
    at processTicksAndRejections (node:internal/process/task_queues:96:5)
    at async ExecutionContext.evaluate (F:\IT\Web Development\MERN\portal\node_modules\puppeteer\lib\cjs\puppeteer\common\ExecutionContext.js:110:16)
    at async Client.sendMessage (F:\IT\Web Development\MERN\portal\node_modules\whatsapp-web.js\src\Client.js:870:28)
2023-10-18T06:24:06.177Z [unhandledRejection] error: Error: Evaluation failed: TypeError: Cannot read properties of undefined (reading 'WidFactory')
    at __puppeteer_evaluation_script__:2:42
    at ExecutionContext._evaluateInternal (F:\IT\Web Development\MERN\portal\node_modules\puppeteer\lib\cjs\puppeteer\common\ExecutionContext.js:221:19)
    at processTicksAndRejections (node:internal/process/task_queues:96:5)
    at async ExecutionContext.evaluate (F:\IT\Web Development\MERN\portal\node_modules\puppeteer\lib\cjs\puppeteer\common\ExecutionContext.js:110:16)
    at async Client.sendMessage (F:\IT\Web Development\MERN\portal\node_modules\whatsapp-web.js\src\Client.js:870:28)
2023-10-18T06:24:06.178Z [unhandledRejection] error: Error: Evaluation failed: TypeError: Cannot read properties of undefined (reading 'WidFactory')
    at __puppeteer_evaluation_script__:2:42
    at ExecutionContext._evaluateInternal (F:\IT\Web Development\MERN\portal\node_modules\puppeteer\lib\cjs\puppeteer\common\ExecutionContext.js:221:19)
    at processTicksAndRejections (node:internal/process/task_queues:96:5)
    at async ExecutionContext.evaluate (F:\IT\Web Development\MERN\portal\node_modules\puppeteer\lib\cjs\puppeteer\common\ExecutionContext.js:110:16)
    at async Client.sendMessage (F:\IT\Web Development\MERN\portal\node_modules\whatsapp-web.js\src\Client.js:870:28)
2023-10-18T06:24:06.179Z [unhandledRejection] error: Error: Evaluation failed: TypeError: Cannot read properties of undefined (reading 'WidFactory')
    at __puppeteer_evaluation_script__:2:42
    at ExecutionContext._evaluateInternal (F:\IT\Web Development\MERN\portal\node_modules\puppeteer\lib\cjs\puppeteer\common\ExecutionContext.js:221:19)
    at processTicksAndRejections (node:internal/process/task_queues:96:5)
    at async ExecutionContext.evaluate (F:\IT\Web Development\MERN\portal\node_modules\puppeteer\lib\cjs\puppeteer\common\ExecutionContext.js:110:16)
    at async Client.sendMessage (F:\IT\Web Development\MERN\portal\node_modules\whatsapp-web.js\src\Client.js:870:28)
2023-10-18T06:27:34.328Z [uncaughtException] info: TypeError: Cannot read properties of undefined (reading 'today')
    at issueTickets (F:\IT\Web Development\MERN\portal\Routes\Services\AutoTickets.js:26:61)
    at issueTickets (F:\IT\Web Development\MERN\portal\Routes\Services\AutoTickets.js:89:33)
    at issueTickets (F:\IT\Web Development\MERN\portal\Routes\Services\AutoTickets.js:89:33)
    at Query.<anonymous> (F:\IT\Web Development\MERN\portal\Routes\Services\AutoTickets.js:92:25)
    at Query.<anonymous> (F:\IT\Web Development\MERN\portal\node_modules\mysql\lib\Connection.js:526:10)
    at Query._callback (F:\IT\Web Development\MERN\portal\node_modules\mysql\lib\Connection.js:488:16)
    at Query.Sequence.end (F:\IT\Web Development\MERN\portal\node_modules\mysql\lib\protocol\sequences\Sequence.js:83:24)
    at Query._handleFinalResultPacket (F:\IT\Web Development\MERN\portal\node_modules\mysql\lib\protocol\sequences\Query.js:149:8)
    at Query.EofPacket (F:\IT\Web Development\MERN\portal\node_modules\mysql\lib\protocol\sequences\Query.js:133:8)
    at Protocol._parsePacket (F:\IT\Web Development\MERN\portal\node_modules\mysql\lib\protocol\Protocol.js:291:23)
    at Parser._parsePacket (F:\IT\Web Development\MERN\portal\node_modules\mysql\lib\protocol\Parser.js:433:10)
    at Parser.write (F:\IT\Web Development\MERN\portal\node_modules\mysql\lib\protocol\Parser.js:43:10)
    at Protocol.write (F:\IT\Web Development\MERN\portal\node_modules\mysql\lib\protocol\Protocol.js:38:16)
    at Socket.<anonymous> (F:\IT\Web Development\MERN\portal\node_modules\mysql\lib\Connection.js:88:28)
    at Socket.<anonymous> (F:\IT\Web Development\MERN\portal\node_modules\mysql\lib\Connection.js:526:10)
    at Socket.emit (node:events:527:28)
2023-10-18T06:27:40.871Z [uncaughtException] info: TypeError: Cannot read properties of undefined (reading 'today')
    at issueTickets (F:\IT\Web Development\MERN\portal\Routes\Services\AutoTickets.js:26:61)
    at issueTickets (F:\IT\Web Development\MERN\portal\Routes\Services\AutoTickets.js:89:33)
    at issueTickets (F:\IT\Web Development\MERN\portal\Routes\Services\AutoTickets.js:89:33)
    at Query.<anonymous> (F:\IT\Web Development\MERN\portal\Routes\Services\AutoTickets.js:92:25)
    at Query.<anonymous> (F:\IT\Web Development\MERN\portal\node_modules\mysql\lib\Connection.js:526:10)
    at Query._callback (F:\IT\Web Development\MERN\portal\node_modules\mysql\lib\Connection.js:488:16)
    at Query.Sequence.end (F:\IT\Web Development\MERN\portal\node_modules\mysql\lib\protocol\sequences\Sequence.js:83:24)
    at Query._handleFinalResultPacket (F:\IT\Web Development\MERN\portal\node_modules\mysql\lib\protocol\sequences\Query.js:149:8)
    at Query.EofPacket (F:\IT\Web Development\MERN\portal\node_modules\mysql\lib\protocol\sequences\Query.js:133:8)
    at Protocol._parsePacket (F:\IT\Web Development\MERN\portal\node_modules\mysql\lib\protocol\Protocol.js:291:23)
    at Parser._parsePacket (F:\IT\Web Development\MERN\portal\node_modules\mysql\lib\protocol\Parser.js:433:10)
    at Parser.write (F:\IT\Web Development\MERN\portal\node_modules\mysql\lib\protocol\Parser.js:43:10)
    at Protocol.write (F:\IT\Web Development\MERN\portal\node_modules\mysql\lib\protocol\Protocol.js:38:16)
    at Socket.<anonymous> (F:\IT\Web Development\MERN\portal\node_modules\mysql\lib\Connection.js:88:28)
    at Socket.<anonymous> (F:\IT\Web Development\MERN\portal\node_modules\mysql\lib\Connection.js:526:10)
    at Socket.emit (node:events:527:28)
2023-10-18T06:27:46.002Z [uncaughtException] info: TypeError: Cannot read properties of undefined (reading 'today')
    at issueTickets (F:\IT\Web Development\MERN\portal\Routes\Services\AutoTickets.js:26:61)
    at issueTickets (F:\IT\Web Development\MERN\portal\Routes\Services\AutoTickets.js:89:33)
    at issueTickets (F:\IT\Web Development\MERN\portal\Routes\Services\AutoTickets.js:89:33)
    at Query.<anonymous> (F:\IT\Web Development\MERN\portal\Routes\Services\AutoTickets.js:92:25)
    at Query.<anonymous> (F:\IT\Web Development\MERN\portal\node_modules\mysql\lib\Connection.js:526:10)
    at Query._callback (F:\IT\Web Development\MERN\portal\node_modules\mysql\lib\Connection.js:488:16)
    at Query.Sequence.end (F:\IT\Web Development\MERN\portal\node_modules\mysql\lib\protocol\sequences\Sequence.js:83:24)
    at Query._handleFinalResultPacket (F:\IT\Web Development\MERN\portal\node_modules\mysql\lib\protocol\sequences\Query.js:149:8)
    at Query.EofPacket (F:\IT\Web Development\MERN\portal\node_modules\mysql\lib\protocol\sequences\Query.js:133:8)
    at Protocol._parsePacket (F:\IT\Web Development\MERN\portal\node_modules\mysql\lib\protocol\Protocol.js:291:23)
    at Parser._parsePacket (F:\IT\Web Development\MERN\portal\node_modules\mysql\lib\protocol\Parser.js:433:10)
    at Parser.write (F:\IT\Web Development\MERN\portal\node_modules\mysql\lib\protocol\Parser.js:43:10)
    at Protocol.write (F:\IT\Web Development\MERN\portal\node_modules\mysql\lib\protocol\Protocol.js:38:16)
    at Socket.<anonymous> (F:\IT\Web Development\MERN\portal\node_modules\mysql\lib\Connection.js:88:28)
    at Socket.<anonymous> (F:\IT\Web Development\MERN\portal\node_modules\mysql\lib\Connection.js:526:10)
    at Socket.emit (node:events:527:28)
2023-10-18T06:27:55.683Z [uncaughtException] info: TypeError: Cannot read properties of undefined (reading 'today')
    at issueTickets (F:\IT\Web Development\MERN\portal\Routes\Services\AutoTickets.js:26:61)
    at issueTickets (F:\IT\Web Development\MERN\portal\Routes\Services\AutoTickets.js:89:33)
    at issueTickets (F:\IT\Web Development\MERN\portal\Routes\Services\AutoTickets.js:89:33)
    at Query.<anonymous> (F:\IT\Web Development\MERN\portal\Routes\Services\AutoTickets.js:92:25)
    at Query.<anonymous> (F:\IT\Web Development\MERN\portal\node_modules\mysql\lib\Connection.js:526:10)
    at Query._callback (F:\IT\Web Development\MERN\portal\node_modules\mysql\lib\Connection.js:488:16)
    at Query.Sequence.end (F:\IT\Web Development\MERN\portal\node_modules\mysql\lib\protocol\sequences\Sequence.js:83:24)
    at Query._handleFinalResultPacket (F:\IT\Web Development\MERN\portal\node_modules\mysql\lib\protocol\sequences\Query.js:149:8)
    at Query.EofPacket (F:\IT\Web Development\MERN\portal\node_modules\mysql\lib\protocol\sequences\Query.js:133:8)
    at Protocol._parsePacket (F:\IT\Web Development\MERN\portal\node_modules\mysql\lib\protocol\Protocol.js:291:23)
    at Parser._parsePacket (F:\IT\Web Development\MERN\portal\node_modules\mysql\lib\protocol\Parser.js:433:10)
    at Parser.write (F:\IT\Web Development\MERN\portal\node_modules\mysql\lib\protocol\Parser.js:43:10)
    at Protocol.write (F:\IT\Web Development\MERN\portal\node_modules\mysql\lib\protocol\Protocol.js:38:16)
    at Socket.<anonymous> (F:\IT\Web Development\MERN\portal\node_modules\mysql\lib\Connection.js:88:28)
    at Socket.<anonymous> (F:\IT\Web Development\MERN\portal\node_modules\mysql\lib\Connection.js:526:10)
    at Socket.emit (node:events:527:28)
2023-10-18T06:29:41.928Z [uncaughtException] info: TypeError: Cannot read properties of undefined (reading 'today')
    at issueTickets (F:\IT\Web Development\MERN\portal\Routes\Services\AutoTickets.js:26:61)
    at issueTickets (F:\IT\Web Development\MERN\portal\Routes\Services\AutoTickets.js:89:33)
    at issueTickets (F:\IT\Web Development\MERN\portal\Routes\Services\AutoTickets.js:89:33)
    at Query.<anonymous> (F:\IT\Web Development\MERN\portal\Routes\Services\AutoTickets.js:92:25)
    at Query.<anonymous> (F:\IT\Web Development\MERN\portal\node_modules\mysql\lib\Connection.js:526:10)
    at Query._callback (F:\IT\Web Development\MERN\portal\node_modules\mysql\lib\Connection.js:488:16)
    at Query.Sequence.end (F:\IT\Web Development\MERN\portal\node_modules\mysql\lib\protocol\sequences\Sequence.js:83:24)
    at Query._handleFinalResultPacket (F:\IT\Web Development\MERN\portal\node_modules\mysql\lib\protocol\sequences\Query.js:149:8)
    at Query.EofPacket (F:\IT\Web Development\MERN\portal\node_modules\mysql\lib\protocol\sequences\Query.js:133:8)
    at Protocol._parsePacket (F:\IT\Web Development\MERN\portal\node_modules\mysql\lib\protocol\Protocol.js:291:23)
    at Parser._parsePacket (F:\IT\Web Development\MERN\portal\node_modules\mysql\lib\protocol\Parser.js:433:10)
    at Parser.write (F:\IT\Web Development\MERN\portal\node_modules\mysql\lib\protocol\Parser.js:43:10)
    at Protocol.write (F:\IT\Web Development\MERN\portal\node_modules\mysql\lib\protocol\Protocol.js:38:16)
    at Socket.<anonymous> (F:\IT\Web Development\MERN\portal\node_modules\mysql\lib\Connection.js:88:28)
    at Socket.<anonymous> (F:\IT\Web Development\MERN\portal\node_modules\mysql\lib\Connection.js:526:10)
    at Socket.emit (node:events:527:28)
2023-10-18T06:36:01.171Z [uncaughtException] info: TypeError: Cannot read properties of undefined (reading 'today')
    at issueTickets (F:\IT\Web Development\MERN\portal\Routes\Services\AutoTickets.js:26:61)
    at issueTickets (F:\IT\Web Development\MERN\portal\Routes\Services\AutoTickets.js:89:33)
    at issueTickets (F:\IT\Web Development\MERN\portal\Routes\Services\AutoTickets.js:89:33)
    at Query.<anonymous> (F:\IT\Web Development\MERN\portal\Routes\Services\AutoTickets.js:92:25)
    at Query.<anonymous> (F:\IT\Web Development\MERN\portal\node_modules\mysql\lib\Connection.js:526:10)
    at Query._callback (F:\IT\Web Development\MERN\portal\node_modules\mysql\lib\Connection.js:488:16)
    at Query.Sequence.end (F:\IT\Web Development\MERN\portal\node_modules\mysql\lib\protocol\sequences\Sequence.js:83:24)
    at Query._handleFinalResultPacket (F:\IT\Web Development\MERN\portal\node_modules\mysql\lib\protocol\sequences\Query.js:149:8)
    at Query.EofPacket (F:\IT\Web Development\MERN\portal\node_modules\mysql\lib\protocol\sequences\Query.js:133:8)
    at Protocol._parsePacket (F:\IT\Web Development\MERN\portal\node_modules\mysql\lib\protocol\Protocol.js:291:23)
    at Parser._parsePacket (F:\IT\Web Development\MERN\portal\node_modules\mysql\lib\protocol\Parser.js:433:10)
    at Parser.write (F:\IT\Web Development\MERN\portal\node_modules\mysql\lib\protocol\Parser.js:43:10)
    at Protocol.write (F:\IT\Web Development\MERN\portal\node_modules\mysql\lib\protocol\Protocol.js:38:16)
    at Socket.<anonymous> (F:\IT\Web Development\MERN\portal\node_modules\mysql\lib\Connection.js:88:28)
    at Socket.<anonymous> (F:\IT\Web Development\MERN\portal\node_modules\mysql\lib\Connection.js:526:10)
    at Socket.emit (node:events:527:28)
2023-10-18T06:36:16.749Z [uncaughtException] info: TypeError: Cannot read properties of undefined (reading 'today')
    at issueTickets (F:\IT\Web Development\MERN\portal\Routes\Services\AutoTickets.js:26:61)
    at issueTickets (F:\IT\Web Development\MERN\portal\Routes\Services\AutoTickets.js:89:33)
    at issueTickets (F:\IT\Web Development\MERN\portal\Routes\Services\AutoTickets.js:89:33)
    at Query.<anonymous> (F:\IT\Web Development\MERN\portal\Routes\Services\AutoTickets.js:92:25)
    at Query.<anonymous> (F:\IT\Web Development\MERN\portal\node_modules\mysql\lib\Connection.js:526:10)
    at Query._callback (F:\IT\Web Development\MERN\portal\node_modules\mysql\lib\Connection.js:488:16)
    at Query.Sequence.end (F:\IT\Web Development\MERN\portal\node_modules\mysql\lib\protocol\sequences\Sequence.js:83:24)
    at Query._handleFinalResultPacket (F:\IT\Web Development\MERN\portal\node_modules\mysql\lib\protocol\sequences\Query.js:149:8)
    at Query.EofPacket (F:\IT\Web Development\MERN\portal\node_modules\mysql\lib\protocol\sequences\Query.js:133:8)
    at Protocol._parsePacket (F:\IT\Web Development\MERN\portal\node_modules\mysql\lib\protocol\Protocol.js:291:23)
    at Parser._parsePacket (F:\IT\Web Development\MERN\portal\node_modules\mysql\lib\protocol\Parser.js:433:10)
    at Parser.write (F:\IT\Web Development\MERN\portal\node_modules\mysql\lib\protocol\Parser.js:43:10)
    at Protocol.write (F:\IT\Web Development\MERN\portal\node_modules\mysql\lib\protocol\Protocol.js:38:16)
    at Socket.<anonymous> (F:\IT\Web Development\MERN\portal\node_modules\mysql\lib\Connection.js:88:28)
    at Socket.<anonymous> (F:\IT\Web Development\MERN\portal\node_modules\mysql\lib\Connection.js:526:10)
    at Socket.emit (node:events:527:28)
2023-10-18T06:38:28.035Z [uncaughtException] info: TypeError: Cannot read properties of undefined (reading 'today')
    at issueTickets (F:\IT\Web Development\MERN\portal\Routes\Services\AutoTickets.js:26:61)
    at issueTickets (F:\IT\Web Development\MERN\portal\Routes\Services\AutoTickets.js:89:33)
    at issueTickets (F:\IT\Web Development\MERN\portal\Routes\Services\AutoTickets.js:89:33)
    at Query.<anonymous> (F:\IT\Web Development\MERN\portal\Routes\Services\AutoTickets.js:92:25)
    at Query.<anonymous> (F:\IT\Web Development\MERN\portal\node_modules\mysql\lib\Connection.js:526:10)
    at Query._callback (F:\IT\Web Development\MERN\portal\node_modules\mysql\lib\Connection.js:488:16)
    at Query.Sequence.end (F:\IT\Web Development\MERN\portal\node_modules\mysql\lib\protocol\sequences\Sequence.js:83:24)
    at Query._handleFinalResultPacket (F:\IT\Web Development\MERN\portal\node_modules\mysql\lib\protocol\sequences\Query.js:149:8)
    at Query.EofPacket (F:\IT\Web Development\MERN\portal\node_modules\mysql\lib\protocol\sequences\Query.js:133:8)
    at Protocol._parsePacket (F:\IT\Web Development\MERN\portal\node_modules\mysql\lib\protocol\Protocol.js:291:23)
    at Parser._parsePacket (F:\IT\Web Development\MERN\portal\node_modules\mysql\lib\protocol\Parser.js:433:10)
    at Parser.write (F:\IT\Web Development\MERN\portal\node_modules\mysql\lib\protocol\Parser.js:43:10)
    at Protocol.write (F:\IT\Web Development\MERN\portal\node_modules\mysql\lib\protocol\Protocol.js:38:16)
    at Socket.<anonymous> (F:\IT\Web Development\MERN\portal\node_modules\mysql\lib\Connection.js:88:28)
    at Socket.<anonymous> (F:\IT\Web Development\MERN\portal\node_modules\mysql\lib\Connection.js:526:10)
    at Socket.emit (node:events:527:28)
2023-10-18T06:39:39.511Z [uncaughtException] info: TypeError: Cannot read properties of undefined (reading 'today')
    at issueTickets (F:\IT\Web Development\MERN\portal\Routes\Services\AutoTickets.js:26:61)
    at issueTickets (F:\IT\Web Development\MERN\portal\Routes\Services\AutoTickets.js:89:33)
    at issueTickets (F:\IT\Web Development\MERN\portal\Routes\Services\AutoTickets.js:89:33)
    at Query.<anonymous> (F:\IT\Web Development\MERN\portal\Routes\Services\AutoTickets.js:92:25)
    at Query.<anonymous> (F:\IT\Web Development\MERN\portal\node_modules\mysql\lib\Connection.js:526:10)
    at Query._callback (F:\IT\Web Development\MERN\portal\node_modules\mysql\lib\Connection.js:488:16)
    at Query.Sequence.end (F:\IT\Web Development\MERN\portal\node_modules\mysql\lib\protocol\sequences\Sequence.js:83:24)
    at Query._handleFinalResultPacket (F:\IT\Web Development\MERN\portal\node_modules\mysql\lib\protocol\sequences\Query.js:149:8)
    at Query.EofPacket (F:\IT\Web Development\MERN\portal\node_modules\mysql\lib\protocol\sequences\Query.js:133:8)
    at Protocol._parsePacket (F:\IT\Web Development\MERN\portal\node_modules\mysql\lib\protocol\Protocol.js:291:23)
    at Parser._parsePacket (F:\IT\Web Development\MERN\portal\node_modules\mysql\lib\protocol\Parser.js:433:10)
    at Parser.write (F:\IT\Web Development\MERN\portal\node_modules\mysql\lib\protocol\Parser.js:43:10)
    at Protocol.write (F:\IT\Web Development\MERN\portal\node_modules\mysql\lib\protocol\Protocol.js:38:16)
    at Socket.<anonymous> (F:\IT\Web Development\MERN\portal\node_modules\mysql\lib\Connection.js:88:28)
    at Socket.<anonymous> (F:\IT\Web Development\MERN\portal\node_modules\mysql\lib\Connection.js:526:10)
    at Socket.emit (node:events:527:28)
2023-10-18T06:44:01.109Z [uncaughtException] info: TypeError: Cannot read properties of undefined (reading 'today')
    at issueTickets (F:\IT\Web Development\MERN\portal\Routes\Services\AutoTickets.js:26:61)
    at issueTickets (F:\IT\Web Development\MERN\portal\Routes\Services\AutoTickets.js:89:33)
    at issueTickets (F:\IT\Web Development\MERN\portal\Routes\Services\AutoTickets.js:89:33)
    at Query.<anonymous> (F:\IT\Web Development\MERN\portal\Routes\Services\AutoTickets.js:92:25)
    at Query.<anonymous> (F:\IT\Web Development\MERN\portal\node_modules\mysql\lib\Connection.js:526:10)
    at Query._callback (F:\IT\Web Development\MERN\portal\node_modules\mysql\lib\Connection.js:488:16)
    at Query.Sequence.end (F:\IT\Web Development\MERN\portal\node_modules\mysql\lib\protocol\sequences\Sequence.js:83:24)
    at Query._handleFinalResultPacket (F:\IT\Web Development\MERN\portal\node_modules\mysql\lib\protocol\sequences\Query.js:149:8)
    at Query.EofPacket (F:\IT\Web Development\MERN\portal\node_modules\mysql\lib\protocol\sequences\Query.js:133:8)
    at Protocol._parsePacket (F:\IT\Web Development\MERN\portal\node_modules\mysql\lib\protocol\Protocol.js:291:23)
    at Parser._parsePacket (F:\IT\Web Development\MERN\portal\node_modules\mysql\lib\protocol\Parser.js:433:10)
    at Parser.write (F:\IT\Web Development\MERN\portal\node_modules\mysql\lib\protocol\Parser.js:43:10)
    at Protocol.write (F:\IT\Web Development\MERN\portal\node_modules\mysql\lib\protocol\Protocol.js:38:16)
    at Socket.<anonymous> (F:\IT\Web Development\MERN\portal\node_modules\mysql\lib\Connection.js:88:28)
    at Socket.<anonymous> (F:\IT\Web Development\MERN\portal\node_modules\mysql\lib\Connection.js:526:10)
    at Socket.emit (node:events:527:28)
2023-10-18T06:44:09.734Z [uncaughtException] info: TypeError: Cannot read properties of undefined (reading 'today')
    at issueTickets (F:\IT\Web Development\MERN\portal\Routes\Services\AutoTickets.js:26:61)
    at issueTickets (F:\IT\Web Development\MERN\portal\Routes\Services\AutoTickets.js:89:33)
    at issueTickets (F:\IT\Web Development\MERN\portal\Routes\Services\AutoTickets.js:89:33)
    at Query.<anonymous> (F:\IT\Web Development\MERN\portal\Routes\Services\AutoTickets.js:92:25)
    at Query.<anonymous> (F:\IT\Web Development\MERN\portal\node_modules\mysql\lib\Connection.js:526:10)
    at Query._callback (F:\IT\Web Development\MERN\portal\node_modules\mysql\lib\Connection.js:488:16)
    at Query.Sequence.end (F:\IT\Web Development\MERN\portal\node_modules\mysql\lib\protocol\sequences\Sequence.js:83:24)
    at Query._handleFinalResultPacket (F:\IT\Web Development\MERN\portal\node_modules\mysql\lib\protocol\sequences\Query.js:149:8)
    at Query.EofPacket (F:\IT\Web Development\MERN\portal\node_modules\mysql\lib\protocol\sequences\Query.js:133:8)
    at Protocol._parsePacket (F:\IT\Web Development\MERN\portal\node_modules\mysql\lib\protocol\Protocol.js:291:23)
    at Parser._parsePacket (F:\IT\Web Development\MERN\portal\node_modules\mysql\lib\protocol\Parser.js:433:10)
    at Parser.write (F:\IT\Web Development\MERN\portal\node_modules\mysql\lib\protocol\Parser.js:43:10)
    at Protocol.write (F:\IT\Web Development\MERN\portal\node_modules\mysql\lib\protocol\Protocol.js:38:16)
    at Socket.<anonymous> (F:\IT\Web Development\MERN\portal\node_modules\mysql\lib\Connection.js:88:28)
    at Socket.<anonymous> (F:\IT\Web Development\MERN\portal\node_modules\mysql\lib\Connection.js:526:10)
    at Socket.emit (node:events:527:28)
