2023-10-24T05:00:46.731Z [unhandledRejection] error: TypeError: Cannot read properties of null (reading 'evaluate')
    at Client.sendMessage (F:\IT\Web Development\MERN\portal\node_modules\whatsapp-web.js\src\Client.js:870:47)
    at Query._callback (F:\IT\Web Development\MERN\portal\Routes\Whatsapp\whatsapp.js:661:20)
    at Query.Sequence.end (F:\IT\Web Development\MERN\portal\node_modules\mysql\lib\protocol\sequences\Sequence.js:83:24)
    at F:\IT\Web Development\MERN\portal\node_modules\mysql\lib\Pool.js:205:13
    at Handshake.onConnect (F:\IT\Web Development\MERN\portal\node_modules\mysql\lib\Pool.js:58:9)
    at Handshake.<anonymous> (F:\IT\Web Development\MERN\portal\node_modules\mysql\lib\Connection.js:526:10)
    at Handshake._callback (F:\IT\Web Development\MERN\portal\node_modules\mysql\lib\Connection.js:488:16)
    at Handshake.Sequence.end (F:\IT\Web Development\MERN\portal\node_modules\mysql\lib\protocol\sequences\Sequence.js:83:24)
    at Protocol.handleNetworkError (F:\IT\Web Development\MERN\portal\node_modules\mysql\lib\protocol\Protocol.js:369:14)
    at PoolConnection.Connection._handleNetworkError (F:\IT\Web Development\MERN\portal\node_modules\mysql\lib\Connection.js:418:18)
    at Socket.emit (node:events:527:28)
    at emitErrorNT (node:internal/streams/destroy:164:8)
    at emitErrorCloseNT (node:internal/streams/destroy:129:3)
    at processTicksAndRejections (node:internal/process/task_queues:83:21)
2023-10-24T05:00:46.771Z [unhandledRejection] error: TypeError: Cannot read properties of null (reading 'evaluate')
    at Client.sendMessage (F:\IT\Web Development\MERN\portal\node_modules\whatsapp-web.js\src\Client.js:870:47)
    at Query._callback (F:\IT\Web Development\MERN\portal\Routes\Whatsapp\whatsapp.js:661:20)
    at Query.Sequence.end (F:\IT\Web Development\MERN\portal\node_modules\mysql\lib\protocol\sequences\Sequence.js:83:24)
    at F:\IT\Web Development\MERN\portal\node_modules\mysql\lib\Pool.js:205:13
    at Handshake.onConnect (F:\IT\Web Development\MERN\portal\node_modules\mysql\lib\Pool.js:58:9)
    at Handshake.<anonymous> (F:\IT\Web Development\MERN\portal\node_modules\mysql\lib\Connection.js:526:10)
    at Handshake._callback (F:\IT\Web Development\MERN\portal\node_modules\mysql\lib\Connection.js:488:16)
    at Handshake.Sequence.end (F:\IT\Web Development\MERN\portal\node_modules\mysql\lib\protocol\sequences\Sequence.js:83:24)
    at Protocol.handleNetworkError (F:\IT\Web Development\MERN\portal\node_modules\mysql\lib\protocol\Protocol.js:369:14)
    at PoolConnection.Connection._handleNetworkError (F:\IT\Web Development\MERN\portal\node_modules\mysql\lib\Connection.js:418:18)
    at Socket.emit (node:events:527:28)
    at emitErrorNT (node:internal/streams/destroy:164:8)
    at emitErrorCloseNT (node:internal/streams/destroy:129:3)
    at processTicksAndRejections (node:internal/process/task_queues:83:21)
2023-10-24T05:09:06.627Z [unhandledRejection] error: Error: Evaluation failed: TypeError: Cannot read properties of undefined (reading 'WidFactory')
    at __puppeteer_evaluation_script__:2:42
    at ExecutionContext._evaluateInternal (F:\IT\Web Development\MERN\portal\node_modules\puppeteer\lib\cjs\puppeteer\common\ExecutionContext.js:221:19)
    at processTicksAndRejections (node:internal/process/task_queues:96:5)
    at async ExecutionContext.evaluate (F:\IT\Web Development\MERN\portal\node_modules\puppeteer\lib\cjs\puppeteer\common\ExecutionContext.js:110:16)
    at async Client.sendMessage (F:\IT\Web Development\MERN\portal\node_modules\whatsapp-web.js\src\Client.js:870:28)
2023-10-24T05:09:06.629Z [unhandledRejection] error: Error: Evaluation failed: TypeError: Cannot read properties of undefined (reading 'WidFactory')
    at __puppeteer_evaluation_script__:2:42
    at ExecutionContext._evaluateInternal (F:\IT\Web Development\MERN\portal\node_modules\puppeteer\lib\cjs\puppeteer\common\ExecutionContext.js:221:19)
    at processTicksAndRejections (node:internal/process/task_queues:96:5)
    at async ExecutionContext.evaluate (F:\IT\Web Development\MERN\portal\node_modules\puppeteer\lib\cjs\puppeteer\common\ExecutionContext.js:110:16)
    at async Client.sendMessage (F:\IT\Web Development\MERN\portal\node_modules\whatsapp-web.js\src\Client.js:870:28)
2023-10-24T05:14:48.728Z [unhandledRejection] error: Error: Evaluation failed: TypeError: Cannot read properties of undefined (reading 'WidFactory')
    at __puppeteer_evaluation_script__:2:42
    at ExecutionContext._evaluateInternal (F:\IT\Web Development\MERN\portal\node_modules\puppeteer\lib\cjs\puppeteer\common\ExecutionContext.js:221:19)
    at processTicksAndRejections (node:internal/process/task_queues:96:5)
    at async ExecutionContext.evaluate (F:\IT\Web Development\MERN\portal\node_modules\puppeteer\lib\cjs\puppeteer\common\ExecutionContext.js:110:16)
    at async Client.sendMessage (F:\IT\Web Development\MERN\portal\node_modules\whatsapp-web.js\src\Client.js:870:28)
2023-10-24T05:14:48.749Z [unhandledRejection] error: Error: Evaluation failed: TypeError: Cannot read properties of undefined (reading 'WidFactory')
    at __puppeteer_evaluation_script__:2:42
    at ExecutionContext._evaluateInternal (F:\IT\Web Development\MERN\portal\node_modules\puppeteer\lib\cjs\puppeteer\common\ExecutionContext.js:221:19)
    at processTicksAndRejections (node:internal/process/task_queues:96:5)
    at async ExecutionContext.evaluate (F:\IT\Web Development\MERN\portal\node_modules\puppeteer\lib\cjs\puppeteer\common\ExecutionContext.js:110:16)
    at async Client.sendMessage (F:\IT\Web Development\MERN\portal\node_modules\whatsapp-web.js\src\Client.js:870:28)
2023-10-24T05:16:51.840Z [unhandledRejection] error: Error: Evaluation failed: TypeError: Cannot read properties of undefined (reading 'WidFactory')
    at __puppeteer_evaluation_script__:2:42
    at ExecutionContext._evaluateInternal (F:\IT\Web Development\MERN\portal\node_modules\puppeteer\lib\cjs\puppeteer\common\ExecutionContext.js:221:19)
    at processTicksAndRejections (node:internal/process/task_queues:96:5)
    at async ExecutionContext.evaluate (F:\IT\Web Development\MERN\portal\node_modules\puppeteer\lib\cjs\puppeteer\common\ExecutionContext.js:110:16)
    at async Client.sendMessage (F:\IT\Web Development\MERN\portal\node_modules\whatsapp-web.js\src\Client.js:870:28)
2023-10-24T05:16:51.843Z [unhandledRejection] error: Error: Evaluation failed: TypeError: Cannot read properties of undefined (reading 'WidFactory')
    at __puppeteer_evaluation_script__:2:42
    at ExecutionContext._evaluateInternal (F:\IT\Web Development\MERN\portal\node_modules\puppeteer\lib\cjs\puppeteer\common\ExecutionContext.js:221:19)
    at processTicksAndRejections (node:internal/process/task_queues:96:5)
    at async ExecutionContext.evaluate (F:\IT\Web Development\MERN\portal\node_modules\puppeteer\lib\cjs\puppeteer\common\ExecutionContext.js:110:16)
    at async Client.sendMessage (F:\IT\Web Development\MERN\portal\node_modules\whatsapp-web.js\src\Client.js:870:28)
2023-10-24T05:24:19.128Z [unhandledRejection] error: Error: Evaluation failed: TypeError: Cannot read properties of undefined (reading 'WidFactory')
    at __puppeteer_evaluation_script__:2:42
    at ExecutionContext._evaluateInternal (F:\IT\Web Development\MERN\portal\node_modules\puppeteer\lib\cjs\puppeteer\common\ExecutionContext.js:221:19)
    at processTicksAndRejections (node:internal/process/task_queues:96:5)
    at async ExecutionContext.evaluate (F:\IT\Web Development\MERN\portal\node_modules\puppeteer\lib\cjs\puppeteer\common\ExecutionContext.js:110:16)
    at async Client.sendMessage (F:\IT\Web Development\MERN\portal\node_modules\whatsapp-web.js\src\Client.js:870:28)
2023-10-24T05:24:19.138Z [unhandledRejection] error: Error: Evaluation failed: TypeError: Cannot read properties of undefined (reading 'WidFactory')
    at __puppeteer_evaluation_script__:2:42
    at ExecutionContext._evaluateInternal (F:\IT\Web Development\MERN\portal\node_modules\puppeteer\lib\cjs\puppeteer\common\ExecutionContext.js:221:19)
    at processTicksAndRejections (node:internal/process/task_queues:96:5)
    at async ExecutionContext.evaluate (F:\IT\Web Development\MERN\portal\node_modules\puppeteer\lib\cjs\puppeteer\common\ExecutionContext.js:110:16)
    at async Client.sendMessage (F:\IT\Web Development\MERN\portal\node_modules\whatsapp-web.js\src\Client.js:870:28)
2023-10-24T05:25:15.517Z [unhandledRejection] error: Error: Evaluation failed: TypeError: Cannot read properties of undefined (reading 'WidFactory')
    at __puppeteer_evaluation_script__:2:42
    at ExecutionContext._evaluateInternal (F:\IT\Web Development\MERN\portal\node_modules\puppeteer\lib\cjs\puppeteer\common\ExecutionContext.js:221:19)
    at processTicksAndRejections (node:internal/process/task_queues:96:5)
    at async ExecutionContext.evaluate (F:\IT\Web Development\MERN\portal\node_modules\puppeteer\lib\cjs\puppeteer\common\ExecutionContext.js:110:16)
    at async Client.sendMessage (F:\IT\Web Development\MERN\portal\node_modules\whatsapp-web.js\src\Client.js:870:28)
2023-10-24T05:25:15.520Z [unhandledRejection] error: Error: Evaluation failed: TypeError: Cannot read properties of undefined (reading 'WidFactory')
    at __puppeteer_evaluation_script__:2:42
    at ExecutionContext._evaluateInternal (F:\IT\Web Development\MERN\portal\node_modules\puppeteer\lib\cjs\puppeteer\common\ExecutionContext.js:221:19)
    at processTicksAndRejections (node:internal/process/task_queues:96:5)
    at async ExecutionContext.evaluate (F:\IT\Web Development\MERN\portal\node_modules\puppeteer\lib\cjs\puppeteer\common\ExecutionContext.js:110:16)
    at async Client.sendMessage (F:\IT\Web Development\MERN\portal\node_modules\whatsapp-web.js\src\Client.js:870:28)
