2023-10-20T05:38:29.262Z [unhandledRejection] error: TypeError: Cannot read properties of null (reading 'evaluate')
    at Client.sendMessage (F:\IT\Web Development\MERN\portal\node_modules\whatsapp-web.js\src\Client.js:870:47)
    at Query.<anonymous> (F:\IT\Web Development\MERN\portal\Routes\Whatsapp\whatsapp.js:655:20)
    at Query.<anonymous> (F:\IT\Web Development\MERN\portal\node_modules\mysql\lib\Connection.js:526:10)
    at Query._callback (F:\IT\Web Development\MERN\portal\node_modules\mysql\lib\Connection.js:488:16)
    at Query.Sequence.end (F:\IT\Web Development\MERN\portal\node_modules\mysql\lib\protocol\sequences\Sequence.js:83:24)
    at Query._handleFinalResultPacket (F:\IT\Web Development\MERN\portal\node_modules\mysql\lib\protocol\sequences\Query.js:149:8)
    at Query.OkPacket (F:\IT\Web Development\MERN\portal\node_modules\mysql\lib\protocol\sequences\Query.js:74:10)
    at Protocol._parsePacket (F:\IT\Web Development\MERN\portal\node_modules\mysql\lib\protocol\Protocol.js:291:23)
    at Parser._parsePacket (F:\IT\Web Development\MERN\portal\node_modules\mysql\lib\protocol\Parser.js:433:10)
    at Parser.write (F:\IT\Web Development\MERN\portal\node_modules\mysql\lib\protocol\Parser.js:43:10)
    at Protocol.write (F:\IT\Web Development\MERN\portal\node_modules\mysql\lib\protocol\Protocol.js:38:16)
    at Socket.<anonymous> (F:\IT\Web Development\MERN\portal\node_modules\mysql\lib\Connection.js:88:28)
    at Socket.<anonymous> (F:\IT\Web Development\MERN\portal\node_modules\mysql\lib\Connection.js:526:10)
    at Socket.emit (node:events:527:28)
    at addChunk (node:internal/streams/readable:324:12)
    at readableAddChunk (node:internal/streams/readable:297:9)
2023-10-20T05:38:29.268Z [unhandledRejection] error: TypeError: Cannot read properties of null (reading 'evaluate')
    at Client.sendMessage (F:\IT\Web Development\MERN\portal\node_modules\whatsapp-web.js\src\Client.js:870:47)
    at Query.<anonymous> (F:\IT\Web Development\MERN\portal\Routes\Whatsapp\whatsapp.js:655:20)
    at Query.<anonymous> (F:\IT\Web Development\MERN\portal\node_modules\mysql\lib\Connection.js:526:10)
    at Query._callback (F:\IT\Web Development\MERN\portal\node_modules\mysql\lib\Connection.js:488:16)
    at Query.Sequence.end (F:\IT\Web Development\MERN\portal\node_modules\mysql\lib\protocol\sequences\Sequence.js:83:24)
    at Query._handleFinalResultPacket (F:\IT\Web Development\MERN\portal\node_modules\mysql\lib\protocol\sequences\Query.js:149:8)
    at Query.OkPacket (F:\IT\Web Development\MERN\portal\node_modules\mysql\lib\protocol\sequences\Query.js:74:10)
    at Protocol._parsePacket (F:\IT\Web Development\MERN\portal\node_modules\mysql\lib\protocol\Protocol.js:291:23)
    at Parser._parsePacket (F:\IT\Web Development\MERN\portal\node_modules\mysql\lib\protocol\Parser.js:433:10)
    at Parser.write (F:\IT\Web Development\MERN\portal\node_modules\mysql\lib\protocol\Parser.js:43:10)
    at Protocol.write (F:\IT\Web Development\MERN\portal\node_modules\mysql\lib\protocol\Protocol.js:38:16)
    at Socket.<anonymous> (F:\IT\Web Development\MERN\portal\node_modules\mysql\lib\Connection.js:88:28)
    at Socket.<anonymous> (F:\IT\Web Development\MERN\portal\node_modules\mysql\lib\Connection.js:526:10)
    at Socket.emit (node:events:527:28)
    at addChunk (node:internal/streams/readable:324:12)
    at readableAddChunk (node:internal/streams/readable:297:9)
2023-10-20T05:38:29.270Z [uncaughtException] info: ReferenceError: res is not defined
    at F:\IT\Web Development\MERN\portal\Routes\Services\ReadTxtFile.js:59:17
    at F:\IT\Web Development\MERN\portal\node_modules\graceful-fs\graceful-fs.js:61:14
    at FSReqCallback.oncomplete (node:fs:189:23)
2023-10-20T05:38:29.306Z [uncaughtException] info: ReferenceError: res is not defined
    at F:\IT\Web Development\MERN\portal\Routes\Services\ReadTxtFile.js:59:17
    at F:\IT\Web Development\MERN\portal\node_modules\graceful-fs\graceful-fs.js:61:14
    at FSReqCallback.oncomplete (node:fs:189:23)
2023-10-20T11:32:27.856Z [unhandledRejection] error: Error: Evaluation failed: TypeError: Cannot read properties of undefined (reading 'WidFactory')
    at __puppeteer_evaluation_script__:2:42
    at ExecutionContext._evaluateInternal (F:\IT\Web Development\MERN\portal\node_modules\puppeteer\lib\cjs\puppeteer\common\ExecutionContext.js:221:19)
    at processTicksAndRejections (node:internal/process/task_queues:96:5)
    at async ExecutionContext.evaluate (F:\IT\Web Development\MERN\portal\node_modules\puppeteer\lib\cjs\puppeteer\common\ExecutionContext.js:110:16)
    at async Client.sendMessage (F:\IT\Web Development\MERN\portal\node_modules\whatsapp-web.js\src\Client.js:870:28)
2023-10-20T11:32:27.878Z [unhandledRejection] error: Error: Evaluation failed: TypeError: Cannot read properties of undefined (reading 'WidFactory')
    at __puppeteer_evaluation_script__:2:42
    at ExecutionContext._evaluateInternal (F:\IT\Web Development\MERN\portal\node_modules\puppeteer\lib\cjs\puppeteer\common\ExecutionContext.js:221:19)
    at processTicksAndRejections (node:internal/process/task_queues:96:5)
    at async ExecutionContext.evaluate (F:\IT\Web Development\MERN\portal\node_modules\puppeteer\lib\cjs\puppeteer\common\ExecutionContext.js:110:16)
    at async Client.sendMessage (F:\IT\Web Development\MERN\portal\node_modules\whatsapp-web.js\src\Client.js:870:28)
2023-10-20T11:32:27.893Z [unhandledRejection] error: Error: Evaluation failed: TypeError: Cannot read properties of undefined (reading 'WidFactory')
    at __puppeteer_evaluation_script__:2:42
    at ExecutionContext._evaluateInternal (F:\IT\Web Development\MERN\portal\node_modules\puppeteer\lib\cjs\puppeteer\common\ExecutionContext.js:221:19)
    at processTicksAndRejections (node:internal/process/task_queues:96:5)
    at async ExecutionContext.evaluate (F:\IT\Web Development\MERN\portal\node_modules\puppeteer\lib\cjs\puppeteer\common\ExecutionContext.js:110:16)
    at async Client.sendMessage (F:\IT\Web Development\MERN\portal\node_modules\whatsapp-web.js\src\Client.js:870:28)
2023-10-20T11:33:03.202Z [uncaughtException] info: TypeError: Cannot read properties of undefined (reading 'today')
    at issueTickets (F:\IT\Web Development\MERN\portal\Routes\Services\AutoTickets.js:120:61)
    at issueTickets (F:\IT\Web Development\MERN\portal\Routes\Services\AutoTickets.js:196:33)
    at Query.<anonymous> (F:\IT\Web Development\MERN\portal\Routes\Services\AutoTickets.js:199:25)
    at Query.<anonymous> (F:\IT\Web Development\MERN\portal\node_modules\mysql\lib\Connection.js:526:10)
    at Query._callback (F:\IT\Web Development\MERN\portal\node_modules\mysql\lib\Connection.js:488:16)
    at Query.Sequence.end (F:\IT\Web Development\MERN\portal\node_modules\mysql\lib\protocol\sequences\Sequence.js:83:24)
    at Query._handleFinalResultPacket (F:\IT\Web Development\MERN\portal\node_modules\mysql\lib\protocol\sequences\Query.js:149:8)
    at Query.EofPacket (F:\IT\Web Development\MERN\portal\node_modules\mysql\lib\protocol\sequences\Query.js:133:8)
    at Protocol._parsePacket (F:\IT\Web Development\MERN\portal\node_modules\mysql\lib\protocol\Protocol.js:291:23)
    at Parser._parsePacket (F:\IT\Web Development\MERN\portal\node_modules\mysql\lib\protocol\Parser.js:433:10)
    at Parser.write (F:\IT\Web Development\MERN\portal\node_modules\mysql\lib\protocol\Parser.js:43:10)
    at Protocol.write (F:\IT\Web Development\MERN\portal\node_modules\mysql\lib\protocol\Protocol.js:38:16)
    at Socket.<anonymous> (F:\IT\Web Development\MERN\portal\node_modules\mysql\lib\Connection.js:88:28)
    at Socket.<anonymous> (F:\IT\Web Development\MERN\portal\node_modules\mysql\lib\Connection.js:526:10)
    at Socket.emit (node:events:527:28)
    at addChunk (node:internal/streams/readable:324:12)
2023-10-20T11:37:14.718Z [unhandledRejection] error: Error: Execution context was destroyed, most likely because of a navigation.
    at rewriteError (F:\IT\Web Development\MERN\portal\node_modules\puppeteer\lib\cjs\puppeteer\common\ExecutionContext.js:265:23)
    at processTicksAndRejections (node:internal/process/task_queues:96:5)
    at async ExecutionContext._evaluateInternal (F:\IT\Web Development\MERN\portal\node_modules\puppeteer\lib\cjs\puppeteer\common\ExecutionContext.js:219:60)
    at async ExecutionContext.evaluate (F:\IT\Web Development\MERN\portal\node_modules\puppeteer\lib\cjs\puppeteer\common\ExecutionContext.js:110:16)
    at async Client.sendMessage (F:\IT\Web Development\MERN\portal\node_modules\whatsapp-web.js\src\Client.js:870:28)
2023-10-20T11:37:14.719Z [unhandledRejection] error: Error: Execution context was destroyed, most likely because of a navigation.
    at rewriteError (F:\IT\Web Development\MERN\portal\node_modules\puppeteer\lib\cjs\puppeteer\common\ExecutionContext.js:265:23)
    at processTicksAndRejections (node:internal/process/task_queues:96:5)
    at async ExecutionContext._evaluateInternal (F:\IT\Web Development\MERN\portal\node_modules\puppeteer\lib\cjs\puppeteer\common\ExecutionContext.js:219:60)
    at async ExecutionContext.evaluate (F:\IT\Web Development\MERN\portal\node_modules\puppeteer\lib\cjs\puppeteer\common\ExecutionContext.js:110:16)
    at async Client.sendMessage (F:\IT\Web Development\MERN\portal\node_modules\whatsapp-web.js\src\Client.js:870:28)
2023-10-20T11:39:01.535Z [unhandledRejection] error: Error: Evaluation failed: TypeError: Cannot read properties of undefined (reading 'WidFactory')
    at __puppeteer_evaluation_script__:2:42
    at ExecutionContext._evaluateInternal (F:\IT\Web Development\MERN\portal\node_modules\puppeteer\lib\cjs\puppeteer\common\ExecutionContext.js:221:19)
    at processTicksAndRejections (node:internal/process/task_queues:96:5)
    at async ExecutionContext.evaluate (F:\IT\Web Development\MERN\portal\node_modules\puppeteer\lib\cjs\puppeteer\common\ExecutionContext.js:110:16)
    at async Client.sendMessage (F:\IT\Web Development\MERN\portal\node_modules\whatsapp-web.js\src\Client.js:870:28)
2023-10-20T11:39:01.537Z [unhandledRejection] error: Error: Evaluation failed: TypeError: Cannot read properties of undefined (reading 'WidFactory')
    at __puppeteer_evaluation_script__:2:42
    at ExecutionContext._evaluateInternal (F:\IT\Web Development\MERN\portal\node_modules\puppeteer\lib\cjs\puppeteer\common\ExecutionContext.js:221:19)
    at processTicksAndRejections (node:internal/process/task_queues:96:5)
    at async ExecutionContext.evaluate (F:\IT\Web Development\MERN\portal\node_modules\puppeteer\lib\cjs\puppeteer\common\ExecutionContext.js:110:16)
    at async Client.sendMessage (F:\IT\Web Development\MERN\portal\node_modules\whatsapp-web.js\src\Client.js:870:28)
2023-10-20T11:39:47.365Z [unhandledRejection] error: Error: Evaluation failed: TypeError: Cannot read properties of undefined (reading 'WidFactory')
    at __puppeteer_evaluation_script__:2:42
    at ExecutionContext._evaluateInternal (F:\IT\Web Development\MERN\portal\node_modules\puppeteer\lib\cjs\puppeteer\common\ExecutionContext.js:221:19)
    at processTicksAndRejections (node:internal/process/task_queues:96:5)
    at async ExecutionContext.evaluate (F:\IT\Web Development\MERN\portal\node_modules\puppeteer\lib\cjs\puppeteer\common\ExecutionContext.js:110:16)
    at async Client.sendMessage (F:\IT\Web Development\MERN\portal\node_modules\whatsapp-web.js\src\Client.js:870:28)
2023-10-20T11:39:47.415Z [unhandledRejection] error: Error: Evaluation failed: TypeError: Cannot read properties of undefined (reading 'WidFactory')
    at __puppeteer_evaluation_script__:2:42
    at ExecutionContext._evaluateInternal (F:\IT\Web Development\MERN\portal\node_modules\puppeteer\lib\cjs\puppeteer\common\ExecutionContext.js:221:19)
    at processTicksAndRejections (node:internal/process/task_queues:96:5)
    at async ExecutionContext.evaluate (F:\IT\Web Development\MERN\portal\node_modules\puppeteer\lib\cjs\puppeteer\common\ExecutionContext.js:110:16)
    at async Client.sendMessage (F:\IT\Web Development\MERN\portal\node_modules\whatsapp-web.js\src\Client.js:870:28)
2023-10-20T11:40:58.819Z [unhandledRejection] error: Error: Evaluation failed: TypeError: Cannot read properties of undefined (reading 'WidFactory')
    at __puppeteer_evaluation_script__:2:42
    at ExecutionContext._evaluateInternal (F:\IT\Web Development\MERN\portal\node_modules\puppeteer\lib\cjs\puppeteer\common\ExecutionContext.js:221:19)
    at processTicksAndRejections (node:internal/process/task_queues:96:5)
    at async ExecutionContext.evaluate (F:\IT\Web Development\MERN\portal\node_modules\puppeteer\lib\cjs\puppeteer\common\ExecutionContext.js:110:16)
    at async Client.sendMessage (F:\IT\Web Development\MERN\portal\node_modules\whatsapp-web.js\src\Client.js:870:28)
2023-10-20T11:40:58.820Z [unhandledRejection] error: Error: Evaluation failed: TypeError: Cannot read properties of undefined (reading 'WidFactory')
    at __puppeteer_evaluation_script__:2:42
    at ExecutionContext._evaluateInternal (F:\IT\Web Development\MERN\portal\node_modules\puppeteer\lib\cjs\puppeteer\common\ExecutionContext.js:221:19)
    at processTicksAndRejections (node:internal/process/task_queues:96:5)
    at async ExecutionContext.evaluate (F:\IT\Web Development\MERN\portal\node_modules\puppeteer\lib\cjs\puppeteer\common\ExecutionContext.js:110:16)
    at async Client.sendMessage (F:\IT\Web Development\MERN\portal\node_modules\whatsapp-web.js\src\Client.js:870:28)
2023-10-20T11:41:40.101Z [unhandledRejection] error: Error: Evaluation failed: TypeError: Cannot read properties of undefined (reading 'WidFactory')
    at __puppeteer_evaluation_script__:2:42
    at ExecutionContext._evaluateInternal (F:\IT\Web Development\MERN\portal\node_modules\puppeteer\lib\cjs\puppeteer\common\ExecutionContext.js:221:19)
    at processTicksAndRejections (node:internal/process/task_queues:96:5)
    at async ExecutionContext.evaluate (F:\IT\Web Development\MERN\portal\node_modules\puppeteer\lib\cjs\puppeteer\common\ExecutionContext.js:110:16)
    at async Client.sendMessage (F:\IT\Web Development\MERN\portal\node_modules\whatsapp-web.js\src\Client.js:870:28)
2023-10-20T11:41:40.109Z [unhandledRejection] error: Error: Evaluation failed: TypeError: Cannot read properties of undefined (reading 'WidFactory')
    at __puppeteer_evaluation_script__:2:42
    at ExecutionContext._evaluateInternal (F:\IT\Web Development\MERN\portal\node_modules\puppeteer\lib\cjs\puppeteer\common\ExecutionContext.js:221:19)
    at processTicksAndRejections (node:internal/process/task_queues:96:5)
    at async ExecutionContext.evaluate (F:\IT\Web Development\MERN\portal\node_modules\puppeteer\lib\cjs\puppeteer\common\ExecutionContext.js:110:16)
    at async Client.sendMessage (F:\IT\Web Development\MERN\portal\node_modules\whatsapp-web.js\src\Client.js:870:28)
2023-10-20T11:42:31.573Z [uncaughtException] info: TypeError: Cannot read properties of undefined (reading 'today')
    at issueTickets (F:\IT\Web Development\MERN\portal\Routes\Services\AutoTickets.js:120:61)
    at issueTickets (F:\IT\Web Development\MERN\portal\Routes\Services\AutoTickets.js:196:33)
    at Query.<anonymous> (F:\IT\Web Development\MERN\portal\Routes\Services\AutoTickets.js:199:25)
    at Query.<anonymous> (F:\IT\Web Development\MERN\portal\node_modules\mysql\lib\Connection.js:526:10)
    at Query._callback (F:\IT\Web Development\MERN\portal\node_modules\mysql\lib\Connection.js:488:16)
    at Query.Sequence.end (F:\IT\Web Development\MERN\portal\node_modules\mysql\lib\protocol\sequences\Sequence.js:83:24)
    at Query._handleFinalResultPacket (F:\IT\Web Development\MERN\portal\node_modules\mysql\lib\protocol\sequences\Query.js:149:8)
    at Query.EofPacket (F:\IT\Web Development\MERN\portal\node_modules\mysql\lib\protocol\sequences\Query.js:133:8)
    at Protocol._parsePacket (F:\IT\Web Development\MERN\portal\node_modules\mysql\lib\protocol\Protocol.js:291:23)
    at Parser._parsePacket (F:\IT\Web Development\MERN\portal\node_modules\mysql\lib\protocol\Parser.js:433:10)
    at Parser.write (F:\IT\Web Development\MERN\portal\node_modules\mysql\lib\protocol\Parser.js:43:10)
    at Protocol.write (F:\IT\Web Development\MERN\portal\node_modules\mysql\lib\protocol\Protocol.js:38:16)
    at Socket.<anonymous> (F:\IT\Web Development\MERN\portal\node_modules\mysql\lib\Connection.js:88:28)
    at Socket.<anonymous> (F:\IT\Web Development\MERN\portal\node_modules\mysql\lib\Connection.js:526:10)
    at Socket.emit (node:events:527:28)
    at addChunk (node:internal/streams/readable:324:12)
2023-10-20T11:43:26.287Z [uncaughtException] info: TypeError: Cannot read properties of undefined (reading 'today')
    at issueTickets (F:\IT\Web Development\MERN\portal\Routes\Services\AutoTickets.js:121:61)
    at issueTickets (F:\IT\Web Development\MERN\portal\Routes\Services\AutoTickets.js:197:33)
    at Query.<anonymous> (F:\IT\Web Development\MERN\portal\Routes\Services\AutoTickets.js:200:25)
    at Query.<anonymous> (F:\IT\Web Development\MERN\portal\node_modules\mysql\lib\Connection.js:526:10)
    at Query._callback (F:\IT\Web Development\MERN\portal\node_modules\mysql\lib\Connection.js:488:16)
    at Query.Sequence.end (F:\IT\Web Development\MERN\portal\node_modules\mysql\lib\protocol\sequences\Sequence.js:83:24)
    at Query._handleFinalResultPacket (F:\IT\Web Development\MERN\portal\node_modules\mysql\lib\protocol\sequences\Query.js:149:8)
    at Query.EofPacket (F:\IT\Web Development\MERN\portal\node_modules\mysql\lib\protocol\sequences\Query.js:133:8)
    at Protocol._parsePacket (F:\IT\Web Development\MERN\portal\node_modules\mysql\lib\protocol\Protocol.js:291:23)
    at Parser._parsePacket (F:\IT\Web Development\MERN\portal\node_modules\mysql\lib\protocol\Parser.js:433:10)
    at Parser.write (F:\IT\Web Development\MERN\portal\node_modules\mysql\lib\protocol\Parser.js:43:10)
    at Protocol.write (F:\IT\Web Development\MERN\portal\node_modules\mysql\lib\protocol\Protocol.js:38:16)
    at Socket.<anonymous> (F:\IT\Web Development\MERN\portal\node_modules\mysql\lib\Connection.js:88:28)
    at Socket.<anonymous> (F:\IT\Web Development\MERN\portal\node_modules\mysql\lib\Connection.js:526:10)
    at Socket.emit (node:events:527:28)
    at addChunk (node:internal/streams/readable:324:12)
2023-10-20T11:44:25.239Z [uncaughtException] info: TypeError: Cannot read properties of undefined (reading 'submit_date')
    at issueTickets (F:\IT\Web Development\MERN\portal\Routes\Services\AutoTickets.js:120:99)
    at issueTickets (F:\IT\Web Development\MERN\portal\Routes\Services\AutoTickets.js:196:33)
    at Query.<anonymous> (F:\IT\Web Development\MERN\portal\Routes\Services\AutoTickets.js:199:25)
    at Query.<anonymous> (F:\IT\Web Development\MERN\portal\node_modules\mysql\lib\Connection.js:526:10)
    at Query._callback (F:\IT\Web Development\MERN\portal\node_modules\mysql\lib\Connection.js:488:16)
    at Query.Sequence.end (F:\IT\Web Development\MERN\portal\node_modules\mysql\lib\protocol\sequences\Sequence.js:83:24)
    at Query._handleFinalResultPacket (F:\IT\Web Development\MERN\portal\node_modules\mysql\lib\protocol\sequences\Query.js:149:8)
    at Query.EofPacket (F:\IT\Web Development\MERN\portal\node_modules\mysql\lib\protocol\sequences\Query.js:133:8)
    at Protocol._parsePacket (F:\IT\Web Development\MERN\portal\node_modules\mysql\lib\protocol\Protocol.js:291:23)
    at Parser._parsePacket (F:\IT\Web Development\MERN\portal\node_modules\mysql\lib\protocol\Parser.js:433:10)
    at Parser.write (F:\IT\Web Development\MERN\portal\node_modules\mysql\lib\protocol\Parser.js:43:10)
    at Protocol.write (F:\IT\Web Development\MERN\portal\node_modules\mysql\lib\protocol\Protocol.js:38:16)
    at Socket.<anonymous> (F:\IT\Web Development\MERN\portal\node_modules\mysql\lib\Connection.js:88:28)
    at Socket.<anonymous> (F:\IT\Web Development\MERN\portal\node_modules\mysql\lib\Connection.js:526:10)
    at Socket.emit (node:events:527:28)
    at addChunk (node:internal/streams/readable:324:12)
2023-10-20T11:44:41.380Z [uncaughtException] info: TypeError: Cannot read properties of undefined (reading 'submit_time')
    at issueTickets (F:\IT\Web Development\MERN\portal\Routes\Services\AutoTickets.js:123:77)
    at issueTickets (F:\IT\Web Development\MERN\portal\Routes\Services\AutoTickets.js:196:33)
    at Query.<anonymous> (F:\IT\Web Development\MERN\portal\Routes\Services\AutoTickets.js:199:25)
    at Query.<anonymous> (F:\IT\Web Development\MERN\portal\node_modules\mysql\lib\Connection.js:526:10)
    at Query._callback (F:\IT\Web Development\MERN\portal\node_modules\mysql\lib\Connection.js:488:16)
    at Query.Sequence.end (F:\IT\Web Development\MERN\portal\node_modules\mysql\lib\protocol\sequences\Sequence.js:83:24)
    at Query._handleFinalResultPacket (F:\IT\Web Development\MERN\portal\node_modules\mysql\lib\protocol\sequences\Query.js:149:8)
    at Query.EofPacket (F:\IT\Web Development\MERN\portal\node_modules\mysql\lib\protocol\sequences\Query.js:133:8)
    at Protocol._parsePacket (F:\IT\Web Development\MERN\portal\node_modules\mysql\lib\protocol\Protocol.js:291:23)
    at Parser._parsePacket (F:\IT\Web Development\MERN\portal\node_modules\mysql\lib\protocol\Parser.js:433:10)
    at Parser.write (F:\IT\Web Development\MERN\portal\node_modules\mysql\lib\protocol\Parser.js:43:10)
    at Protocol.write (F:\IT\Web Development\MERN\portal\node_modules\mysql\lib\protocol\Protocol.js:38:16)
    at Socket.<anonymous> (F:\IT\Web Development\MERN\portal\node_modules\mysql\lib\Connection.js:88:28)
    at Socket.<anonymous> (F:\IT\Web Development\MERN\portal\node_modules\mysql\lib\Connection.js:526:10)
    at Socket.emit (node:events:527:28)
    at addChunk (node:internal/streams/readable:324:12)
2023-10-20T11:44:49.657Z [uncaughtException] info: RangeError: Maximum call stack size exceeded
    at issueTickets (F:\IT\Web Development\MERN\portal\Routes\Services\AutoTickets.js:125:57)
    at issueTickets (F:\IT\Web Development\MERN\portal\Routes\Services\AutoTickets.js:196:33)
    at issueTickets (F:\IT\Web Development\MERN\portal\Routes\Services\AutoTickets.js:196:33)
    at issueTickets (F:\IT\Web Development\MERN\portal\Routes\Services\AutoTickets.js:196:33)
    at issueTickets (F:\IT\Web Development\MERN\portal\Routes\Services\AutoTickets.js:196:33)
    at issueTickets (F:\IT\Web Development\MERN\portal\Routes\Services\AutoTickets.js:196:33)
    at issueTickets (F:\IT\Web Development\MERN\portal\Routes\Services\AutoTickets.js:196:33)
    at issueTickets (F:\IT\Web Development\MERN\portal\Routes\Services\AutoTickets.js:196:33)
    at issueTickets (F:\IT\Web Development\MERN\portal\Routes\Services\AutoTickets.js:196:33)
    at issueTickets (F:\IT\Web Development\MERN\portal\Routes\Services\AutoTickets.js:196:33)
    at issueTickets (F:\IT\Web Development\MERN\portal\Routes\Services\AutoTickets.js:196:33)
    at issueTickets (F:\IT\Web Development\MERN\portal\Routes\Services\AutoTickets.js:196:33)
    at issueTickets (F:\IT\Web Development\MERN\portal\Routes\Services\AutoTickets.js:196:33)
    at issueTickets (F:\IT\Web Development\MERN\portal\Routes\Services\AutoTickets.js:196:33)
    at issueTickets (F:\IT\Web Development\MERN\portal\Routes\Services\AutoTickets.js:196:33)
    at issueTickets (F:\IT\Web Development\MERN\portal\Routes\Services\AutoTickets.js:196:33)
2023-10-20T11:55:30.601Z [uncaughtException] info: TypeError: Cannot read properties of undefined (reading 'today')
    at issueTickets (F:\IT\Web Development\MERN\portal\Routes\Services\AutoTickets.js:120:61)
    at issueTickets (F:\IT\Web Development\MERN\portal\Routes\Services\AutoTickets.js:196:33)
    at Query.<anonymous> (F:\IT\Web Development\MERN\portal\Routes\Services\AutoTickets.js:199:25)
    at Query.<anonymous> (F:\IT\Web Development\MERN\portal\node_modules\mysql\lib\Connection.js:526:10)
    at Query._callback (F:\IT\Web Development\MERN\portal\node_modules\mysql\lib\Connection.js:488:16)
    at Query.Sequence.end (F:\IT\Web Development\MERN\portal\node_modules\mysql\lib\protocol\sequences\Sequence.js:83:24)
    at Query._handleFinalResultPacket (F:\IT\Web Development\MERN\portal\node_modules\mysql\lib\protocol\sequences\Query.js:149:8)
    at Query.EofPacket (F:\IT\Web Development\MERN\portal\node_modules\mysql\lib\protocol\sequences\Query.js:133:8)
    at Protocol._parsePacket (F:\IT\Web Development\MERN\portal\node_modules\mysql\lib\protocol\Protocol.js:291:23)
    at Parser._parsePacket (F:\IT\Web Development\MERN\portal\node_modules\mysql\lib\protocol\Parser.js:433:10)
    at Parser.write (F:\IT\Web Development\MERN\portal\node_modules\mysql\lib\protocol\Parser.js:43:10)
    at Protocol.write (F:\IT\Web Development\MERN\portal\node_modules\mysql\lib\protocol\Protocol.js:38:16)
    at Socket.<anonymous> (F:\IT\Web Development\MERN\portal\node_modules\mysql\lib\Connection.js:88:28)
    at Socket.<anonymous> (F:\IT\Web Development\MERN\portal\node_modules\mysql\lib\Connection.js:526:10)
    at Socket.emit (node:events:527:28)
    at addChunk (node:internal/streams/readable:324:12)
2023-10-20T11:55:35.757Z [uncaughtException] info: TypeError: Cannot read properties of undefined (reading 'today')
    at issueTickets (F:\IT\Web Development\MERN\portal\Routes\Services\AutoTickets.js:120:61)
    at issueTickets (F:\IT\Web Development\MERN\portal\Routes\Services\AutoTickets.js:196:33)
    at Query.<anonymous> (F:\IT\Web Development\MERN\portal\Routes\Services\AutoTickets.js:199:25)
    at Query.<anonymous> (F:\IT\Web Development\MERN\portal\node_modules\mysql\lib\Connection.js:526:10)
    at Query._callback (F:\IT\Web Development\MERN\portal\node_modules\mysql\lib\Connection.js:488:16)
    at Query.Sequence.end (F:\IT\Web Development\MERN\portal\node_modules\mysql\lib\protocol\sequences\Sequence.js:83:24)
    at Query._handleFinalResultPacket (F:\IT\Web Development\MERN\portal\node_modules\mysql\lib\protocol\sequences\Query.js:149:8)
    at Query.EofPacket (F:\IT\Web Development\MERN\portal\node_modules\mysql\lib\protocol\sequences\Query.js:133:8)
    at Protocol._parsePacket (F:\IT\Web Development\MERN\portal\node_modules\mysql\lib\protocol\Protocol.js:291:23)
    at Parser._parsePacket (F:\IT\Web Development\MERN\portal\node_modules\mysql\lib\protocol\Parser.js:433:10)
    at Parser.write (F:\IT\Web Development\MERN\portal\node_modules\mysql\lib\protocol\Parser.js:43:10)
    at Protocol.write (F:\IT\Web Development\MERN\portal\node_modules\mysql\lib\protocol\Protocol.js:38:16)
    at Socket.<anonymous> (F:\IT\Web Development\MERN\portal\node_modules\mysql\lib\Connection.js:88:28)
    at Socket.<anonymous> (F:\IT\Web Development\MERN\portal\node_modules\mysql\lib\Connection.js:526:10)
    at Socket.emit (node:events:527:28)
    at addChunk (node:internal/streams/readable:324:12)
2023-10-20T11:57:07.494Z [unhandledRejection] error: Error: Evaluation failed: TypeError: Cannot read properties of undefined (reading 'WidFactory')
    at __puppeteer_evaluation_script__:2:42
    at ExecutionContext._evaluateInternal (F:\IT\Web Development\MERN\portal\node_modules\puppeteer\lib\cjs\puppeteer\common\ExecutionContext.js:221:19)
    at processTicksAndRejections (node:internal/process/task_queues:96:5)
    at async ExecutionContext.evaluate (F:\IT\Web Development\MERN\portal\node_modules\puppeteer\lib\cjs\puppeteer\common\ExecutionContext.js:110:16)
    at async Client.sendMessage (F:\IT\Web Development\MERN\portal\node_modules\whatsapp-web.js\src\Client.js:870:28)
2023-10-20T11:57:07.496Z [unhandledRejection] error: Error: Evaluation failed: TypeError: Cannot read properties of undefined (reading 'WidFactory')
    at __puppeteer_evaluation_script__:2:42
    at ExecutionContext._evaluateInternal (F:\IT\Web Development\MERN\portal\node_modules\puppeteer\lib\cjs\puppeteer\common\ExecutionContext.js:221:19)
    at processTicksAndRejections (node:internal/process/task_queues:96:5)
    at async ExecutionContext.evaluate (F:\IT\Web Development\MERN\portal\node_modules\puppeteer\lib\cjs\puppeteer\common\ExecutionContext.js:110:16)
    at async Client.sendMessage (F:\IT\Web Development\MERN\portal\node_modules\whatsapp-web.js\src\Client.js:870:28)
2023-10-20T11:57:42.073Z [uncaughtException] info: TypeError: Cannot read properties of undefined (reading 'today')
    at issueTickets (F:\IT\Web Development\MERN\portal\Routes\Services\AutoTickets.js:120:88)
    at issueTickets (F:\IT\Web Development\MERN\portal\Routes\Services\AutoTickets.js:197:33)
    at Query.<anonymous> (F:\IT\Web Development\MERN\portal\Routes\Services\AutoTickets.js:200:25)
    at Query.<anonymous> (F:\IT\Web Development\MERN\portal\node_modules\mysql\lib\Connection.js:526:10)
    at Query._callback (F:\IT\Web Development\MERN\portal\node_modules\mysql\lib\Connection.js:488:16)
    at Query.Sequence.end (F:\IT\Web Development\MERN\portal\node_modules\mysql\lib\protocol\sequences\Sequence.js:83:24)
    at Query._handleFinalResultPacket (F:\IT\Web Development\MERN\portal\node_modules\mysql\lib\protocol\sequences\Query.js:149:8)
    at Query.EofPacket (F:\IT\Web Development\MERN\portal\node_modules\mysql\lib\protocol\sequences\Query.js:133:8)
    at Protocol._parsePacket (F:\IT\Web Development\MERN\portal\node_modules\mysql\lib\protocol\Protocol.js:291:23)
    at Parser._parsePacket (F:\IT\Web Development\MERN\portal\node_modules\mysql\lib\protocol\Parser.js:433:10)
    at Parser.write (F:\IT\Web Development\MERN\portal\node_modules\mysql\lib\protocol\Parser.js:43:10)
    at Protocol.write (F:\IT\Web Development\MERN\portal\node_modules\mysql\lib\protocol\Protocol.js:38:16)
    at Socket.<anonymous> (F:\IT\Web Development\MERN\portal\node_modules\mysql\lib\Connection.js:88:28)
    at Socket.<anonymous> (F:\IT\Web Development\MERN\portal\node_modules\mysql\lib\Connection.js:526:10)
    at Socket.emit (node:events:527:28)
    at addChunk (node:internal/streams/readable:324:12)
2023-10-20T11:58:29.575Z [uncaughtException] info: TypeError: Cannot read properties of undefined (reading 'today')
    at issueTickets (F:\IT\Web Development\MERN\portal\Routes\Services\AutoTickets.js:120:61)
    at issueTickets (F:\IT\Web Development\MERN\portal\Routes\Services\AutoTickets.js:196:33)
    at Query.<anonymous> (F:\IT\Web Development\MERN\portal\Routes\Services\AutoTickets.js:199:25)
    at Query.<anonymous> (F:\IT\Web Development\MERN\portal\node_modules\mysql\lib\Connection.js:526:10)
    at Query._callback (F:\IT\Web Development\MERN\portal\node_modules\mysql\lib\Connection.js:488:16)
    at Query.Sequence.end (F:\IT\Web Development\MERN\portal\node_modules\mysql\lib\protocol\sequences\Sequence.js:83:24)
    at Query._handleFinalResultPacket (F:\IT\Web Development\MERN\portal\node_modules\mysql\lib\protocol\sequences\Query.js:149:8)
    at Query.EofPacket (F:\IT\Web Development\MERN\portal\node_modules\mysql\lib\protocol\sequences\Query.js:133:8)
    at Protocol._parsePacket (F:\IT\Web Development\MERN\portal\node_modules\mysql\lib\protocol\Protocol.js:291:23)
    at Parser._parsePacket (F:\IT\Web Development\MERN\portal\node_modules\mysql\lib\protocol\Parser.js:433:10)
    at Parser.write (F:\IT\Web Development\MERN\portal\node_modules\mysql\lib\protocol\Parser.js:43:10)
    at Protocol.write (F:\IT\Web Development\MERN\portal\node_modules\mysql\lib\protocol\Protocol.js:38:16)
    at Socket.<anonymous> (F:\IT\Web Development\MERN\portal\node_modules\mysql\lib\Connection.js:88:28)
    at Socket.<anonymous> (F:\IT\Web Development\MERN\portal\node_modules\mysql\lib\Connection.js:526:10)
    at Socket.emit (node:events:527:28)
    at addChunk (node:internal/streams/readable:324:12)
2023-10-20T12:29:32.572Z [uncaughtException] info: TypeError: Cannot read properties of undefined (reading 'today')
    at issueTickets (F:\IT\Web Development\MERN\portal\Routes\Services\AutoTickets.js:120:61)
    at issueTickets (F:\IT\Web Development\MERN\portal\Routes\Services\AutoTickets.js:196:33)
    at Query.<anonymous> (F:\IT\Web Development\MERN\portal\Routes\Services\AutoTickets.js:199:25)
    at Query.<anonymous> (F:\IT\Web Development\MERN\portal\node_modules\mysql\lib\Connection.js:526:10)
    at Query._callback (F:\IT\Web Development\MERN\portal\node_modules\mysql\lib\Connection.js:488:16)
    at Query.Sequence.end (F:\IT\Web Development\MERN\portal\node_modules\mysql\lib\protocol\sequences\Sequence.js:83:24)
    at Query._handleFinalResultPacket (F:\IT\Web Development\MERN\portal\node_modules\mysql\lib\protocol\sequences\Query.js:149:8)
    at Query.EofPacket (F:\IT\Web Development\MERN\portal\node_modules\mysql\lib\protocol\sequences\Query.js:133:8)
    at Protocol._parsePacket (F:\IT\Web Development\MERN\portal\node_modules\mysql\lib\protocol\Protocol.js:291:23)
    at Parser._parsePacket (F:\IT\Web Development\MERN\portal\node_modules\mysql\lib\protocol\Parser.js:433:10)
    at Parser.write (F:\IT\Web Development\MERN\portal\node_modules\mysql\lib\protocol\Parser.js:43:10)
    at Protocol.write (F:\IT\Web Development\MERN\portal\node_modules\mysql\lib\protocol\Protocol.js:38:16)
    at Socket.<anonymous> (F:\IT\Web Development\MERN\portal\node_modules\mysql\lib\Connection.js:88:28)
    at Socket.<anonymous> (F:\IT\Web Development\MERN\portal\node_modules\mysql\lib\Connection.js:526:10)
    at Socket.emit (node:events:527:28)
    at addChunk (node:internal/streams/readable:324:12)
2023-10-20T12:29:54.681Z [uncaughtException] info: TypeError: Cannot read properties of undefined (reading 'today')
    at issueTickets (F:\IT\Web Development\MERN\portal\Routes\Services\AutoTickets.js:120:61)
    at issueTickets (F:\IT\Web Development\MERN\portal\Routes\Services\AutoTickets.js:196:33)
    at Query.<anonymous> (F:\IT\Web Development\MERN\portal\Routes\Services\AutoTickets.js:199:25)
    at Query.<anonymous> (F:\IT\Web Development\MERN\portal\node_modules\mysql\lib\Connection.js:526:10)
    at Query._callback (F:\IT\Web Development\MERN\portal\node_modules\mysql\lib\Connection.js:488:16)
    at Query.Sequence.end (F:\IT\Web Development\MERN\portal\node_modules\mysql\lib\protocol\sequences\Sequence.js:83:24)
    at Query._handleFinalResultPacket (F:\IT\Web Development\MERN\portal\node_modules\mysql\lib\protocol\sequences\Query.js:149:8)
    at Query.EofPacket (F:\IT\Web Development\MERN\portal\node_modules\mysql\lib\protocol\sequences\Query.js:133:8)
    at Protocol._parsePacket (F:\IT\Web Development\MERN\portal\node_modules\mysql\lib\protocol\Protocol.js:291:23)
    at Parser._parsePacket (F:\IT\Web Development\MERN\portal\node_modules\mysql\lib\protocol\Parser.js:433:10)
    at Parser.write (F:\IT\Web Development\MERN\portal\node_modules\mysql\lib\protocol\Parser.js:43:10)
    at Protocol.write (F:\IT\Web Development\MERN\portal\node_modules\mysql\lib\protocol\Protocol.js:38:16)
    at Socket.<anonymous> (F:\IT\Web Development\MERN\portal\node_modules\mysql\lib\Connection.js:88:28)
    at Socket.<anonymous> (F:\IT\Web Development\MERN\portal\node_modules\mysql\lib\Connection.js:526:10)
    at Socket.emit (node:events:527:28)
    at addChunk (node:internal/streams/readable:324:12)
2023-10-20T12:30:22.810Z [uncaughtException] info: TypeError: Cannot read properties of undefined (reading 'today')
    at issueTickets (F:\IT\Web Development\MERN\portal\Routes\Services\AutoTickets.js:120:61)
    at issueTickets (F:\IT\Web Development\MERN\portal\Routes\Services\AutoTickets.js:196:33)
    at Query.<anonymous> (F:\IT\Web Development\MERN\portal\Routes\Services\AutoTickets.js:199:25)
    at Query.<anonymous> (F:\IT\Web Development\MERN\portal\node_modules\mysql\lib\Connection.js:526:10)
    at Query._callback (F:\IT\Web Development\MERN\portal\node_modules\mysql\lib\Connection.js:488:16)
    at Query.Sequence.end (F:\IT\Web Development\MERN\portal\node_modules\mysql\lib\protocol\sequences\Sequence.js:83:24)
    at Query._handleFinalResultPacket (F:\IT\Web Development\MERN\portal\node_modules\mysql\lib\protocol\sequences\Query.js:149:8)
    at Query.EofPacket (F:\IT\Web Development\MERN\portal\node_modules\mysql\lib\protocol\sequences\Query.js:133:8)
    at Protocol._parsePacket (F:\IT\Web Development\MERN\portal\node_modules\mysql\lib\protocol\Protocol.js:291:23)
    at Parser._parsePacket (F:\IT\Web Development\MERN\portal\node_modules\mysql\lib\protocol\Parser.js:433:10)
    at Parser.write (F:\IT\Web Development\MERN\portal\node_modules\mysql\lib\protocol\Parser.js:43:10)
    at Protocol.write (F:\IT\Web Development\MERN\portal\node_modules\mysql\lib\protocol\Protocol.js:38:16)
    at Socket.<anonymous> (F:\IT\Web Development\MERN\portal\node_modules\mysql\lib\Connection.js:88:28)
    at Socket.<anonymous> (F:\IT\Web Development\MERN\portal\node_modules\mysql\lib\Connection.js:526:10)
    at Socket.emit (node:events:527:28)
    at addChunk (node:internal/streams/readable:324:12)
2023-10-20T12:31:49.915Z [uncaughtException] info: TypeError: Cannot read properties of undefined (reading 'today')
    at issueTickets (F:\IT\Web Development\MERN\portal\Routes\Services\AutoTickets.js:121:61)
    at issueTickets (F:\IT\Web Development\MERN\portal\Routes\Services\AutoTickets.js:197:33)
    at Query.<anonymous> (F:\IT\Web Development\MERN\portal\Routes\Services\AutoTickets.js:200:25)
    at Query.<anonymous> (F:\IT\Web Development\MERN\portal\node_modules\mysql\lib\Connection.js:526:10)
    at Query._callback (F:\IT\Web Development\MERN\portal\node_modules\mysql\lib\Connection.js:488:16)
    at Query.Sequence.end (F:\IT\Web Development\MERN\portal\node_modules\mysql\lib\protocol\sequences\Sequence.js:83:24)
    at Query._handleFinalResultPacket (F:\IT\Web Development\MERN\portal\node_modules\mysql\lib\protocol\sequences\Query.js:149:8)
    at Query.EofPacket (F:\IT\Web Development\MERN\portal\node_modules\mysql\lib\protocol\sequences\Query.js:133:8)
    at Protocol._parsePacket (F:\IT\Web Development\MERN\portal\node_modules\mysql\lib\protocol\Protocol.js:291:23)
    at Parser._parsePacket (F:\IT\Web Development\MERN\portal\node_modules\mysql\lib\protocol\Parser.js:433:10)
    at Parser.write (F:\IT\Web Development\MERN\portal\node_modules\mysql\lib\protocol\Parser.js:43:10)
    at Protocol.write (F:\IT\Web Development\MERN\portal\node_modules\mysql\lib\protocol\Protocol.js:38:16)
    at Socket.<anonymous> (F:\IT\Web Development\MERN\portal\node_modules\mysql\lib\Connection.js:88:28)
    at Socket.<anonymous> (F:\IT\Web Development\MERN\portal\node_modules\mysql\lib\Connection.js:526:10)
    at Socket.emit (node:events:527:28)
    at addChunk (node:internal/streams/readable:324:12)
2023-10-20T11:35:44.204Z [unhandledRejection] error: Error: Evaluation failed: TypeError: Cannot read properties of undefined (reading 'WidFactory')
    at __puppeteer_evaluation_script__:2:42
    at ExecutionContext._evaluateInternal (F:\IT\Web Development\MERN\portal\node_modules\puppeteer\lib\cjs\puppeteer\common\ExecutionContext.js:221:19)
    at processTicksAndRejections (node:internal/process/task_queues:96:5)
    at async ExecutionContext.evaluate (F:\IT\Web Development\MERN\portal\node_modules\puppeteer\lib\cjs\puppeteer\common\ExecutionContext.js:110:16)
    at async Client.sendMessage (F:\IT\Web Development\MERN\portal\node_modules\whatsapp-web.js\src\Client.js:870:28)
2023-10-20T11:35:44.216Z [unhandledRejection] error: Error: Evaluation failed: TypeError: Cannot read properties of undefined (reading 'WidFactory')
    at __puppeteer_evaluation_script__:2:42
    at ExecutionContext._evaluateInternal (F:\IT\Web Development\MERN\portal\node_modules\puppeteer\lib\cjs\puppeteer\common\ExecutionContext.js:221:19)
    at processTicksAndRejections (node:internal/process/task_queues:96:5)
    at async ExecutionContext.evaluate (F:\IT\Web Development\MERN\portal\node_modules\puppeteer\lib\cjs\puppeteer\common\ExecutionContext.js:110:16)
    at async Client.sendMessage (F:\IT\Web Development\MERN\portal\node_modules\whatsapp-web.js\src\Client.js:870:28)
2023-10-20T11:35:44.218Z [unhandledRejection] error: Error: Evaluation failed: TypeError: Cannot read properties of undefined (reading 'WidFactory')
    at __puppeteer_evaluation_script__:2:42
    at ExecutionContext._evaluateInternal (F:\IT\Web Development\MERN\portal\node_modules\puppeteer\lib\cjs\puppeteer\common\ExecutionContext.js:221:19)
    at processTicksAndRejections (node:internal/process/task_queues:96:5)
    at async ExecutionContext.evaluate (F:\IT\Web Development\MERN\portal\node_modules\puppeteer\lib\cjs\puppeteer\common\ExecutionContext.js:110:16)
    at async Client.sendMessage (F:\IT\Web Development\MERN\portal\node_modules\whatsapp-web.js\src\Client.js:870:28)
2023-10-20T12:36:21.697Z [uncaughtException] info: TypeError: Cannot read properties of undefined (reading 'today')
    at issueTickets (F:\IT\Web Development\MERN\portal\Routes\Services\AutoTickets.js:121:61)
    at issueTickets (F:\IT\Web Development\MERN\portal\Routes\Services\AutoTickets.js:197:33)
    at issueTickets (F:\IT\Web Development\MERN\portal\Routes\Services\AutoTickets.js:197:33)
    at Query.<anonymous> (F:\IT\Web Development\MERN\portal\Routes\Services\AutoTickets.js:200:25)
    at Query.<anonymous> (F:\IT\Web Development\MERN\portal\node_modules\mysql\lib\Connection.js:526:10)
    at Query._callback (F:\IT\Web Development\MERN\portal\node_modules\mysql\lib\Connection.js:488:16)
    at Query.Sequence.end (F:\IT\Web Development\MERN\portal\node_modules\mysql\lib\protocol\sequences\Sequence.js:83:24)
    at Query._handleFinalResultPacket (F:\IT\Web Development\MERN\portal\node_modules\mysql\lib\protocol\sequences\Query.js:149:8)
    at Query.EofPacket (F:\IT\Web Development\MERN\portal\node_modules\mysql\lib\protocol\sequences\Query.js:133:8)
    at Protocol._parsePacket (F:\IT\Web Development\MERN\portal\node_modules\mysql\lib\protocol\Protocol.js:291:23)
    at Parser._parsePacket (F:\IT\Web Development\MERN\portal\node_modules\mysql\lib\protocol\Parser.js:433:10)
    at Parser.write (F:\IT\Web Development\MERN\portal\node_modules\mysql\lib\protocol\Parser.js:43:10)
    at Protocol.write (F:\IT\Web Development\MERN\portal\node_modules\mysql\lib\protocol\Protocol.js:38:16)
    at Socket.<anonymous> (F:\IT\Web Development\MERN\portal\node_modules\mysql\lib\Connection.js:88:28)
    at Socket.<anonymous> (F:\IT\Web Development\MERN\portal\node_modules\mysql\lib\Connection.js:526:10)
    at Socket.emit (node:events:527:28)
2023-10-20T12:37:35.292Z [uncaughtException] info: TypeError: Cannot read properties of undefined (reading 'today')
    at issueTickets (F:\IT\Web Development\MERN\portal\Routes\Services\AutoTickets.js:121:61)
    at issueTickets (F:\IT\Web Development\MERN\portal\Routes\Services\AutoTickets.js:197:33)
    at Query.<anonymous> (F:\IT\Web Development\MERN\portal\Routes\Services\AutoTickets.js:186:61)
    at Query.<anonymous> (F:\IT\Web Development\MERN\portal\node_modules\mysql\lib\Connection.js:526:10)
    at Query._callback (F:\IT\Web Development\MERN\portal\node_modules\mysql\lib\Connection.js:488:16)
    at Query.Sequence.end (F:\IT\Web Development\MERN\portal\node_modules\mysql\lib\protocol\sequences\Sequence.js:83:24)
    at Query._handleFinalResultPacket (F:\IT\Web Development\MERN\portal\node_modules\mysql\lib\protocol\sequences\Query.js:149:8)
    at Query.EofPacket (F:\IT\Web Development\MERN\portal\node_modules\mysql\lib\protocol\sequences\Query.js:133:8)
    at Protocol._parsePacket (F:\IT\Web Development\MERN\portal\node_modules\mysql\lib\protocol\Protocol.js:291:23)
    at Parser._parsePacket (F:\IT\Web Development\MERN\portal\node_modules\mysql\lib\protocol\Parser.js:433:10)
    at Parser.write (F:\IT\Web Development\MERN\portal\node_modules\mysql\lib\protocol\Parser.js:43:10)
    at Protocol.write (F:\IT\Web Development\MERN\portal\node_modules\mysql\lib\protocol\Protocol.js:38:16)
    at Socket.<anonymous> (F:\IT\Web Development\MERN\portal\node_modules\mysql\lib\Connection.js:88:28)
    at Socket.<anonymous> (F:\IT\Web Development\MERN\portal\node_modules\mysql\lib\Connection.js:526:10)
    at Socket.emit (node:events:527:28)
    at addChunk (node:internal/streams/readable:324:12)
2023-10-20T12:37:35.466Z [unhandledRejection] error: Error: Evaluation failed: TypeError: Cannot read properties of undefined (reading 'WidFactory')
    at __puppeteer_evaluation_script__:2:42
    at ExecutionContext._evaluateInternal (F:\IT\Web Development\MERN\portal\node_modules\puppeteer\lib\cjs\puppeteer\common\ExecutionContext.js:221:19)
    at processTicksAndRejections (node:internal/process/task_queues:96:5)
    at async ExecutionContext.evaluate (F:\IT\Web Development\MERN\portal\node_modules\puppeteer\lib\cjs\puppeteer\common\ExecutionContext.js:110:16)
    at async Client.sendMessage (F:\IT\Web Development\MERN\portal\node_modules\whatsapp-web.js\src\Client.js:870:28)
2023-10-20T12:37:35.471Z [unhandledRejection] error: Error: Evaluation failed: TypeError: Cannot read properties of undefined (reading 'WidFactory')
    at __puppeteer_evaluation_script__:2:42
    at ExecutionContext._evaluateInternal (F:\IT\Web Development\MERN\portal\node_modules\puppeteer\lib\cjs\puppeteer\common\ExecutionContext.js:221:19)
    at processTicksAndRejections (node:internal/process/task_queues:96:5)
    at async ExecutionContext.evaluate (F:\IT\Web Development\MERN\portal\node_modules\puppeteer\lib\cjs\puppeteer\common\ExecutionContext.js:110:16)
    at async Client.sendMessage (F:\IT\Web Development\MERN\portal\node_modules\whatsapp-web.js\src\Client.js:870:28)
2023-10-20T12:42:33.855Z [uncaughtException] info: TypeError: Cannot read properties of undefined (reading 'id')
    at issueTickets (F:\IT\Web Development\MERN\portal\Routes\Services\AutoTickets.js:121:81)
    at issueTickets (F:\IT\Web Development\MERN\portal\Routes\Services\AutoTickets.js:199:33)
    at Query.<anonymous> (F:\IT\Web Development\MERN\portal\Routes\Services\AutoTickets.js:188:61)
    at Query.<anonymous> (F:\IT\Web Development\MERN\portal\node_modules\mysql\lib\Connection.js:526:10)
    at Query._callback (F:\IT\Web Development\MERN\portal\node_modules\mysql\lib\Connection.js:488:16)
    at Query.Sequence.end (F:\IT\Web Development\MERN\portal\node_modules\mysql\lib\protocol\sequences\Sequence.js:83:24)
    at Query._handleFinalResultPacket (F:\IT\Web Development\MERN\portal\node_modules\mysql\lib\protocol\sequences\Query.js:149:8)
    at Query.EofPacket (F:\IT\Web Development\MERN\portal\node_modules\mysql\lib\protocol\sequences\Query.js:133:8)
    at Protocol._parsePacket (F:\IT\Web Development\MERN\portal\node_modules\mysql\lib\protocol\Protocol.js:291:23)
    at Parser._parsePacket (F:\IT\Web Development\MERN\portal\node_modules\mysql\lib\protocol\Parser.js:433:10)
    at Parser.write (F:\IT\Web Development\MERN\portal\node_modules\mysql\lib\protocol\Parser.js:43:10)
    at Protocol.write (F:\IT\Web Development\MERN\portal\node_modules\mysql\lib\protocol\Protocol.js:38:16)
    at Socket.<anonymous> (F:\IT\Web Development\MERN\portal\node_modules\mysql\lib\Connection.js:88:28)
    at Socket.<anonymous> (F:\IT\Web Development\MERN\portal\node_modules\mysql\lib\Connection.js:526:10)
    at Socket.emit (node:events:527:28)
    at addChunk (node:internal/streams/readable:324:12)
2023-10-20T12:42:34.162Z [unhandledRejection] error: Error: Evaluation failed: TypeError: Cannot read properties of undefined (reading 'WidFactory')
    at __puppeteer_evaluation_script__:2:42
    at ExecutionContext._evaluateInternal (F:\IT\Web Development\MERN\portal\node_modules\puppeteer\lib\cjs\puppeteer\common\ExecutionContext.js:221:19)
    at processTicksAndRejections (node:internal/process/task_queues:96:5)
    at async ExecutionContext.evaluate (F:\IT\Web Development\MERN\portal\node_modules\puppeteer\lib\cjs\puppeteer\common\ExecutionContext.js:110:16)
    at async Client.sendMessage (F:\IT\Web Development\MERN\portal\node_modules\whatsapp-web.js\src\Client.js:870:28)
2023-10-20T12:42:34.171Z [unhandledRejection] error: Error: Evaluation failed: TypeError: Cannot read properties of undefined (reading 'WidFactory')
    at __puppeteer_evaluation_script__:2:42
    at ExecutionContext._evaluateInternal (F:\IT\Web Development\MERN\portal\node_modules\puppeteer\lib\cjs\puppeteer\common\ExecutionContext.js:221:19)
    at processTicksAndRejections (node:internal/process/task_queues:96:5)
    at async ExecutionContext.evaluate (F:\IT\Web Development\MERN\portal\node_modules\puppeteer\lib\cjs\puppeteer\common\ExecutionContext.js:110:16)
    at async Client.sendMessage (F:\IT\Web Development\MERN\portal\node_modules\whatsapp-web.js\src\Client.js:870:28)
2023-10-20T12:47:22.396Z [uncaughtException] info: TypeError: Cannot read properties of undefined (reading 'id')
    at issueTickets (F:\IT\Web Development\MERN\portal\Routes\Services\AutoTickets.js:122:81)
    at issueTickets (F:\IT\Web Development\MERN\portal\Routes\Services\AutoTickets.js:200:33)
    at Query.<anonymous> (F:\IT\Web Development\MERN\portal\Routes\Services\AutoTickets.js:203:25)
    at Query.<anonymous> (F:\IT\Web Development\MERN\portal\node_modules\mysql\lib\Connection.js:526:10)
    at Query._callback (F:\IT\Web Development\MERN\portal\node_modules\mysql\lib\Connection.js:488:16)
    at Query.Sequence.end (F:\IT\Web Development\MERN\portal\node_modules\mysql\lib\protocol\sequences\Sequence.js:83:24)
    at Query._handleFinalResultPacket (F:\IT\Web Development\MERN\portal\node_modules\mysql\lib\protocol\sequences\Query.js:149:8)
    at Query.EofPacket (F:\IT\Web Development\MERN\portal\node_modules\mysql\lib\protocol\sequences\Query.js:133:8)
    at Protocol._parsePacket (F:\IT\Web Development\MERN\portal\node_modules\mysql\lib\protocol\Protocol.js:291:23)
    at Parser._parsePacket (F:\IT\Web Development\MERN\portal\node_modules\mysql\lib\protocol\Parser.js:433:10)
    at Parser.write (F:\IT\Web Development\MERN\portal\node_modules\mysql\lib\protocol\Parser.js:43:10)
    at Protocol.write (F:\IT\Web Development\MERN\portal\node_modules\mysql\lib\protocol\Protocol.js:38:16)
    at Socket.<anonymous> (F:\IT\Web Development\MERN\portal\node_modules\mysql\lib\Connection.js:88:28)
    at Socket.<anonymous> (F:\IT\Web Development\MERN\portal\node_modules\mysql\lib\Connection.js:526:10)
    at Socket.emit (node:events:527:28)
    at addChunk (node:internal/streams/readable:324:12)
2023-10-20T12:48:08.180Z [uncaughtException] info: TypeError: Cannot read properties of undefined (reading 'id')
    at issueTickets (F:\IT\Web Development\MERN\portal\Routes\Services\AutoTickets.js:122:81)
    at issueTickets (F:\IT\Web Development\MERN\portal\Routes\Services\AutoTickets.js:200:33)
    at Query.<anonymous> (F:\IT\Web Development\MERN\portal\Routes\Services\AutoTickets.js:189:61)
    at Query.<anonymous> (F:\IT\Web Development\MERN\portal\node_modules\mysql\lib\Connection.js:526:10)
    at Query._callback (F:\IT\Web Development\MERN\portal\node_modules\mysql\lib\Connection.js:488:16)
    at Query.Sequence.end (F:\IT\Web Development\MERN\portal\node_modules\mysql\lib\protocol\sequences\Sequence.js:83:24)
    at Query._handleFinalResultPacket (F:\IT\Web Development\MERN\portal\node_modules\mysql\lib\protocol\sequences\Query.js:149:8)
    at Query.EofPacket (F:\IT\Web Development\MERN\portal\node_modules\mysql\lib\protocol\sequences\Query.js:133:8)
    at Protocol._parsePacket (F:\IT\Web Development\MERN\portal\node_modules\mysql\lib\protocol\Protocol.js:291:23)
    at Parser._parsePacket (F:\IT\Web Development\MERN\portal\node_modules\mysql\lib\protocol\Parser.js:433:10)
    at Parser.write (F:\IT\Web Development\MERN\portal\node_modules\mysql\lib\protocol\Parser.js:43:10)
    at Protocol.write (F:\IT\Web Development\MERN\portal\node_modules\mysql\lib\protocol\Protocol.js:38:16)
    at Socket.<anonymous> (F:\IT\Web Development\MERN\portal\node_modules\mysql\lib\Connection.js:88:28)
    at Socket.<anonymous> (F:\IT\Web Development\MERN\portal\node_modules\mysql\lib\Connection.js:526:10)
    at Socket.emit (node:events:527:28)
    at addChunk (node:internal/streams/readable:324:12)
2023-10-20T12:48:08.365Z [unhandledRejection] error: Error: Evaluation failed: TypeError: Cannot read properties of undefined (reading 'WidFactory')
    at __puppeteer_evaluation_script__:2:42
    at ExecutionContext._evaluateInternal (F:\IT\Web Development\MERN\portal\node_modules\puppeteer\lib\cjs\puppeteer\common\ExecutionContext.js:221:19)
    at processTicksAndRejections (node:internal/process/task_queues:96:5)
    at async ExecutionContext.evaluate (F:\IT\Web Development\MERN\portal\node_modules\puppeteer\lib\cjs\puppeteer\common\ExecutionContext.js:110:16)
    at async Client.sendMessage (F:\IT\Web Development\MERN\portal\node_modules\whatsapp-web.js\src\Client.js:870:28)
2023-10-20T12:48:08.367Z [unhandledRejection] error: Error: Evaluation failed: TypeError: Cannot read properties of undefined (reading 'WidFactory')
    at __puppeteer_evaluation_script__:2:42
    at ExecutionContext._evaluateInternal (F:\IT\Web Development\MERN\portal\node_modules\puppeteer\lib\cjs\puppeteer\common\ExecutionContext.js:221:19)
    at processTicksAndRejections (node:internal/process/task_queues:96:5)
    at async ExecutionContext.evaluate (F:\IT\Web Development\MERN\portal\node_modules\puppeteer\lib\cjs\puppeteer\common\ExecutionContext.js:110:16)
    at async Client.sendMessage (F:\IT\Web Development\MERN\portal\node_modules\whatsapp-web.js\src\Client.js:870:28)
